{"/Users/nicholasleong/Desktop/cs4218-2520-ecom-project-cs4218-2520-team24/config/db.js": {"path":"/Users/nicholasleong/Desktop/cs4218-2520-ecom-project-cs4218-2520-team24/config/db.js","statementMap":{"0":{"start":{"line":3,"column":18},"end":{"line":10,"column":1}},"1":{"start":{"line":4,"column":4},"end":{"line":9,"column":5}},"2":{"start":{"line":5,"column":21},"end":{"line":5,"column":66}},"3":{"start":{"line":6,"column":8},"end":{"line":6,"column":93}},"4":{"start":{"line":8,"column":8},"end":{"line":8,"column":61}}},"fnMap":{"0":{"name":"(anonymous_0)","decl":{"start":{"line":3,"column":18},"end":{"line":3,"column":19}},"loc":{"start":{"line":3,"column":30},"end":{"line":10,"column":1}},"line":3}},"branchMap":{},"s":{"0":1,"1":2,"2":2,"3":1,"4":1},"f":{"0":2},"b":{},"_coverageSchema":"1a1c01bbd47fc00a2c39e90264f33305004495a9","hash":"0d73343aeab23404f841d3eb890ef00af549f431"}
,"/Users/nicholasleong/Desktop/cs4218-2520-ecom-project-cs4218-2520-team24/controllers/authController.js": {"path":"/Users/nicholasleong/Desktop/cs4218-2520-ecom-project-cs4218-2520-team24/controllers/authController.js","statementMap":{"0":{"start":{"line":7,"column":34},"end":{"line":63,"column":1}},"1":{"start":{"line":8,"column":2},"end":{"line":62,"column":3}},"2":{"start":{"line":9,"column":62},"end":{"line":9,"column":70}},"3":{"start":{"line":11,"column":4},"end":{"line":13,"column":5}},"4":{"start":{"line":12,"column":6},"end":{"line":12,"column":53}},"5":{"start":{"line":14,"column":4},"end":{"line":16,"column":5}},"6":{"start":{"line":15,"column":6},"end":{"line":15,"column":54}},"7":{"start":{"line":17,"column":4},"end":{"line":19,"column":5}},"8":{"start":{"line":18,"column":6},"end":{"line":18,"column":57}},"9":{"start":{"line":20,"column":4},"end":{"line":22,"column":5}},"10":{"start":{"line":21,"column":6},"end":{"line":21,"column":61}},"11":{"start":{"line":23,"column":4},"end":{"line":25,"column":5}},"12":{"start":{"line":24,"column":6},"end":{"line":24,"column":56}},"13":{"start":{"line":26,"column":4},"end":{"line":28,"column":5}},"14":{"start":{"line":27,"column":6},"end":{"line":27,"column":55}},"15":{"start":{"line":30,"column":26},"end":{"line":30,"column":60}},"16":{"start":{"line":32,"column":4},"end":{"line":37,"column":5}},"17":{"start":{"line":33,"column":6},"end":{"line":36,"column":9}},"18":{"start":{"line":39,"column":27},"end":{"line":39,"column":55}},"19":{"start":{"line":41,"column":17},"end":{"line":48,"column":13}},"20":{"start":{"line":50,"column":4},"end":{"line":54,"column":7}},"21":{"start":{"line":56,"column":4},"end":{"line":56,"column":23}},"22":{"start":{"line":57,"column":4},"end":{"line":61,"column":7}},"23":{"start":{"line":66,"column":31},"end":{"line":116,"column":1}},"24":{"start":{"line":67,"column":2},"end":{"line":115,"column":3}},"25":{"start":{"line":68,"column":32},"end":{"line":68,"column":40}},"26":{"start":{"line":70,"column":4},"end":{"line":75,"column":5}},"27":{"start":{"line":71,"column":6},"end":{"line":74,"column":9}},"28":{"start":{"line":77,"column":17},"end":{"line":77,"column":51}},"29":{"start":{"line":78,"column":4},"end":{"line":83,"column":5}},"30":{"start":{"line":79,"column":6},"end":{"line":82,"column":9}},"31":{"start":{"line":84,"column":18},"end":{"line":84,"column":64}},"32":{"start":{"line":85,"column":4},"end":{"line":90,"column":5}},"33":{"start":{"line":86,"column":6},"end":{"line":89,"column":9}},"34":{"start":{"line":92,"column":18},"end":{"line":94,"column":6}},"35":{"start":{"line":95,"column":4},"end":{"line":107,"column":7}},"36":{"start":{"line":109,"column":4},"end":{"line":109,"column":23}},"37":{"start":{"line":110,"column":4},"end":{"line":114,"column":7}},"38":{"start":{"line":120,"column":40},"end":{"line":155,"column":1}},"39":{"start":{"line":121,"column":2},"end":{"line":154,"column":3}},"40":{"start":{"line":122,"column":43},"end":{"line":122,"column":51}},"41":{"start":{"line":123,"column":4},"end":{"line":125,"column":5}},"42":{"start":{"line":124,"column":6},"end":{"line":124,"column":61}},"43":{"start":{"line":126,"column":4},"end":{"line":128,"column":5}},"44":{"start":{"line":127,"column":6},"end":{"line":127,"column":62}},"45":{"start":{"line":129,"column":4},"end":{"line":131,"column":5}},"46":{"start":{"line":130,"column":6},"end":{"line":130,"column":68}},"47":{"start":{"line":133,"column":17},"end":{"line":133,"column":59}},"48":{"start":{"line":135,"column":4},"end":{"line":140,"column":5}},"49":{"start":{"line":136,"column":6},"end":{"line":139,"column":9}},"50":{"start":{"line":141,"column":19},"end":{"line":141,"column":50}},"51":{"start":{"line":142,"column":4},"end":{"line":142,"column":70}},"52":{"start":{"line":143,"column":4},"end":{"line":146,"column":7}},"53":{"start":{"line":148,"column":4},"end":{"line":148,"column":23}},"54":{"start":{"line":149,"column":4},"end":{"line":153,"column":7}},"55":{"start":{"line":158,"column":30},"end":{"line":165,"column":1}},"56":{"start":{"line":159,"column":2},"end":{"line":164,"column":3}},"57":{"start":{"line":160,"column":4},"end":{"line":160,"column":33}},"58":{"start":{"line":162,"column":4},"end":{"line":162,"column":23}},"59":{"start":{"line":163,"column":4},"end":{"line":163,"column":24}},"60":{"start":{"line":168,"column":39},"end":{"line":200,"column":1}},"61":{"start":{"line":169,"column":2},"end":{"line":199,"column":3}},"62":{"start":{"line":170,"column":54},"end":{"line":170,"column":62}},"63":{"start":{"line":171,"column":17},"end":{"line":171,"column":55}},"64":{"start":{"line":173,"column":4},"end":{"line":175,"column":5}},"65":{"start":{"line":174,"column":6},"end":{"line":174,"column":79}},"66":{"start":{"line":176,"column":27},"end":{"line":176,"column":78}},"67":{"start":{"line":177,"column":24},"end":{"line":186,"column":5}},"68":{"start":{"line":187,"column":4},"end":{"line":191,"column":7}},"69":{"start":{"line":193,"column":4},"end":{"line":193,"column":23}},"70":{"start":{"line":194,"column":4},"end":{"line":198,"column":7}},"71":{"start":{"line":203,"column":35},"end":{"line":218,"column":1}},"72":{"start":{"line":204,"column":2},"end":{"line":217,"column":3}},"73":{"start":{"line":205,"column":19},"end":{"line":208,"column":32}},"74":{"start":{"line":209,"column":4},"end":{"line":209,"column":21}},"75":{"start":{"line":211,"column":4},"end":{"line":211,"column":23}},"76":{"start":{"line":212,"column":4},"end":{"line":216,"column":7}},"77":{"start":{"line":220,"column":38},"end":{"line":236,"column":1}},"78":{"start":{"line":221,"column":2},"end":{"line":235,"column":3}},"79":{"start":{"line":222,"column":19},"end":{"line":226,"column":32}},"80":{"start":{"line":227,"column":4},"end":{"line":227,"column":21}},"81":{"start":{"line":229,"column":4},"end":{"line":229,"column":23}},"82":{"start":{"line":230,"column":4},"end":{"line":234,"column":7}},"83":{"start":{"line":239,"column":37},"end":{"line":257,"column":1}},"84":{"start":{"line":240,"column":2},"end":{"line":256,"column":3}},"85":{"start":{"line":241,"column":24},"end":{"line":241,"column":34}},"86":{"start":{"line":242,"column":23},"end":{"line":242,"column":31}},"87":{"start":{"line":243,"column":19},"end":{"line":247,"column":5}},"88":{"start":{"line":248,"column":4},"end":{"line":248,"column":21}},"89":{"start":{"line":250,"column":4},"end":{"line":250,"column":23}},"90":{"start":{"line":251,"column":4},"end":{"line":255,"column":7}}},"fnMap":{"0":{"name":"(anonymous_0)","decl":{"start":{"line":7,"column":34},"end":{"line":7,"column":35}},"loc":{"start":{"line":7,"column":54},"end":{"line":63,"column":1}},"line":7},"1":{"name":"(anonymous_1)","decl":{"start":{"line":66,"column":31},"end":{"line":66,"column":32}},"loc":{"start":{"line":66,"column":51},"end":{"line":116,"column":1}},"line":66},"2":{"name":"(anonymous_2)","decl":{"start":{"line":120,"column":40},"end":{"line":120,"column":41}},"loc":{"start":{"line":120,"column":60},"end":{"line":155,"column":1}},"line":120},"3":{"name":"(anonymous_3)","decl":{"start":{"line":158,"column":30},"end":{"line":158,"column":31}},"loc":{"start":{"line":158,"column":44},"end":{"line":165,"column":1}},"line":158},"4":{"name":"(anonymous_4)","decl":{"start":{"line":168,"column":39},"end":{"line":168,"column":40}},"loc":{"start":{"line":168,"column":59},"end":{"line":200,"column":1}},"line":168},"5":{"name":"(anonymous_5)","decl":{"start":{"line":203,"column":35},"end":{"line":203,"column":36}},"loc":{"start":{"line":203,"column":55},"end":{"line":218,"column":1}},"line":203},"6":{"name":"(anonymous_6)","decl":{"start":{"line":220,"column":38},"end":{"line":220,"column":39}},"loc":{"start":{"line":220,"column":58},"end":{"line":236,"column":1}},"line":220},"7":{"name":"(anonymous_7)","decl":{"start":{"line":239,"column":37},"end":{"line":239,"column":38}},"loc":{"start":{"line":239,"column":57},"end":{"line":257,"column":1}},"line":239}},"branchMap":{"0":{"loc":{"start":{"line":11,"column":4},"end":{"line":13,"column":5}},"type":"if","locations":[{"start":{"line":11,"column":4},"end":{"line":13,"column":5}},{"start":{},"end":{}}],"line":11},"1":{"loc":{"start":{"line":14,"column":4},"end":{"line":16,"column":5}},"type":"if","locations":[{"start":{"line":14,"column":4},"end":{"line":16,"column":5}},{"start":{},"end":{}}],"line":14},"2":{"loc":{"start":{"line":17,"column":4},"end":{"line":19,"column":5}},"type":"if","locations":[{"start":{"line":17,"column":4},"end":{"line":19,"column":5}},{"start":{},"end":{}}],"line":17},"3":{"loc":{"start":{"line":20,"column":4},"end":{"line":22,"column":5}},"type":"if","locations":[{"start":{"line":20,"column":4},"end":{"line":22,"column":5}},{"start":{},"end":{}}],"line":20},"4":{"loc":{"start":{"line":23,"column":4},"end":{"line":25,"column":5}},"type":"if","locations":[{"start":{"line":23,"column":4},"end":{"line":25,"column":5}},{"start":{},"end":{}}],"line":23},"5":{"loc":{"start":{"line":26,"column":4},"end":{"line":28,"column":5}},"type":"if","locations":[{"start":{"line":26,"column":4},"end":{"line":28,"column":5}},{"start":{},"end":{}}],"line":26},"6":{"loc":{"start":{"line":32,"column":4},"end":{"line":37,"column":5}},"type":"if","locations":[{"start":{"line":32,"column":4},"end":{"line":37,"column":5}},{"start":{},"end":{}}],"line":32},"7":{"loc":{"start":{"line":70,"column":4},"end":{"line":75,"column":5}},"type":"if","locations":[{"start":{"line":70,"column":4},"end":{"line":75,"column":5}},{"start":{},"end":{}}],"line":70},"8":{"loc":{"start":{"line":70,"column":8},"end":{"line":70,"column":27}},"type":"binary-expr","locations":[{"start":{"line":70,"column":8},"end":{"line":70,"column":14}},{"start":{"line":70,"column":18},"end":{"line":70,"column":27}}],"line":70},"9":{"loc":{"start":{"line":78,"column":4},"end":{"line":83,"column":5}},"type":"if","locations":[{"start":{"line":78,"column":4},"end":{"line":83,"column":5}},{"start":{},"end":{}}],"line":78},"10":{"loc":{"start":{"line":85,"column":4},"end":{"line":90,"column":5}},"type":"if","locations":[{"start":{"line":85,"column":4},"end":{"line":90,"column":5}},{"start":{},"end":{}}],"line":85},"11":{"loc":{"start":{"line":123,"column":4},"end":{"line":125,"column":5}},"type":"if","locations":[{"start":{"line":123,"column":4},"end":{"line":125,"column":5}},{"start":{},"end":{}}],"line":123},"12":{"loc":{"start":{"line":126,"column":4},"end":{"line":128,"column":5}},"type":"if","locations":[{"start":{"line":126,"column":4},"end":{"line":128,"column":5}},{"start":{},"end":{}}],"line":126},"13":{"loc":{"start":{"line":129,"column":4},"end":{"line":131,"column":5}},"type":"if","locations":[{"start":{"line":129,"column":4},"end":{"line":131,"column":5}},{"start":{},"end":{}}],"line":129},"14":{"loc":{"start":{"line":135,"column":4},"end":{"line":140,"column":5}},"type":"if","locations":[{"start":{"line":135,"column":4},"end":{"line":140,"column":5}},{"start":{},"end":{}}],"line":135},"15":{"loc":{"start":{"line":173,"column":4},"end":{"line":175,"column":5}},"type":"if","locations":[{"start":{"line":173,"column":4},"end":{"line":175,"column":5}},{"start":{},"end":{}}],"line":173},"16":{"loc":{"start":{"line":173,"column":8},"end":{"line":173,"column":39}},"type":"binary-expr","locations":[{"start":{"line":173,"column":8},"end":{"line":173,"column":16}},{"start":{"line":173,"column":20},"end":{"line":173,"column":39}}],"line":173},"17":{"loc":{"start":{"line":176,"column":27},"end":{"line":176,"column":78}},"type":"cond-expr","locations":[{"start":{"line":176,"column":38},"end":{"line":176,"column":66}},{"start":{"line":176,"column":69},"end":{"line":176,"column":78}}],"line":176},"18":{"loc":{"start":{"line":180,"column":14},"end":{"line":180,"column":31}},"type":"binary-expr","locations":[{"start":{"line":180,"column":14},"end":{"line":180,"column":18}},{"start":{"line":180,"column":22},"end":{"line":180,"column":31}}],"line":180},"19":{"loc":{"start":{"line":181,"column":18},"end":{"line":181,"column":49}},"type":"binary-expr","locations":[{"start":{"line":181,"column":18},"end":{"line":181,"column":32}},{"start":{"line":181,"column":36},"end":{"line":181,"column":49}}],"line":181},"20":{"loc":{"start":{"line":182,"column":15},"end":{"line":182,"column":34}},"type":"binary-expr","locations":[{"start":{"line":182,"column":15},"end":{"line":182,"column":20}},{"start":{"line":182,"column":24},"end":{"line":182,"column":34}}],"line":182},"21":{"loc":{"start":{"line":183,"column":17},"end":{"line":183,"column":40}},"type":"binary-expr","locations":[{"start":{"line":183,"column":17},"end":{"line":183,"column":24}},{"start":{"line":183,"column":28},"end":{"line":183,"column":40}}],"line":183}},"s":{"0":1,"1":10,"2":10,"3":10,"4":1,"5":9,"6":1,"7":8,"8":2,"9":6,"10":1,"11":5,"12":1,"13":4,"14":1,"15":3,"16":2,"17":1,"18":1,"19":1,"20":1,"21":1,"22":1,"23":1,"24":7,"25":7,"26":7,"27":2,"28":5,"29":4,"30":1,"31":3,"32":3,"33":1,"34":2,"35":1,"36":2,"37":2,"38":1,"39":6,"40":6,"41":6,"42":1,"43":6,"44":1,"45":6,"46":1,"47":6,"48":5,"49":4,"50":1,"51":1,"52":1,"53":1,"54":1,"55":1,"56":2,"57":2,"58":1,"59":1,"60":1,"61":35,"62":35,"63":35,"64":34,"65":1,"66":33,"67":33,"68":33,"69":1,"70":1,"71":1,"72":2,"73":2,"74":1,"75":1,"76":1,"77":1,"78":2,"79":2,"80":1,"81":1,"82":1,"83":1,"84":2,"85":2,"86":2,"87":2,"88":1,"89":1,"90":1},"f":{"0":10,"1":7,"2":6,"3":2,"4":35,"5":2,"6":2,"7":2},"b":{"0":[1,9],"1":[1,8],"2":[2,6],"3":[1,5],"4":[1,4],"5":[1,3],"6":[1,1],"7":[2,5],"8":[7,6],"9":[1,3],"10":[1,2],"11":[1,5],"12":[1,5],"13":[1,5],"14":[4,1],"15":[1,33],"16":[34,18],"17":[17,16],"18":[33,17],"19":[33,16],"20":[33,17],"21":[33,17]},"_coverageSchema":"1a1c01bbd47fc00a2c39e90264f33305004495a9","hash":"95eeebedf52e785190541063f87bd38f00b8b652"}
,"/Users/nicholasleong/Desktop/cs4218-2520-ecom-project-cs4218-2520-team24/controllers/categoryController.js": {"path":"/Users/nicholasleong/Desktop/cs4218-2520-ecom-project-cs4218-2520-team24/controllers/categoryController.js","statementMap":{"0":{"start":{"line":3,"column":40},"end":{"line":34,"column":1}},"1":{"start":{"line":4,"column":2},"end":{"line":33,"column":3}},"2":{"start":{"line":5,"column":21},"end":{"line":5,"column":29}},"3":{"start":{"line":6,"column":4},"end":{"line":8,"column":5}},"4":{"start":{"line":7,"column":6},"end":{"line":7,"column":65}},"5":{"start":{"line":9,"column":29},"end":{"line":9,"column":66}},"6":{"start":{"line":10,"column":4},"end":{"line":15,"column":5}},"7":{"start":{"line":11,"column":6},"end":{"line":14,"column":9}},"8":{"start":{"line":16,"column":21},"end":{"line":19,"column":13}},"9":{"start":{"line":21,"column":4},"end":{"line":25,"column":7}},"10":{"start":{"line":27,"column":4},"end":{"line":27,"column":23}},"11":{"start":{"line":28,"column":4},"end":{"line":32,"column":7}},"12":{"start":{"line":37,"column":40},"end":{"line":59,"column":1}},"13":{"start":{"line":38,"column":2},"end":{"line":58,"column":3}},"14":{"start":{"line":39,"column":21},"end":{"line":39,"column":29}},"15":{"start":{"line":40,"column":19},"end":{"line":40,"column":29}},"16":{"start":{"line":41,"column":21},"end":{"line":45,"column":5}},"17":{"start":{"line":46,"column":4},"end":{"line":50,"column":7}},"18":{"start":{"line":52,"column":4},"end":{"line":52,"column":23}},"19":{"start":{"line":53,"column":4},"end":{"line":57,"column":7}},"20":{"start":{"line":62,"column":34},"end":{"line":78,"column":1}},"21":{"start":{"line":63,"column":2},"end":{"line":77,"column":3}},"22":{"start":{"line":64,"column":21},"end":{"line":64,"column":49}},"23":{"start":{"line":65,"column":4},"end":{"line":69,"column":7}},"24":{"start":{"line":71,"column":4},"end":{"line":71,"column":23}},"25":{"start":{"line":72,"column":4},"end":{"line":76,"column":7}},"26":{"start":{"line":81,"column":40},"end":{"line":97,"column":1}},"27":{"start":{"line":82,"column":2},"end":{"line":96,"column":3}},"28":{"start":{"line":83,"column":21},"end":{"line":83,"column":75}},"29":{"start":{"line":84,"column":4},"end":{"line":88,"column":7}},"30":{"start":{"line":90,"column":4},"end":{"line":90,"column":23}},"31":{"start":{"line":91,"column":4},"end":{"line":95,"column":7}},"32":{"start":{"line":100,"column":40},"end":{"line":117,"column":1}},"33":{"start":{"line":101,"column":2},"end":{"line":116,"column":3}},"34":{"start":{"line":102,"column":19},"end":{"line":102,"column":29}},"35":{"start":{"line":103,"column":21},"end":{"line":103,"column":62}},"36":{"start":{"line":104,"column":4},"end":{"line":108,"column":7}},"37":{"start":{"line":110,"column":4},"end":{"line":110,"column":23}},"38":{"start":{"line":111,"column":4},"end":{"line":115,"column":7}}},"fnMap":{"0":{"name":"(anonymous_0)","decl":{"start":{"line":3,"column":40},"end":{"line":3,"column":41}},"loc":{"start":{"line":3,"column":60},"end":{"line":34,"column":1}},"line":3},"1":{"name":"(anonymous_1)","decl":{"start":{"line":37,"column":40},"end":{"line":37,"column":41}},"loc":{"start":{"line":37,"column":60},"end":{"line":59,"column":1}},"line":37},"2":{"name":"(anonymous_2)","decl":{"start":{"line":62,"column":34},"end":{"line":62,"column":35}},"loc":{"start":{"line":62,"column":54},"end":{"line":78,"column":1}},"line":62},"3":{"name":"(anonymous_3)","decl":{"start":{"line":81,"column":40},"end":{"line":81,"column":41}},"loc":{"start":{"line":81,"column":60},"end":{"line":97,"column":1}},"line":81},"4":{"name":"(anonymous_4)","decl":{"start":{"line":100,"column":40},"end":{"line":100,"column":41}},"loc":{"start":{"line":100,"column":60},"end":{"line":117,"column":1}},"line":100}},"branchMap":{"0":{"loc":{"start":{"line":6,"column":4},"end":{"line":8,"column":5}},"type":"if","locations":[{"start":{"line":6,"column":4},"end":{"line":8,"column":5}},{"start":{},"end":{}}],"line":6},"1":{"loc":{"start":{"line":10,"column":4},"end":{"line":15,"column":5}},"type":"if","locations":[{"start":{"line":10,"column":4},"end":{"line":15,"column":5}},{"start":{},"end":{}}],"line":10}},"s":{"0":1,"1":4,"2":4,"3":4,"4":1,"5":3,"6":2,"7":1,"8":1,"9":1,"10":1,"11":1,"12":1,"13":2,"14":2,"15":2,"16":2,"17":1,"18":1,"19":1,"20":1,"21":2,"22":2,"23":1,"24":1,"25":1,"26":1,"27":2,"28":2,"29":1,"30":1,"31":1,"32":1,"33":2,"34":2,"35":2,"36":1,"37":1,"38":1},"f":{"0":4,"1":2,"2":2,"3":2,"4":2},"b":{"0":[1,3],"1":[1,1]},"_coverageSchema":"1a1c01bbd47fc00a2c39e90264f33305004495a9","hash":"0cbcca2e27c39f3b6de8938df8f29f73c6fe7cf3"}
,"/Users/nicholasleong/Desktop/cs4218-2520-ecom-project-cs4218-2520-team24/controllers/productController.js": {"path":"/Users/nicholasleong/Desktop/cs4218-2520-ecom-project-cs4218-2520-team24/controllers/productController.js","statementMap":{"0":{"start":{"line":10,"column":0},"end":{"line":10,"column":16}},"1":{"start":{"line":13,"column":14},"end":{"line":18,"column":2}},"2":{"start":{"line":20,"column":39},"end":{"line":68,"column":1}},"3":{"start":{"line":21,"column":2},"end":{"line":67,"column":3}},"4":{"start":{"line":23,"column":6},"end":{"line":23,"column":16}},"5":{"start":{"line":24,"column":22},"end":{"line":24,"column":31}},"6":{"start":{"line":26,"column":4},"end":{"line":49,"column":5}},"7":{"start":{"line":28,"column":8},"end":{"line":28,"column":67}},"8":{"start":{"line":30,"column":8},"end":{"line":30,"column":74}},"9":{"start":{"line":32,"column":8},"end":{"line":32,"column":68}},"10":{"start":{"line":34,"column":8},"end":{"line":34,"column":79}},"11":{"start":{"line":36,"column":8},"end":{"line":36,"column":71}},"12":{"start":{"line":38,"column":8},"end":{"line":38,"column":71}},"13":{"start":{"line":40,"column":8},"end":{"line":40,"column":82}},"14":{"start":{"line":42,"column":8},"end":{"line":42,"column":68}},"15":{"start":{"line":44,"column":8},"end":{"line":46,"column":76}},"16":{"start":{"line":48,"column":8},"end":{"line":48,"column":71}},"17":{"start":{"line":51,"column":21},"end":{"line":51,"column":77}},"18":{"start":{"line":52,"column":4},"end":{"line":52,"column":54}},"19":{"start":{"line":53,"column":4},"end":{"line":53,"column":44}},"20":{"start":{"line":54,"column":4},"end":{"line":54,"column":26}},"21":{"start":{"line":55,"column":4},"end":{"line":59,"column":7}},"22":{"start":{"line":61,"column":4},"end":{"line":61,"column":23}},"23":{"start":{"line":62,"column":4},"end":{"line":66,"column":7}},"24":{"start":{"line":71,"column":36},"end":{"line":93,"column":1}},"25":{"start":{"line":72,"column":2},"end":{"line":92,"column":3}},"26":{"start":{"line":73,"column":21},"end":{"line":78,"column":30}},"27":{"start":{"line":79,"column":4},"end":{"line":84,"column":7}},"28":{"start":{"line":86,"column":4},"end":{"line":86,"column":23}},"29":{"start":{"line":87,"column":4},"end":{"line":91,"column":7}},"30":{"start":{"line":95,"column":42},"end":{"line":114,"column":1}},"31":{"start":{"line":96,"column":2},"end":{"line":113,"column":3}},"32":{"start":{"line":97,"column":20},"end":{"line":100,"column":27}},"33":{"start":{"line":101,"column":4},"end":{"line":105,"column":7}},"34":{"start":{"line":107,"column":4},"end":{"line":107,"column":23}},"35":{"start":{"line":108,"column":4},"end":{"line":112,"column":7}},"36":{"start":{"line":117,"column":38},"end":{"line":132,"column":1}},"37":{"start":{"line":118,"column":2},"end":{"line":131,"column":3}},"38":{"start":{"line":119,"column":20},"end":{"line":119,"column":79}},"39":{"start":{"line":120,"column":4},"end":{"line":123,"column":5}},"40":{"start":{"line":121,"column":6},"end":{"line":121,"column":57}},"41":{"start":{"line":122,"column":6},"end":{"line":122,"column":54}},"42":{"start":{"line":125,"column":4},"end":{"line":125,"column":23}},"43":{"start":{"line":126,"column":4},"end":{"line":130,"column":7}},"44":{"start":{"line":135,"column":39},"end":{"line":150,"column":1}},"45":{"start":{"line":136,"column":2},"end":{"line":149,"column":3}},"46":{"start":{"line":137,"column":4},"end":{"line":137,"column":74}},"47":{"start":{"line":138,"column":4},"end":{"line":141,"column":7}},"48":{"start":{"line":143,"column":4},"end":{"line":143,"column":23}},"49":{"start":{"line":144,"column":4},"end":{"line":148,"column":7}},"50":{"start":{"line":153,"column":39},"end":{"line":199,"column":1}},"51":{"start":{"line":154,"column":2},"end":{"line":198,"column":3}},"52":{"start":{"line":156,"column":6},"end":{"line":156,"column":16}},"53":{"start":{"line":157,"column":22},"end":{"line":157,"column":31}},"54":{"start":{"line":159,"column":4},"end":{"line":174,"column":5}},"55":{"start":{"line":161,"column":8},"end":{"line":161,"column":67}},"56":{"start":{"line":163,"column":8},"end":{"line":163,"column":74}},"57":{"start":{"line":165,"column":8},"end":{"line":165,"column":68}},"58":{"start":{"line":167,"column":8},"end":{"line":167,"column":71}},"59":{"start":{"line":169,"column":8},"end":{"line":169,"column":71}},"60":{"start":{"line":171,"column":8},"end":{"line":173,"column":76}},"61":{"start":{"line":176,"column":21},"end":{"line":180,"column":5}},"62":{"start":{"line":181,"column":4},"end":{"line":184,"column":5}},"63":{"start":{"line":182,"column":6},"end":{"line":182,"column":56}},"64":{"start":{"line":183,"column":6},"end":{"line":183,"column":46}},"65":{"start":{"line":185,"column":4},"end":{"line":185,"column":26}},"66":{"start":{"line":186,"column":4},"end":{"line":190,"column":7}},"67":{"start":{"line":192,"column":4},"end":{"line":192,"column":23}},"68":{"start":{"line":193,"column":4},"end":{"line":197,"column":7}},"69":{"start":{"line":202,"column":40},"end":{"line":236,"column":1}},"70":{"start":{"line":203,"column":2},"end":{"line":235,"column":3}},"71":{"start":{"line":204,"column":31},"end":{"line":204,"column":39}},"72":{"start":{"line":206,"column":17},"end":{"line":206,"column":50}},"73":{"start":{"line":207,"column":20},"end":{"line":207,"column":21}},"74":{"start":{"line":209,"column":15},"end":{"line":209,"column":17}},"75":{"start":{"line":210,"column":4},"end":{"line":210,"column":52}},"76":{"start":{"line":210,"column":28},"end":{"line":210,"column":52}},"77":{"start":{"line":211,"column":4},"end":{"line":211,"column":70}},"78":{"start":{"line":211,"column":22},"end":{"line":211,"column":70}},"79":{"start":{"line":214,"column":18},"end":{"line":214,"column":64}},"80":{"start":{"line":217,"column":21},"end":{"line":221,"column":30}},"81":{"start":{"line":223,"column":4},"end":{"line":227,"column":7}},"82":{"start":{"line":229,"column":4},"end":{"line":229,"column":23}},"83":{"start":{"line":230,"column":4},"end":{"line":234,"column":7}},"84":{"start":{"line":239,"column":38},"end":{"line":254,"column":1}},"85":{"start":{"line":240,"column":2},"end":{"line":253,"column":3}},"86":{"start":{"line":241,"column":18},"end":{"line":241,"column":70}},"87":{"start":{"line":242,"column":4},"end":{"line":245,"column":7}},"88":{"start":{"line":247,"column":4},"end":{"line":247,"column":23}},"89":{"start":{"line":248,"column":4},"end":{"line":252,"column":7}},"90":{"start":{"line":257,"column":37},"end":{"line":279,"column":1}},"91":{"start":{"line":258,"column":2},"end":{"line":278,"column":3}},"92":{"start":{"line":259,"column":20},"end":{"line":259,"column":21}},"93":{"start":{"line":260,"column":17},"end":{"line":260,"column":54}},"94":{"start":{"line":261,"column":21},"end":{"line":266,"column":30}},"95":{"start":{"line":267,"column":4},"end":{"line":270,"column":7}},"96":{"start":{"line":272,"column":4},"end":{"line":272,"column":23}},"97":{"start":{"line":273,"column":4},"end":{"line":277,"column":7}},"98":{"start":{"line":282,"column":39},"end":{"line":302,"column":1}},"99":{"start":{"line":283,"column":2},"end":{"line":301,"column":3}},"100":{"start":{"line":284,"column":24},"end":{"line":284,"column":34}},"101":{"start":{"line":285,"column":20},"end":{"line":292,"column":23}},"102":{"start":{"line":293,"column":4},"end":{"line":293,"column":22}},"103":{"start":{"line":295,"column":4},"end":{"line":295,"column":23}},"104":{"start":{"line":296,"column":4},"end":{"line":300,"column":7}},"105":{"start":{"line":305,"column":40},"end":{"line":328,"column":1}},"106":{"start":{"line":306,"column":2},"end":{"line":327,"column":3}},"107":{"start":{"line":307,"column":25},"end":{"line":307,"column":35}},"108":{"start":{"line":308,"column":21},"end":{"line":315,"column":27}},"109":{"start":{"line":316,"column":4},"end":{"line":319,"column":7}},"110":{"start":{"line":321,"column":4},"end":{"line":321,"column":23}},"111":{"start":{"line":322,"column":4},"end":{"line":326,"column":7}},"112":{"start":{"line":331,"column":41},"end":{"line":348,"column":1}},"113":{"start":{"line":332,"column":2},"end":{"line":347,"column":3}},"114":{"start":{"line":333,"column":21},"end":{"line":333,"column":75}},"115":{"start":{"line":334,"column":21},"end":{"line":334,"column":79}},"116":{"start":{"line":335,"column":4},"end":{"line":339,"column":7}},"117":{"start":{"line":341,"column":4},"end":{"line":341,"column":23}},"118":{"start":{"line":342,"column":4},"end":{"line":346,"column":7}},"119":{"start":{"line":352,"column":40},"end":{"line":365,"column":1}},"120":{"start":{"line":353,"column":2},"end":{"line":364,"column":3}},"121":{"start":{"line":354,"column":4},"end":{"line":360,"column":7}},"122":{"start":{"line":355,"column":6},"end":{"line":359,"column":7}},"123":{"start":{"line":356,"column":8},"end":{"line":356,"column":34}},"124":{"start":{"line":358,"column":8},"end":{"line":358,"column":27}},"125":{"start":{"line":362,"column":4},"end":{"line":362,"column":23}},"126":{"start":{"line":363,"column":4},"end":{"line":363,"column":89}},"127":{"start":{"line":368,"column":42},"end":{"line":396,"column":1}},"128":{"start":{"line":369,"column":2},"end":{"line":395,"column":3}},"129":{"start":{"line":370,"column":28},"end":{"line":370,"column":36}},"130":{"start":{"line":371,"column":18},"end":{"line":371,"column":59}},"131":{"start":{"line":371,"column":42},"end":{"line":371,"column":55}},"132":{"start":{"line":374,"column":19},"end":{"line":378,"column":6}},"133":{"start":{"line":380,"column":4},"end":{"line":390,"column":5}},"134":{"start":{"line":381,"column":6},"end":{"line":385,"column":16}},"135":{"start":{"line":386,"column":6},"end":{"line":386,"column":29}},"136":{"start":{"line":389,"column":6},"end":{"line":389,"column":56}},"137":{"start":{"line":393,"column":4},"end":{"line":393,"column":49}},"138":{"start":{"line":394,"column":4},"end":{"line":394,"column":91}}},"fnMap":{"0":{"name":"(anonymous_0)","decl":{"start":{"line":20,"column":39},"end":{"line":20,"column":40}},"loc":{"start":{"line":20,"column":59},"end":{"line":68,"column":1}},"line":20},"1":{"name":"(anonymous_1)","decl":{"start":{"line":71,"column":36},"end":{"line":71,"column":37}},"loc":{"start":{"line":71,"column":56},"end":{"line":93,"column":1}},"line":71},"2":{"name":"(anonymous_2)","decl":{"start":{"line":95,"column":42},"end":{"line":95,"column":43}},"loc":{"start":{"line":95,"column":62},"end":{"line":114,"column":1}},"line":95},"3":{"name":"(anonymous_3)","decl":{"start":{"line":117,"column":38},"end":{"line":117,"column":39}},"loc":{"start":{"line":117,"column":58},"end":{"line":132,"column":1}},"line":117},"4":{"name":"(anonymous_4)","decl":{"start":{"line":135,"column":39},"end":{"line":135,"column":40}},"loc":{"start":{"line":135,"column":59},"end":{"line":150,"column":1}},"line":135},"5":{"name":"(anonymous_5)","decl":{"start":{"line":153,"column":39},"end":{"line":153,"column":40}},"loc":{"start":{"line":153,"column":59},"end":{"line":199,"column":1}},"line":153},"6":{"name":"(anonymous_6)","decl":{"start":{"line":202,"column":40},"end":{"line":202,"column":41}},"loc":{"start":{"line":202,"column":60},"end":{"line":236,"column":1}},"line":202},"7":{"name":"(anonymous_7)","decl":{"start":{"line":239,"column":38},"end":{"line":239,"column":39}},"loc":{"start":{"line":239,"column":58},"end":{"line":254,"column":1}},"line":239},"8":{"name":"(anonymous_8)","decl":{"start":{"line":257,"column":37},"end":{"line":257,"column":38}},"loc":{"start":{"line":257,"column":57},"end":{"line":279,"column":1}},"line":257},"9":{"name":"(anonymous_9)","decl":{"start":{"line":282,"column":39},"end":{"line":282,"column":40}},"loc":{"start":{"line":282,"column":59},"end":{"line":302,"column":1}},"line":282},"10":{"name":"(anonymous_10)","decl":{"start":{"line":305,"column":40},"end":{"line":305,"column":41}},"loc":{"start":{"line":305,"column":60},"end":{"line":328,"column":1}},"line":305},"11":{"name":"(anonymous_11)","decl":{"start":{"line":331,"column":41},"end":{"line":331,"column":42}},"loc":{"start":{"line":331,"column":61},"end":{"line":348,"column":1}},"line":331},"12":{"name":"(anonymous_12)","decl":{"start":{"line":352,"column":40},"end":{"line":352,"column":41}},"loc":{"start":{"line":352,"column":60},"end":{"line":365,"column":1}},"line":352},"13":{"name":"(anonymous_13)","decl":{"start":{"line":354,"column":37},"end":{"line":354,"column":38}},"loc":{"start":{"line":354,"column":62},"end":{"line":360,"column":5}},"line":354},"14":{"name":"(anonymous_14)","decl":{"start":{"line":368,"column":42},"end":{"line":368,"column":43}},"loc":{"start":{"line":368,"column":62},"end":{"line":396,"column":1}},"line":368},"15":{"name":"(anonymous_15)","decl":{"start":{"line":371,"column":30},"end":{"line":371,"column":31}},"loc":{"start":{"line":371,"column":42},"end":{"line":371,"column":55}},"line":371}},"branchMap":{"0":{"loc":{"start":{"line":26,"column":4},"end":{"line":49,"column":5}},"type":"switch","locations":[{"start":{"line":27,"column":6},"end":{"line":28,"column":67}},{"start":{"line":29,"column":6},"end":{"line":30,"column":74}},{"start":{"line":31,"column":6},"end":{"line":32,"column":68}},{"start":{"line":33,"column":6},"end":{"line":34,"column":79}},{"start":{"line":35,"column":6},"end":{"line":36,"column":71}},{"start":{"line":37,"column":6},"end":{"line":38,"column":71}},{"start":{"line":39,"column":6},"end":{"line":40,"column":82}},{"start":{"line":41,"column":6},"end":{"line":42,"column":68}},{"start":{"line":43,"column":6},"end":{"line":46,"column":76}},{"start":{"line":47,"column":6},"end":{"line":48,"column":71}}],"line":26},"1":{"loc":{"start":{"line":43,"column":11},"end":{"line":43,"column":40}},"type":"binary-expr","locations":[{"start":{"line":43,"column":11},"end":{"line":43,"column":16}},{"start":{"line":43,"column":20},"end":{"line":43,"column":40}}],"line":43},"2":{"loc":{"start":{"line":120,"column":4},"end":{"line":123,"column":5}},"type":"if","locations":[{"start":{"line":120,"column":4},"end":{"line":123,"column":5}},{"start":{},"end":{}}],"line":120},"3":{"loc":{"start":{"line":159,"column":4},"end":{"line":174,"column":5}},"type":"switch","locations":[{"start":{"line":160,"column":6},"end":{"line":161,"column":67}},{"start":{"line":162,"column":6},"end":{"line":163,"column":74}},{"start":{"line":164,"column":6},"end":{"line":165,"column":68}},{"start":{"line":166,"column":6},"end":{"line":167,"column":71}},{"start":{"line":168,"column":6},"end":{"line":169,"column":71}},{"start":{"line":170,"column":6},"end":{"line":173,"column":76}}],"line":159},"4":{"loc":{"start":{"line":170,"column":11},"end":{"line":170,"column":40}},"type":"binary-expr","locations":[{"start":{"line":170,"column":11},"end":{"line":170,"column":16}},{"start":{"line":170,"column":20},"end":{"line":170,"column":40}}],"line":170},"5":{"loc":{"start":{"line":181,"column":4},"end":{"line":184,"column":5}},"type":"if","locations":[{"start":{"line":181,"column":4},"end":{"line":184,"column":5}},{"start":{},"end":{}}],"line":181},"6":{"loc":{"start":{"line":206,"column":17},"end":{"line":206,"column":50}},"type":"cond-expr","locations":[{"start":{"line":206,"column":33},"end":{"line":206,"column":46}},{"start":{"line":206,"column":49},"end":{"line":206,"column":50}}],"line":206},"7":{"loc":{"start":{"line":210,"column":4},"end":{"line":210,"column":52}},"type":"if","locations":[{"start":{"line":210,"column":4},"end":{"line":210,"column":52}},{"start":{},"end":{}}],"line":210},"8":{"loc":{"start":{"line":211,"column":4},"end":{"line":211,"column":70}},"type":"if","locations":[{"start":{"line":211,"column":4},"end":{"line":211,"column":70}},{"start":{},"end":{}}],"line":211},"9":{"loc":{"start":{"line":260,"column":17},"end":{"line":260,"column":54}},"type":"cond-expr","locations":[{"start":{"line":260,"column":35},"end":{"line":260,"column":50}},{"start":{"line":260,"column":53},"end":{"line":260,"column":54}}],"line":260},"10":{"loc":{"start":{"line":355,"column":6},"end":{"line":359,"column":7}},"type":"if","locations":[{"start":{"line":355,"column":6},"end":{"line":359,"column":7}},{"start":{"line":357,"column":13},"end":{"line":359,"column":7}}],"line":355},"11":{"loc":{"start":{"line":380,"column":4},"end":{"line":390,"column":5}},"type":"if","locations":[{"start":{"line":380,"column":4},"end":{"line":390,"column":5}},{"start":{"line":387,"column":11},"end":{"line":390,"column":5}}],"line":380}},"s":{"0":1,"1":1,"2":1,"3":12,"4":12,"5":12,"6":12,"7":1,"8":1,"9":1,"10":1,"11":1,"12":1,"13":1,"14":1,"15":1,"16":1,"17":2,"18":1,"19":1,"20":1,"21":1,"22":1,"23":1,"24":1,"25":2,"26":2,"27":1,"28":1,"29":1,"30":1,"31":2,"32":2,"33":1,"34":1,"35":1,"36":1,"37":3,"38":3,"39":2,"40":1,"41":1,"42":1,"43":1,"44":1,"45":2,"46":2,"47":1,"48":1,"49":1,"50":1,"51":9,"52":9,"53":9,"54":9,"55":1,"56":1,"57":1,"58":1,"59":1,"60":1,"61":3,"62":2,"63":1,"64":1,"65":2,"66":2,"67":1,"68":1,"69":1,"70":3,"71":3,"72":3,"73":3,"74":3,"75":3,"76":2,"77":3,"78":2,"79":3,"80":1,"81":1,"82":2,"83":2,"84":1,"85":2,"86":2,"87":1,"88":1,"89":1,"90":1,"91":3,"92":3,"93":3,"94":3,"95":2,"96":1,"97":1,"98":1,"99":2,"100":2,"101":2,"102":1,"103":1,"104":1,"105":1,"106":2,"107":2,"108":2,"109":1,"110":1,"111":1,"112":1,"113":2,"114":2,"115":1,"116":1,"117":1,"118":1,"119":1,"120":4,"121":4,"122":3,"123":2,"124":1,"125":1,"126":1,"127":1,"128":3,"129":3,"130":3,"131":4,"132":3,"133":2,"134":1,"135":1,"136":1,"137":1,"138":1},"f":{"0":12,"1":2,"2":2,"3":3,"4":2,"5":9,"6":3,"7":2,"8":3,"9":2,"10":2,"11":2,"12":4,"13":3,"14":3,"15":4},"b":{"0":[1,1,1,1,1,1,1,1,1,1],"1":[4,4],"2":[1,1],"3":[1,1,1,1,1,1],"4":[4,3],"5":[1,1],"6":[1,2],"7":[2,1],"8":[2,1],"9":[2,1],"10":[2,1],"11":[1,1]},"_coverageSchema":"1a1c01bbd47fc00a2c39e90264f33305004495a9","hash":"b68c853ce20d9b8b050120452e6968cd5b445598"}
,"/Users/nicholasleong/Desktop/cs4218-2520-ecom-project-cs4218-2520-team24/helpers/authHelper.js": {"path":"/Users/nicholasleong/Desktop/cs4218-2520-ecom-project-cs4218-2520-team24/helpers/authHelper.js","statementMap":{"0":{"start":{"line":3,"column":28},"end":{"line":12,"column":1}},"1":{"start":{"line":4,"column":4},"end":{"line":11,"column":5}},"2":{"start":{"line":5,"column":27},"end":{"line":5,"column":29}},"3":{"start":{"line":6,"column":31},"end":{"line":6,"column":70}},"4":{"start":{"line":7,"column":8},"end":{"line":7,"column":30}},"5":{"start":{"line":10,"column":8},"end":{"line":10,"column":27}},"6":{"start":{"line":14,"column":31},"end":{"line":16,"column":1}},"7":{"start":{"line":15,"column":4},"end":{"line":15,"column":52}}},"fnMap":{"0":{"name":"(anonymous_0)","decl":{"start":{"line":3,"column":28},"end":{"line":3,"column":29}},"loc":{"start":{"line":3,"column":48},"end":{"line":12,"column":1}},"line":3},"1":{"name":"(anonymous_1)","decl":{"start":{"line":14,"column":31},"end":{"line":14,"column":32}},"loc":{"start":{"line":14,"column":66},"end":{"line":16,"column":1}},"line":14}},"branchMap":{},"s":{"0":2,"1":2,"2":2,"3":2,"4":1,"5":1,"6":2,"7":1},"f":{"0":2,"1":1},"b":{},"_coverageSchema":"1a1c01bbd47fc00a2c39e90264f33305004495a9","hash":"1d7b73bd37086d3e22379e9e9a3975d6ad0ce7d1"}
,"/Users/nicholasleong/Desktop/cs4218-2520-ecom-project-cs4218-2520-team24/middlewares/authMiddleware.js": {"path":"/Users/nicholasleong/Desktop/cs4218-2520-ecom-project-cs4218-2520-team24/middlewares/authMiddleware.js","statementMap":{"0":{"start":{"line":5,"column":29},"end":{"line":16,"column":1}},"1":{"start":{"line":6,"column":4},"end":{"line":15,"column":5}},"2":{"start":{"line":7,"column":23},"end":{"line":10,"column":9}},"3":{"start":{"line":11,"column":8},"end":{"line":11,"column":26}},"4":{"start":{"line":12,"column":8},"end":{"line":12,"column":15}},"5":{"start":{"line":14,"column":8},"end":{"line":14,"column":27}},"6":{"start":{"line":19,"column":23},"end":{"line":38,"column":1}},"7":{"start":{"line":20,"column":4},"end":{"line":37,"column":5}},"8":{"start":{"line":21,"column":21},"end":{"line":21,"column":59}},"9":{"start":{"line":22,"column":8},"end":{"line":29,"column":9}},"10":{"start":{"line":23,"column":12},"end":{"line":26,"column":15}},"11":{"start":{"line":28,"column":12},"end":{"line":28,"column":19}},"12":{"start":{"line":31,"column":8},"end":{"line":31,"column":27}},"13":{"start":{"line":32,"column":8},"end":{"line":36,"column":11}}},"fnMap":{"0":{"name":"(anonymous_0)","decl":{"start":{"line":5,"column":29},"end":{"line":5,"column":30}},"loc":{"start":{"line":5,"column":55},"end":{"line":16,"column":1}},"line":5},"1":{"name":"(anonymous_1)","decl":{"start":{"line":19,"column":23},"end":{"line":19,"column":24}},"loc":{"start":{"line":19,"column":49},"end":{"line":38,"column":1}},"line":19}},"branchMap":{"0":{"loc":{"start":{"line":22,"column":8},"end":{"line":29,"column":9}},"type":"if","locations":[{"start":{"line":22,"column":8},"end":{"line":29,"column":9}},{"start":{"line":27,"column":15},"end":{"line":29,"column":9}}],"line":22}},"s":{"0":1,"1":2,"2":2,"3":1,"4":1,"5":1,"6":1,"7":3,"8":3,"9":2,"10":1,"11":1,"12":1,"13":1},"f":{"0":2,"1":3},"b":{"0":[1,1]},"_coverageSchema":"1a1c01bbd47fc00a2c39e90264f33305004495a9","hash":"87d37d557bfe79be9896a6db7b5f00ef53f5195a"}
,"/Users/nicholasleong/Desktop/cs4218-2520-ecom-project-cs4218-2520-team24/models/categoryModel.js": {"path":"/Users/nicholasleong/Desktop/cs4218-2520-ecom-project-cs4218-2520-team24/models/categoryModel.js","statementMap":{"0":{"start":{"line":3,"column":23},"end":{"line":13,"column":2}}},"fnMap":{},"branchMap":{},"s":{"0":3},"f":{},"b":{},"_coverageSchema":"1a1c01bbd47fc00a2c39e90264f33305004495a9","hash":"3456fdfef410050c7c873b9e7106b623250673bb"}
,"/Users/nicholasleong/Desktop/cs4218-2520-ecom-project-cs4218-2520-team24/models/orderModel.js": {"path":"/Users/nicholasleong/Desktop/cs4218-2520-ecom-project-cs4218-2520-team24/models/orderModel.js","statementMap":{"0":{"start":{"line":3,"column":20},"end":{"line":23,"column":1}}},"fnMap":{},"branchMap":{},"s":{"0":3},"f":{},"b":{},"_coverageSchema":"1a1c01bbd47fc00a2c39e90264f33305004495a9","hash":"51f79cc3b528cbf22e8f15158ba013606fca73a7"}
,"/Users/nicholasleong/Desktop/cs4218-2520-ecom-project-cs4218-2520-team24/models/productModel.js": {"path":"/Users/nicholasleong/Desktop/cs4218-2520-ecom-project-cs4218-2520-team24/models/productModel.js","statementMap":{"0":{"start":{"line":3,"column":22},"end":{"line":39,"column":1}}},"fnMap":{},"branchMap":{},"s":{"0":2},"f":{},"b":{},"_coverageSchema":"1a1c01bbd47fc00a2c39e90264f33305004495a9","hash":"0ca1e87b7ba91a857479b9489d06ee98c611fb6d"}
,"/Users/nicholasleong/Desktop/cs4218-2520-ecom-project-cs4218-2520-team24/models/userModel.js": {"path":"/Users/nicholasleong/Desktop/cs4218-2520-ecom-project-cs4218-2520-team24/models/userModel.js","statementMap":{"0":{"start":{"line":3,"column":19},"end":{"line":37,"column":1}}},"fnMap":{},"branchMap":{},"s":{"0":3},"f":{},"b":{},"_coverageSchema":"1a1c01bbd47fc00a2c39e90264f33305004495a9","hash":"0f26a4b56a44d6ee897db5765c7bd7a74fa8e218"}
}
