TN:
SF:config/db.js
FN:3,(anonymous_0)
FNF:1
FNH:1
FNDA:7,(anonymous_0)
DA:3,4
DA:4,7
DA:5,7
DA:6,3
DA:7,3
DA:8,3
DA:10,4
LF:7
LH:7
BRDA:8,0,0,0
BRDA:8,0,1,3
BRF:2
BRH:1
end_of_record
TN:
SF:controllers/authController.js
FN:7,(anonymous_0)
FN:66,(anonymous_1)
FN:120,(anonymous_2)
FN:158,(anonymous_3)
FN:168,(anonymous_4)
FN:210,(anonymous_5)
FN:227,(anonymous_6)
FN:246,(anonymous_7)
FNF:8
FNH:8
FNDA:12,(anonymous_0)
FNDA:9,(anonymous_1)
FNDA:8,(anonymous_2)
FNDA:2,(anonymous_3)
FNDA:36,(anonymous_4)
FNDA:2,(anonymous_5)
FNDA:2,(anonymous_6)
FNDA:44,(anonymous_7)
DA:7,5
DA:8,12
DA:9,12
DA:11,12
DA:12,1
DA:14,11
DA:15,1
DA:17,10
DA:18,2
DA:20,8
DA:21,1
DA:23,7
DA:24,1
DA:26,6
DA:27,1
DA:30,5
DA:32,4
DA:33,1
DA:39,3
DA:41,3
DA:50,3
DA:56,1
DA:57,1
DA:66,5
DA:67,9
DA:68,9
DA:70,9
DA:71,2
DA:77,7
DA:78,6
DA:79,1
DA:84,5
DA:85,5
DA:86,2
DA:92,3
DA:95,2
DA:109,2
DA:110,2
DA:120,5
DA:121,8
DA:122,8
DA:123,8
DA:124,1
DA:126,7
DA:127,1
DA:129,6
DA:130,1
DA:133,5
DA:135,4
DA:136,2
DA:141,2
DA:142,2
DA:143,2
DA:148,1
DA:149,1
DA:158,5
DA:159,2
DA:160,2
DA:162,1
DA:163,1
DA:168,5
DA:169,36
DA:170,36
DA:172,36
DA:173,1
DA:175,35
DA:176,34
DA:177,1
DA:182,33
DA:183,33
DA:194,33
DA:200,1
DA:201,1
DA:210,5
DA:211,2
DA:212,2
DA:216,1
DA:218,1
DA:219,1
DA:227,5
DA:228,2
DA:229,2
DA:234,1
DA:236,1
DA:237,1
DA:246,5
DA:247,44
DA:248,44
DA:249,44
DA:250,44
DA:255,41
DA:257,3
DA:258,3
LF:93
LH:93
BRDA:11,0,0,1
BRDA:11,0,1,11
BRDA:14,1,0,1
BRDA:14,1,1,10
BRDA:17,2,0,2
BRDA:17,2,1,8
BRDA:20,3,0,1
BRDA:20,3,1,7
BRDA:23,4,0,1
BRDA:23,4,1,6
BRDA:26,5,0,1
BRDA:26,5,1,5
BRDA:32,6,0,1
BRDA:32,6,1,3
BRDA:70,7,0,2
BRDA:70,7,1,7
BRDA:70,8,0,9
BRDA:70,8,1,8
BRDA:78,9,0,1
BRDA:78,9,1,5
BRDA:85,10,0,2
BRDA:85,10,1,3
BRDA:123,11,0,1
BRDA:123,11,1,7
BRDA:126,12,0,1
BRDA:126,12,1,6
BRDA:129,13,0,1
BRDA:129,13,1,5
BRDA:135,14,0,2
BRDA:135,14,1,2
BRDA:172,15,0,1
BRDA:172,15,1,35
BRDA:172,16,0,36
BRDA:172,16,1,19
BRDA:176,17,0,1
BRDA:176,17,1,33
BRDA:182,18,0,17
BRDA:182,18,1,16
BRDA:186,19,0,33
BRDA:186,19,1,17
BRDA:187,20,0,33
BRDA:187,20,1,16
BRDA:188,21,0,33
BRDA:188,21,1,17
BRDA:189,22,0,33
BRDA:189,22,1,17
BRDA:190,23,0,33
BRDA:190,23,1,17
BRF:48
BRH:48
end_of_record
TN:
SF:controllers/categoryController.js
FN:3,(anonymous_0)
FN:37,(anonymous_1)
FN:62,(anonymous_2)
FN:81,(anonymous_3)
FN:100,(anonymous_4)
FNF:5
FNH:5
FNDA:7,(anonymous_0)
FNDA:3,(anonymous_1)
FNDA:3,(anonymous_2)
FNDA:5,(anonymous_3)
FNDA:3,(anonymous_4)
DA:3,4
DA:4,7
DA:5,7
DA:6,7
DA:7,2
DA:9,5
DA:10,4
DA:11,2
DA:16,2
DA:21,2
DA:27,1
DA:28,1
DA:37,4
DA:38,3
DA:39,3
DA:40,3
DA:41,3
DA:46,2
DA:52,1
DA:53,1
DA:62,4
DA:63,3
DA:64,3
DA:65,2
DA:71,1
DA:72,1
DA:81,4
DA:82,5
DA:83,5
DA:84,4
DA:90,1
DA:91,1
DA:100,4
DA:101,3
DA:102,3
DA:103,3
DA:104,2
DA:110,1
DA:111,1
LF:39
LH:39
BRDA:6,0,0,2
BRDA:6,0,1,5
BRDA:10,1,0,2
BRDA:10,1,1,2
BRF:4
BRH:4
end_of_record
TN:
SF:controllers/productController.js
FN:20,(anonymous_0)
FN:71,(anonymous_1)
FN:95,(anonymous_2)
FN:116,(anonymous_3)
FN:136,(anonymous_4)
FN:154,(anonymous_5)
FN:205,(anonymous_6)
FN:239,(anonymous_7)
FN:257,(anonymous_8)
FN:282,(anonymous_9)
FN:305,(anonymous_10)
FN:331,(anonymous_11)
FN:364,(anonymous_12)
FN:366,(anonymous_13)
FN:380,(anonymous_14)
FN:383,(anonymous_15)
FNF:16
FNH:16
FNDA:14,(anonymous_0)
FNDA:3,(anonymous_1)
FNDA:4,(anonymous_2)
FNDA:11,(anonymous_3)
FNDA:3,(anonymous_4)
FNDA:12,(anonymous_5)
FNDA:7,(anonymous_6)
FNDA:3,(anonymous_7)
FNDA:7,(anonymous_8)
FNDA:5,(anonymous_9)
FNDA:4,(anonymous_10)
FNDA:9,(anonymous_11)
FNDA:6,(anonymous_12)
FNDA:5,(anonymous_13)
FNDA:8,(anonymous_14)
FNDA:10,(anonymous_15)
DA:10,5
DA:13,5
DA:20,5
DA:21,14
DA:23,14
DA:24,14
DA:26,14
DA:28,1
DA:30,1
DA:32,1
DA:34,1
DA:36,1
DA:38,1
DA:40,1
DA:42,2
DA:44,1
DA:48,1
DA:51,3
DA:52,2
DA:53,2
DA:54,2
DA:55,2
DA:61,1
DA:62,1
DA:71,5
DA:72,3
DA:73,3
DA:79,2
DA:86,1
DA:87,1
DA:95,5
DA:96,4
DA:97,4
DA:101,3
DA:107,1
DA:108,1
DA:116,5
DA:117,11
DA:118,11
DA:119,9
DA:120,4
DA:121,4
DA:123,5
DA:128,2
DA:129,2
DA:136,5
DA:137,3
DA:138,3
DA:139,2
DA:144,1
DA:145,1
DA:154,5
DA:155,12
DA:157,12
DA:158,12
DA:160,12
DA:162,1
DA:164,1
DA:166,1
DA:168,1
DA:170,1
DA:172,1
DA:174,1
DA:176,1
DA:181,4
DA:186,3
DA:187,3
DA:188,3
DA:189,3
DA:195,1
DA:196,1
DA:205,5
DA:206,7
DA:207,7
DA:208,7
DA:209,7
DA:211,7
DA:212,7
DA:213,7
DA:215,7
DA:217,7
DA:223,6
DA:229,1
DA:230,1
DA:239,5
DA:240,3
DA:241,3
DA:242,2
DA:247,1
DA:248,1
DA:257,5
DA:258,7
DA:259,7
DA:260,7
DA:261,7
DA:267,6
DA:272,1
DA:273,1
DA:282,5
DA:283,5
DA:284,5
DA:285,5
DA:293,4
DA:295,1
DA:296,1
DA:305,5
DA:306,4
DA:307,4
DA:308,4
DA:316,3
DA:321,1
DA:322,1
DA:331,5
DA:332,9
DA:333,9
DA:334,8
DA:335,8
DA:337,8
DA:344,8
DA:346,8
DA:353,1
DA:354,1
DA:364,5
DA:365,6
DA:366,6
DA:367,5
DA:368,3
DA:370,2
DA:374,1
DA:375,1
DA:380,5
DA:381,8
DA:382,8
DA:383,10
DA:386,8
DA:392,5
DA:393,3
DA:398,3
DA:401,2
DA:405,3
DA:406,3
LF:141
LH:141
BRDA:26,0,0,1
BRDA:26,0,1,1
BRDA:26,0,2,1
BRDA:26,0,3,1
BRDA:26,0,4,1
BRDA:26,0,5,1
BRDA:26,0,6,1
BRDA:26,0,7,2
BRDA:26,0,8,1
BRDA:26,0,9,1
BRDA:43,1,0,5
BRDA:43,1,1,5
BRDA:119,2,0,4
BRDA:119,2,1,5
BRDA:119,3,0,9
BRDA:119,3,1,7
BRDA:119,3,2,7
BRDA:160,4,0,1
BRDA:160,4,1,1
BRDA:160,4,2,1
BRDA:160,4,3,1
BRDA:160,4,4,1
BRDA:160,4,5,1
BRDA:160,4,6,1
BRDA:160,4,7,1
BRDA:175,5,0,5
BRDA:175,5,1,5
BRDA:208,6,0,7
BRDA:208,6,1,5
BRDA:212,7,0,3
BRDA:212,7,1,4
BRDA:212,8,0,7
BRDA:212,8,1,5
BRDA:213,9,0,3
BRDA:213,9,1,4
BRDA:213,10,0,7
BRDA:213,10,1,5
BRDA:260,11,0,6
BRDA:260,11,1,1
BRDA:335,12,0,1
BRDA:335,12,1,7
BRDA:335,13,0,8
BRDA:335,13,1,6
BRDA:367,14,0,3
BRDA:367,14,1,2
BRDA:392,15,0,3
BRDA:392,15,1,2
BRF:47
BRH:47
end_of_record
TN:
SF:helpers/authHelper.js
FN:3,(anonymous_0)
FN:14,(anonymous_1)
FNF:2
FNH:2
FNDA:5,(anonymous_0)
FNDA:3,(anonymous_1)
DA:3,6
DA:4,5
DA:5,5
DA:6,5
DA:7,4
DA:10,1
DA:14,6
DA:15,3
LF:8
LH:8
BRF:0
BRH:0
end_of_record
TN:
SF:middlewares/authMiddleware.js
FN:5,(anonymous_0)
FN:19,(anonymous_1)
FNF:2
FNH:2
FNDA:2,(anonymous_0)
FNDA:3,(anonymous_1)
DA:5,2
DA:6,2
DA:7,2
DA:11,1
DA:12,1
DA:14,1
DA:19,2
DA:20,3
DA:21,3
DA:22,2
DA:23,1
DA:28,1
DA:31,1
DA:32,1
LF:14
LH:14
BRDA:22,0,0,1
BRDA:22,0,1,1
BRF:2
BRH:2
end_of_record
TN:
SF:models/categoryModel.js
FNF:0
FNH:0
DA:3,8
LF:1
LH:1
BRF:0
BRH:0
end_of_record
TN:
SF:models/orderModel.js
FNF:0
FNH:0
DA:3,8
LF:1
LH:1
BRF:0
BRH:0
end_of_record
TN:
SF:models/productModel.js
FNF:0
FNH:0
DA:3,7
LF:1
LH:1
BRF:0
BRH:0
end_of_record
TN:
SF:models/userModel.js
FNF:0
FNH:0
DA:3,8
LF:1
LH:1
BRF:0
BRH:0
end_of_record
