TN:
SF:controllers/authController.js
FN:7,(anonymous_0)
FN:66,(anonymous_1)
FN:120,(anonymous_2)
FN:158,(anonymous_3)
FN:168,(anonymous_4)
FN:203,(anonymous_5)
FN:220,(anonymous_6)
FN:239,(anonymous_7)
FNF:8
FNH:8
FNDA:10,(anonymous_0)
FNDA:7,(anonymous_1)
FNDA:6,(anonymous_2)
FNDA:1,(anonymous_3)
FNDA:35,(anonymous_4)
FNDA:2,(anonymous_5)
FNDA:2,(anonymous_6)
FNDA:2,(anonymous_7)
DA:7,1
DA:8,10
DA:9,10
DA:11,10
DA:12,1
DA:14,9
DA:15,1
DA:17,8
DA:18,2
DA:20,6
DA:21,1
DA:23,5
DA:24,1
DA:26,4
DA:27,1
DA:30,3
DA:32,2
DA:33,1
DA:39,1
DA:41,1
DA:50,1
DA:56,1
DA:57,1
DA:66,1
DA:67,7
DA:68,7
DA:70,7
DA:71,2
DA:77,5
DA:78,4
DA:79,1
DA:84,3
DA:85,3
DA:86,1
DA:92,2
DA:95,1
DA:109,2
DA:110,2
DA:120,1
DA:121,6
DA:122,6
DA:123,6
DA:124,1
DA:126,6
DA:127,1
DA:129,6
DA:130,1
DA:133,6
DA:135,5
DA:136,4
DA:141,1
DA:142,1
DA:143,1
DA:148,1
DA:149,1
DA:158,1
DA:159,1
DA:160,1
DA:162,0
DA:163,0
DA:168,1
DA:169,35
DA:170,35
DA:171,35
DA:173,34
DA:174,1
DA:176,33
DA:177,33
DA:187,33
DA:193,1
DA:194,1
DA:203,1
DA:204,2
DA:205,2
DA:209,1
DA:211,1
DA:212,1
DA:220,1
DA:221,2
DA:222,2
DA:227,1
DA:229,1
DA:230,1
DA:239,1
DA:240,2
DA:241,2
DA:242,2
DA:243,2
DA:248,1
DA:250,1
DA:251,1
LF:91
LH:89
BRDA:11,0,0,1
BRDA:11,0,1,9
BRDA:14,1,0,1
BRDA:14,1,1,8
BRDA:17,2,0,2
BRDA:17,2,1,6
BRDA:20,3,0,1
BRDA:20,3,1,5
BRDA:23,4,0,1
BRDA:23,4,1,4
BRDA:26,5,0,1
BRDA:26,5,1,3
BRDA:32,6,0,1
BRDA:32,6,1,1
BRDA:70,7,0,2
BRDA:70,7,1,5
BRDA:70,8,0,7
BRDA:70,8,1,6
BRDA:78,9,0,1
BRDA:78,9,1,3
BRDA:85,10,0,1
BRDA:85,10,1,2
BRDA:123,11,0,1
BRDA:123,11,1,5
BRDA:126,12,0,1
BRDA:126,12,1,5
BRDA:129,13,0,1
BRDA:129,13,1,5
BRDA:135,14,0,4
BRDA:135,14,1,1
BRDA:173,15,0,1
BRDA:173,15,1,33
BRDA:173,16,0,34
BRDA:173,16,1,18
BRDA:176,17,0,17
BRDA:176,17,1,16
BRDA:180,18,0,33
BRDA:180,18,1,17
BRDA:181,19,0,33
BRDA:181,19,1,16
BRDA:182,20,0,33
BRDA:182,20,1,17
BRDA:183,21,0,33
BRDA:183,21,1,17
BRF:44
BRH:44
end_of_record
TN:
SF:controllers/categoryController.js
FN:3,(anonymous_0)
FN:37,(anonymous_1)
FN:62,(anonymous_2)
FN:81,(anonymous_3)
FN:100,(anonymous_4)
FNF:5
FNH:5
FNDA:4,(anonymous_0)
FNDA:2,(anonymous_1)
FNDA:2,(anonymous_2)
FNDA:2,(anonymous_3)
FNDA:2,(anonymous_4)
DA:3,1
DA:4,4
DA:5,4
DA:6,4
DA:7,1
DA:9,3
DA:10,2
DA:11,1
DA:16,1
DA:21,1
DA:27,1
DA:28,1
DA:37,1
DA:38,2
DA:39,2
DA:40,2
DA:41,2
DA:46,1
DA:52,1
DA:53,1
DA:62,1
DA:63,2
DA:64,2
DA:65,1
DA:71,1
DA:72,1
DA:81,1
DA:82,2
DA:83,2
DA:84,1
DA:90,1
DA:91,1
DA:100,1
DA:101,2
DA:102,2
DA:103,2
DA:104,1
DA:109,1
DA:110,1
LF:39
LH:39
BRDA:6,0,0,1
BRDA:6,0,1,3
BRDA:10,1,0,1
BRDA:10,1,1,1
BRF:4
BRH:4
end_of_record
TN:
SF:controllers/productController.js
FN:20,(anonymous_0)
FN:65,(anonymous_1)
FN:89,(anonymous_2)
FN:111,(anonymous_3)
FN:129,(anonymous_4)
FN:147,(anonymous_5)
FN:196,(anonymous_6)
FN:218,(anonymous_7)
FN:236,(anonymous_8)
FN:261,(anonymous_9)
FN:284,(anonymous_10)
FN:310,(anonymous_11)
FN:331,(anonymous_12)
FN:333,(anonymous_13)
FN:347,(anonymous_14)
FN:350,(anonymous_15)
FNF:16
FNH:16
FNDA:9,(anonymous_0)
FNDA:2,(anonymous_1)
FNDA:2,(anonymous_2)
FNDA:3,(anonymous_3)
FNDA:2,(anonymous_4)
FNDA:9,(anonymous_5)
FNDA:3,(anonymous_6)
FNDA:2,(anonymous_7)
FNDA:3,(anonymous_8)
FNDA:2,(anonymous_9)
FNDA:2,(anonymous_10)
FNDA:2,(anonymous_11)
FNDA:4,(anonymous_12)
FNDA:3,(anonymous_13)
FNDA:3,(anonymous_14)
FNDA:4,(anonymous_15)
DA:10,1
DA:13,1
DA:20,1
DA:21,9
DA:23,9
DA:24,9
DA:26,9
DA:28,1
DA:30,1
DA:32,1
DA:34,1
DA:36,1
DA:38,1
DA:43,3
DA:44,2
DA:45,1
DA:46,1
DA:48,2
DA:49,2
DA:55,1
DA:56,1
DA:65,1
DA:66,2
DA:67,2
DA:73,1
DA:80,1
DA:81,1
DA:89,1
DA:90,2
DA:91,2
DA:95,1
DA:101,1
DA:102,1
DA:111,1
DA:112,3
DA:113,3
DA:114,2
DA:115,1
DA:116,1
DA:119,1
DA:120,1
DA:129,1
DA:130,2
DA:131,2
DA:132,1
DA:137,1
DA:138,1
DA:147,1
DA:148,9
DA:150,9
DA:151,9
DA:153,9
DA:155,1
DA:157,1
DA:159,1
DA:161,1
DA:163,1
DA:165,1
DA:170,3
DA:175,2
DA:176,1
DA:177,1
DA:179,2
DA:180,2
DA:186,1
DA:187,1
DA:196,1
DA:197,3
DA:198,3
DA:199,3
DA:200,3
DA:201,3
DA:202,3
DA:203,2
DA:208,1
DA:209,1
DA:218,1
DA:219,2
DA:220,2
DA:221,1
DA:226,1
DA:227,1
DA:236,1
DA:237,3
DA:238,3
DA:239,3
DA:240,3
DA:246,2
DA:251,1
DA:252,1
DA:261,1
DA:262,2
DA:263,2
DA:264,2
DA:272,1
DA:274,1
DA:275,1
DA:284,1
DA:285,2
DA:286,2
DA:287,2
DA:295,1
DA:300,1
DA:301,1
DA:310,1
DA:311,2
DA:312,2
DA:313,1
DA:314,1
DA:320,1
DA:321,1
DA:331,1
DA:332,4
DA:333,4
DA:334,3
DA:335,2
DA:337,1
DA:341,1
DA:342,1
DA:347,1
DA:348,3
DA:349,3
DA:350,4
DA:353,3
DA:359,2
DA:360,1
DA:365,1
DA:368,1
DA:372,1
DA:373,1
LF:130
LH:130
BRDA:26,0,0,1
BRDA:26,0,1,1
BRDA:26,0,2,1
BRDA:26,0,3,1
BRDA:26,0,4,1
BRDA:26,0,5,1
BRDA:37,1,0,4
BRDA:37,1,1,3
BRDA:44,2,0,1
BRDA:44,2,1,1
BRDA:114,3,0,1
BRDA:114,3,1,1
BRDA:153,4,0,1
BRDA:153,4,1,1
BRDA:153,4,2,1
BRDA:153,4,3,1
BRDA:153,4,4,1
BRDA:153,4,5,1
BRDA:164,5,0,4
BRDA:164,5,1,3
BRDA:175,6,0,1
BRDA:175,6,1,1
BRDA:200,7,0,2
BRDA:200,7,1,1
BRDA:201,8,0,2
BRDA:201,8,1,1
BRDA:239,9,0,2
BRDA:239,9,1,1
BRDA:334,10,0,2
BRDA:334,10,1,1
BRDA:359,11,0,1
BRDA:359,11,1,1
BRF:32
BRH:32
end_of_record
TN:
SF:helpers/authHelper.js
FN:3,(anonymous_0)
FN:14,(anonymous_1)
FNF:2
FNH:2
FNDA:2,(anonymous_0)
FNDA:1,(anonymous_1)
DA:3,2
DA:4,2
DA:5,2
DA:6,2
DA:7,1
DA:10,1
DA:14,2
DA:15,1
LF:8
LH:8
BRF:0
BRH:0
end_of_record
TN:
SF:middlewares/authMiddleware.js
FN:5,(anonymous_0)
FN:19,(anonymous_1)
FNF:2
FNH:2
FNDA:2,(anonymous_0)
FNDA:3,(anonymous_1)
DA:5,1
DA:6,2
DA:7,2
DA:11,1
DA:12,1
DA:14,1
DA:19,1
DA:20,3
DA:21,3
DA:22,2
DA:23,1
DA:28,1
DA:31,1
DA:32,1
LF:14
LH:14
BRDA:22,0,0,1
BRDA:22,0,1,1
BRF:2
BRH:2
end_of_record
