{"/Users/nicholasleong/Desktop/cs4218-2520-ecom-project-cs4218-2520-team24/client/src/components/AdminMenu.js": {"path":"/Users/nicholasleong/Desktop/cs4218-2520-ecom-project-cs4218-2520-team24/client/src/components/AdminMenu.js","statementMap":{"0":{"start":{"line":3,"column":18},"end":{"line":43,"column":1}},"1":{"start":{"line":4,"column":2},"end":{"line":42,"column":4}}},"fnMap":{"0":{"name":"(anonymous_0)","decl":{"start":{"line":3,"column":18},"end":{"line":3,"column":19}},"loc":{"start":{"line":3,"column":24},"end":{"line":43,"column":1}},"line":3}},"branchMap":{},"s":{"0":1,"1":2},"f":{"0":2},"b":{},"_coverageSchema":"1a1c01bbd47fc00a2c39e90264f33305004495a9","hash":"64dd061c576d9a287174ed4e8372641c319d056a"}
,"/Users/nicholasleong/Desktop/cs4218-2520-ecom-project-cs4218-2520-team24/client/src/components/Footer.js": {"path":"/Users/nicholasleong/Desktop/cs4218-2520-ecom-project-cs4218-2520-team24/client/src/components/Footer.js","statementMap":{"0":{"start":{"line":4,"column":15},"end":{"line":14,"column":1}},"1":{"start":{"line":5,"column":2},"end":{"line":13,"column":4}}},"fnMap":{"0":{"name":"(anonymous_0)","decl":{"start":{"line":4,"column":15},"end":{"line":4,"column":16}},"loc":{"start":{"line":4,"column":21},"end":{"line":14,"column":1}},"line":4}},"branchMap":{},"s":{"0":3,"1":31},"f":{"0":31},"b":{},"_coverageSchema":"1a1c01bbd47fc00a2c39e90264f33305004495a9","hash":"378784063fcc5461f57f858aa4429cb08d1c0314"}
,"/Users/nicholasleong/Desktop/cs4218-2520-ecom-project-cs4218-2520-team24/client/src/components/Header.js": {"path":"/Users/nicholasleong/Desktop/cs4218-2520-ecom-project-cs4218-2520-team24/client/src/components/Header.js","statementMap":{"0":{"start":{"line":10,"column":15},"end":{"line":138,"column":1}},"1":{"start":{"line":11,"column":26},"end":{"line":11,"column":35}},"2":{"start":{"line":12,"column":17},"end":{"line":12,"column":26}},"3":{"start":{"line":13,"column":21},"end":{"line":13,"column":34}},"4":{"start":{"line":14,"column":23},"end":{"line":22,"column":3}},"5":{"start":{"line":15,"column":4},"end":{"line":19,"column":7}},"6":{"start":{"line":20,"column":4},"end":{"line":20,"column":36}},"7":{"start":{"line":21,"column":4},"end":{"line":21,"column":41}},"8":{"start":{"line":23,"column":2},"end":{"line":137,"column":4}},"9":{"start":{"line":64,"column":20},"end":{"line":71,"column":25}}},"fnMap":{"0":{"name":"(anonymous_0)","decl":{"start":{"line":10,"column":15},"end":{"line":10,"column":16}},"loc":{"start":{"line":10,"column":21},"end":{"line":138,"column":1}},"line":10},"1":{"name":"(anonymous_1)","decl":{"start":{"line":14,"column":23},"end":{"line":14,"column":24}},"loc":{"start":{"line":14,"column":29},"end":{"line":22,"column":3}},"line":14},"2":{"name":"(anonymous_2)","decl":{"start":{"line":63,"column":35},"end":{"line":63,"column":36}},"loc":{"start":{"line":64,"column":20},"end":{"line":71,"column":25}},"line":64}},"branchMap":{"0":{"loc":{"start":{"line":76,"column":15},"end":{"line":124,"column":15}},"type":"cond-expr","locations":[{"start":{"line":77,"column":16},"end":{"line":88,"column":19}},{"start":{"line":90,"column":16},"end":{"line":123,"column":19}}],"line":76},"1":{"loc":{"start":{"line":105,"column":28},"end":{"line":105,"column":69}},"type":"cond-expr","locations":[{"start":{"line":105,"column":53},"end":{"line":105,"column":60}},{"start":{"line":105,"column":63},"end":{"line":105,"column":69}}],"line":105}},"s":{"0":3,"1":35,"2":35,"3":35,"4":35,"5":1,"6":1,"7":1,"8":35,"9":2},"f":{"0":35,"1":1,"2":2},"b":{"0":[31,4],"1":[1,3]},"_coverageSchema":"1a1c01bbd47fc00a2c39e90264f33305004495a9","hash":"0d0905b3b5d1a2b3ac6460f4b7f223d906774d9d"}
,"/Users/nicholasleong/Desktop/cs4218-2520-ecom-project-cs4218-2520-team24/client/src/components/Layout.js": {"path":"/Users/nicholasleong/Desktop/cs4218-2520-ecom-project-cs4218-2520-team24/client/src/components/Layout.js","statementMap":{"0":{"start":{"line":8,"column":15},"end":{"line":26,"column":1}},"1":{"start":{"line":9,"column":2},"end":{"line":25,"column":4}},"2":{"start":{"line":28,"column":0},"end":{"line":33,"column":2}}},"fnMap":{"0":{"name":"(anonymous_0)","decl":{"start":{"line":8,"column":15},"end":{"line":8,"column":16}},"loc":{"start":{"line":8,"column":71},"end":{"line":26,"column":1}},"line":8}},"branchMap":{},"s":{"0":3,"1":30,"2":3},"f":{"0":30},"b":{},"_coverageSchema":"1a1c01bbd47fc00a2c39e90264f33305004495a9","hash":"4fe728e54dccf856ea0db241c42d985a39c64a79"}
,"/Users/nicholasleong/Desktop/cs4218-2520-ecom-project-cs4218-2520-team24/client/src/components/Prices.js": {"path":"/Users/nicholasleong/Desktop/cs4218-2520-ecom-project-cs4218-2520-team24/client/src/components/Prices.js","statementMap":{"0":{"start":{"line":1,"column":22},"end":{"line":32,"column":3}}},"fnMap":{},"branchMap":{},"s":{"0":1},"f":{},"b":{},"_coverageSchema":"1a1c01bbd47fc00a2c39e90264f33305004495a9","hash":"b5eba4b2c9fa9ce79e94cb9143d82a2ca42614d4"}
,"/Users/nicholasleong/Desktop/cs4218-2520-ecom-project-cs4218-2520-team24/client/src/components/Spinner.js": {"path":"/Users/nicholasleong/Desktop/cs4218-2520-ecom-project-cs4218-2520-team24/client/src/components/Spinner.js","statementMap":{"0":{"start":{"line":3,"column":16},"end":{"line":30,"column":1}},"1":{"start":{"line":4,"column":28},"end":{"line":4,"column":39}},"2":{"start":{"line":5,"column":19},"end":{"line":5,"column":32}},"3":{"start":{"line":6,"column":19},"end":{"line":6,"column":32}},"4":{"start":{"line":8,"column":2},"end":{"line":16,"column":34}},"5":{"start":{"line":9,"column":21},"end":{"line":11,"column":12}},"6":{"start":{"line":10,"column":6},"end":{"line":10,"column":43}},"7":{"start":{"line":10,"column":30},"end":{"line":10,"column":41}},"8":{"start":{"line":12,"column":4},"end":{"line":14,"column":9}},"9":{"start":{"line":15,"column":4},"end":{"line":15,"column":41}},"10":{"start":{"line":15,"column":17},"end":{"line":15,"column":40}},"11":{"start":{"line":17,"column":2},"end":{"line":29,"column":4}}},"fnMap":{"0":{"name":"(anonymous_0)","decl":{"start":{"line":3,"column":16},"end":{"line":3,"column":17}},"loc":{"start":{"line":3,"column":40},"end":{"line":30,"column":1}},"line":3},"1":{"name":"(anonymous_1)","decl":{"start":{"line":8,"column":12},"end":{"line":8,"column":13}},"loc":{"start":{"line":8,"column":18},"end":{"line":16,"column":3}},"line":8},"2":{"name":"(anonymous_2)","decl":{"start":{"line":9,"column":33},"end":{"line":9,"column":34}},"loc":{"start":{"line":9,"column":39},"end":{"line":11,"column":5}},"line":9},"3":{"name":"(anonymous_3)","decl":{"start":{"line":10,"column":15},"end":{"line":10,"column":16}},"loc":{"start":{"line":10,"column":30},"end":{"line":10,"column":41}},"line":10},"4":{"name":"(anonymous_4)","decl":{"start":{"line":15,"column":11},"end":{"line":15,"column":12}},"loc":{"start":{"line":15,"column":17},"end":{"line":15,"column":40}},"line":15}},"branchMap":{"0":{"loc":{"start":{"line":3,"column":19},"end":{"line":3,"column":33}},"type":"default-arg","locations":[{"start":{"line":3,"column":26},"end":{"line":3,"column":33}}],"line":3},"1":{"loc":{"start":{"line":12,"column":4},"end":{"line":14,"column":8}},"type":"binary-expr","locations":[{"start":{"line":12,"column":4},"end":{"line":12,"column":15}},{"start":{"line":12,"column":19},"end":{"line":14,"column":8}}],"line":12}},"s":{"0":1,"1":13,"2":13,"3":13,"4":13,"5":13,"6":12,"7":12,"8":13,"9":13,"10":13,"11":13},"f":{"0":13,"1":13,"2":12,"3":12,"4":13},"b":{"0":[10],"1":[13,3]},"_coverageSchema":"1a1c01bbd47fc00a2c39e90264f33305004495a9","hash":"d56c0a131441ef2b9450acac101d6389c75482f4"}
,"/Users/nicholasleong/Desktop/cs4218-2520-ecom-project-cs4218-2520-team24/client/src/components/UserMenu.js": {"path":"/Users/nicholasleong/Desktop/cs4218-2520-ecom-project-cs4218-2520-team24/client/src/components/UserMenu.js","statementMap":{"0":{"start":{"line":3,"column":17},"end":{"line":25,"column":1}},"1":{"start":{"line":4,"column":2},"end":{"line":24,"column":4}}},"fnMap":{"0":{"name":"(anonymous_0)","decl":{"start":{"line":3,"column":17},"end":{"line":3,"column":18}},"loc":{"start":{"line":3,"column":23},"end":{"line":25,"column":1}},"line":3}},"branchMap":{},"s":{"0":1,"1":2},"f":{"0":2},"b":{},"_coverageSchema":"1a1c01bbd47fc00a2c39e90264f33305004495a9","hash":"5fc6368aeed2a6bcdcd7e2391a5dd8bc94fd96e2"}
,"/Users/nicholasleong/Desktop/cs4218-2520-ecom-project-cs4218-2520-team24/client/src/components/Form/CategoryForm.js": {"path":"/Users/nicholasleong/Desktop/cs4218-2520-ecom-project-cs4218-2520-team24/client/src/components/Form/CategoryForm.js","statementMap":{"0":{"start":{"line":3,"column":21},"end":{"line":23,"column":1}},"1":{"start":{"line":4,"column":2},"end":{"line":22,"column":4}},"2":{"start":{"line":13,"column":29},"end":{"line":13,"column":53}}},"fnMap":{"0":{"name":"(anonymous_0)","decl":{"start":{"line":3,"column":21},"end":{"line":3,"column":22}},"loc":{"start":{"line":3,"column":60},"end":{"line":23,"column":1}},"line":3},"1":{"name":"(anonymous_1)","decl":{"start":{"line":13,"column":22},"end":{"line":13,"column":23}},"loc":{"start":{"line":13,"column":29},"end":{"line":13,"column":53}},"line":13}},"branchMap":{},"s":{"0":1,"1":4,"2":1},"f":{"0":4,"1":1},"b":{},"_coverageSchema":"1a1c01bbd47fc00a2c39e90264f33305004495a9","hash":"fafe7350e536bd29522a50837c4bf9bef0f92318"}
,"/Users/nicholasleong/Desktop/cs4218-2520-ecom-project-cs4218-2520-team24/client/src/components/Form/SearchInput.js": {"path":"/Users/nicholasleong/Desktop/cs4218-2520-ecom-project-cs4218-2520-team24/client/src/components/Form/SearchInput.js","statementMap":{"0":{"start":{"line":5,"column":20},"end":{"line":38,"column":1}},"1":{"start":{"line":6,"column":30},"end":{"line":6,"column":41}},"2":{"start":{"line":7,"column":19},"end":{"line":7,"column":32}},"3":{"start":{"line":9,"column":23},"end":{"line":20,"column":3}},"4":{"start":{"line":10,"column":4},"end":{"line":10,"column":23}},"5":{"start":{"line":11,"column":4},"end":{"line":19,"column":5}},"6":{"start":{"line":12,"column":23},"end":{"line":14,"column":7}},"7":{"start":{"line":15,"column":6},"end":{"line":15,"column":46}},"8":{"start":{"line":16,"column":6},"end":{"line":16,"column":26}},"9":{"start":{"line":18,"column":6},"end":{"line":18,"column":25}},"10":{"start":{"line":21,"column":2},"end":{"line":37,"column":4}},"11":{"start":{"line":30,"column":27},"end":{"line":30,"column":76}}},"fnMap":{"0":{"name":"(anonymous_0)","decl":{"start":{"line":5,"column":20},"end":{"line":5,"column":21}},"loc":{"start":{"line":5,"column":26},"end":{"line":38,"column":1}},"line":5},"1":{"name":"(anonymous_1)","decl":{"start":{"line":9,"column":23},"end":{"line":9,"column":24}},"loc":{"start":{"line":9,"column":36},"end":{"line":20,"column":3}},"line":9},"2":{"name":"(anonymous_2)","decl":{"start":{"line":30,"column":20},"end":{"line":30,"column":21}},"loc":{"start":{"line":30,"column":27},"end":{"line":30,"column":76}},"line":30}},"branchMap":{},"s":{"0":3,"1":31,"2":31,"3":31,"4":2,"5":2,"6":2,"7":1,"8":1,"9":1,"10":31,"11":1},"f":{"0":31,"1":2,"2":1},"b":{},"_coverageSchema":"1a1c01bbd47fc00a2c39e90264f33305004495a9","hash":"c9f8958ebc947ddbaed0304b57de4583b37f516b"}
,"/Users/nicholasleong/Desktop/cs4218-2520-ecom-project-cs4218-2520-team24/client/src/components/Routes/AdminRoute.js": {"path":"/Users/nicholasleong/Desktop/cs4218-2520-ecom-project-cs4218-2520-team24/client/src/components/Routes/AdminRoute.js","statementMap":{"0":{"start":{"line":8,"column":23},"end":{"line":8,"column":38}},"1":{"start":{"line":9,"column":27},"end":{"line":9,"column":36}},"2":{"start":{"line":11,"column":4},"end":{"line":21,"column":22}},"3":{"start":{"line":12,"column":26},"end":{"line":19,"column":9}},"4":{"start":{"line":13,"column":24},"end":{"line":13,"column":66}},"5":{"start":{"line":14,"column":12},"end":{"line":18,"column":13}},"6":{"start":{"line":15,"column":16},"end":{"line":15,"column":28}},"7":{"start":{"line":17,"column":16},"end":{"line":17,"column":29}},"8":{"start":{"line":20,"column":8},"end":{"line":20,"column":37}},"9":{"start":{"line":20,"column":25},"end":{"line":20,"column":37}},"10":{"start":{"line":23,"column":4},"end":{"line":23,"column":40}}},"fnMap":{"0":{"name":"AdminRoute","decl":{"start":{"line":7,"column":24},"end":{"line":7,"column":34}},"loc":{"start":{"line":7,"column":36},"end":{"line":24,"column":1}},"line":7},"1":{"name":"(anonymous_1)","decl":{"start":{"line":11,"column":14},"end":{"line":11,"column":15}},"loc":{"start":{"line":11,"column":19},"end":{"line":21,"column":5}},"line":11},"2":{"name":"(anonymous_2)","decl":{"start":{"line":12,"column":26},"end":{"line":12,"column":27}},"loc":{"start":{"line":12,"column":37},"end":{"line":19,"column":9}},"line":12}},"branchMap":{"0":{"loc":{"start":{"line":14,"column":12},"end":{"line":18,"column":13}},"type":"if","locations":[{"start":{"line":14,"column":12},"end":{"line":18,"column":13}},{"start":{"line":16,"column":19},"end":{"line":18,"column":13}}],"line":14},"1":{"loc":{"start":{"line":20,"column":8},"end":{"line":20,"column":37}},"type":"if","locations":[{"start":{"line":20,"column":8},"end":{"line":20,"column":37}},{"start":{},"end":{}}],"line":20},"2":{"loc":{"start":{"line":23,"column":11},"end":{"line":23,"column":39}},"type":"cond-expr","locations":[{"start":{"line":23,"column":16},"end":{"line":23,"column":26}},{"start":{"line":23,"column":29},"end":{"line":23,"column":39}}],"line":23}},"s":{"0":5,"1":5,"2":5,"3":4,"4":3,"5":2,"6":1,"7":1,"8":4,"9":3,"10":5},"f":{"0":5,"1":4,"2":3},"b":{"0":[1,1],"1":[3,1],"2":[1,4]},"_coverageSchema":"1a1c01bbd47fc00a2c39e90264f33305004495a9","hash":"6e4a84f1aa92f7a6fd69d0bebb416ad1d5058eb2"}
,"/Users/nicholasleong/Desktop/cs4218-2520-ecom-project-cs4218-2520-team24/client/src/components/Routes/Private.js": {"path":"/Users/nicholasleong/Desktop/cs4218-2520-ecom-project-cs4218-2520-team24/client/src/components/Routes/Private.js","statementMap":{"0":{"start":{"line":8,"column":23},"end":{"line":8,"column":38}},"1":{"start":{"line":9,"column":27},"end":{"line":9,"column":36}},"2":{"start":{"line":11,"column":4},"end":{"line":21,"column":22}},"3":{"start":{"line":12,"column":26},"end":{"line":19,"column":9}},"4":{"start":{"line":13,"column":24},"end":{"line":13,"column":65}},"5":{"start":{"line":14,"column":12},"end":{"line":18,"column":13}},"6":{"start":{"line":15,"column":16},"end":{"line":15,"column":28}},"7":{"start":{"line":17,"column":16},"end":{"line":17,"column":29}},"8":{"start":{"line":20,"column":8},"end":{"line":20,"column":37}},"9":{"start":{"line":20,"column":25},"end":{"line":20,"column":37}},"10":{"start":{"line":23,"column":4},"end":{"line":23,"column":48}}},"fnMap":{"0":{"name":"PrivateRoute","decl":{"start":{"line":7,"column":24},"end":{"line":7,"column":36}},"loc":{"start":{"line":7,"column":38},"end":{"line":24,"column":1}},"line":7},"1":{"name":"(anonymous_1)","decl":{"start":{"line":11,"column":14},"end":{"line":11,"column":15}},"loc":{"start":{"line":11,"column":19},"end":{"line":21,"column":5}},"line":11},"2":{"name":"(anonymous_2)","decl":{"start":{"line":12,"column":26},"end":{"line":12,"column":27}},"loc":{"start":{"line":12,"column":37},"end":{"line":19,"column":9}},"line":12}},"branchMap":{"0":{"loc":{"start":{"line":14,"column":12},"end":{"line":18,"column":13}},"type":"if","locations":[{"start":{"line":14,"column":12},"end":{"line":18,"column":13}},{"start":{"line":16,"column":19},"end":{"line":18,"column":13}}],"line":14},"1":{"loc":{"start":{"line":20,"column":8},"end":{"line":20,"column":37}},"type":"if","locations":[{"start":{"line":20,"column":8},"end":{"line":20,"column":37}},{"start":{},"end":{}}],"line":20},"2":{"loc":{"start":{"line":23,"column":11},"end":{"line":23,"column":47}},"type":"cond-expr","locations":[{"start":{"line":23,"column":16},"end":{"line":23,"column":26}},{"start":{"line":23,"column":29},"end":{"line":23,"column":47}}],"line":23}},"s":{"0":4,"1":4,"2":4,"3":3,"4":2,"5":2,"6":1,"7":1,"8":3,"9":2,"10":4},"f":{"0":4,"1":3,"2":2},"b":{"0":[1,1],"1":[2,1],"2":[1,3]},"_coverageSchema":"1a1c01bbd47fc00a2c39e90264f33305004495a9","hash":"19accfe68c2c78d44e5dd28227474fd0211dd256"}
,"/Users/nicholasleong/Desktop/cs4218-2520-ecom-project-cs4218-2520-team24/client/src/context/auth.js": {"path":"/Users/nicholasleong/Desktop/cs4218-2520-ecom-project-cs4218-2520-team24/client/src/context/auth.js","statementMap":{"0":{"start":{"line":4,"column":20},"end":{"line":4,"column":35}},"1":{"start":{"line":6,"column":21},"end":{"line":32,"column":1}},"2":{"start":{"line":7,"column":28},"end":{"line":10,"column":6}},"3":{"start":{"line":13,"column":4},"end":{"line":13,"column":65}},"4":{"start":{"line":15,"column":4},"end":{"line":26,"column":11}},"5":{"start":{"line":16,"column":20},"end":{"line":16,"column":48}},"6":{"start":{"line":17,"column":7},"end":{"line":24,"column":8}},"7":{"start":{"line":18,"column":26},"end":{"line":18,"column":42}},"8":{"start":{"line":19,"column":8},"end":{"line":23,"column":11}},"9":{"start":{"line":27,"column":4},"end":{"line":31,"column":6}},"10":{"start":{"line":35,"column":16},"end":{"line":35,"column":45}},"11":{"start":{"line":35,"column":22},"end":{"line":35,"column":45}}},"fnMap":{"0":{"name":"(anonymous_0)","decl":{"start":{"line":6,"column":21},"end":{"line":6,"column":22}},"loc":{"start":{"line":6,"column":39},"end":{"line":32,"column":1}},"line":6},"1":{"name":"(anonymous_1)","decl":{"start":{"line":15,"column":14},"end":{"line":15,"column":15}},"loc":{"start":{"line":15,"column":20},"end":{"line":26,"column":5}},"line":15},"2":{"name":"(anonymous_2)","decl":{"start":{"line":35,"column":16},"end":{"line":35,"column":17}},"loc":{"start":{"line":35,"column":22},"end":{"line":35,"column":45}},"line":35}},"branchMap":{"0":{"loc":{"start":{"line":17,"column":7},"end":{"line":24,"column":8}},"type":"if","locations":[{"start":{"line":17,"column":7},"end":{"line":24,"column":8}},{"start":{},"end":{}}],"line":17}},"s":{"0":1,"1":1,"2":5,"3":5,"4":5,"5":3,"6":3,"7":1,"8":1,"9":5,"10":1,"11":5},"f":{"0":5,"1":3,"2":5},"b":{"0":[1,2]},"_coverageSchema":"1a1c01bbd47fc00a2c39e90264f33305004495a9","hash":"f556da3fd850848b621f4b97c155f6e35fe6bb0c"}
,"/Users/nicholasleong/Desktop/cs4218-2520-ecom-project-cs4218-2520-team24/client/src/context/cart.js": {"path":"/Users/nicholasleong/Desktop/cs4218-2520-ecom-project-cs4218-2520-team24/client/src/context/cart.js","statementMap":{"0":{"start":{"line":3,"column":20},"end":{"line":3,"column":35}},"1":{"start":{"line":4,"column":21},"end":{"line":17,"column":1}},"2":{"start":{"line":5,"column":26},"end":{"line":5,"column":38}},"3":{"start":{"line":7,"column":2},"end":{"line":10,"column":9}},"4":{"start":{"line":8,"column":27},"end":{"line":8,"column":55}},"5":{"start":{"line":9,"column":4},"end":{"line":9,"column":64}},"6":{"start":{"line":9,"column":26},"end":{"line":9,"column":64}},"7":{"start":{"line":12,"column":2},"end":{"line":16,"column":4}},"8":{"start":{"line":20,"column":16},"end":{"line":20,"column":45}},"9":{"start":{"line":20,"column":22},"end":{"line":20,"column":45}}},"fnMap":{"0":{"name":"(anonymous_0)","decl":{"start":{"line":4,"column":21},"end":{"line":4,"column":22}},"loc":{"start":{"line":4,"column":39},"end":{"line":17,"column":1}},"line":4},"1":{"name":"(anonymous_1)","decl":{"start":{"line":7,"column":12},"end":{"line":7,"column":13}},"loc":{"start":{"line":7,"column":18},"end":{"line":10,"column":3}},"line":7},"2":{"name":"(anonymous_2)","decl":{"start":{"line":20,"column":16},"end":{"line":20,"column":17}},"loc":{"start":{"line":20,"column":22},"end":{"line":20,"column":45}},"line":20}},"branchMap":{"0":{"loc":{"start":{"line":9,"column":4},"end":{"line":9,"column":64}},"type":"if","locations":[{"start":{"line":9,"column":4},"end":{"line":9,"column":64}},{"start":{},"end":{}}],"line":9}},"s":{"0":1,"1":1,"2":5,"3":5,"4":3,"5":3,"6":1,"7":5,"8":1,"9":5},"f":{"0":5,"1":3,"2":5},"b":{"0":[1,2]},"_coverageSchema":"1a1c01bbd47fc00a2c39e90264f33305004495a9","hash":"94d8fe2b5735a899996258c3bfe8b57670c4f552"}
,"/Users/nicholasleong/Desktop/cs4218-2520-ecom-project-cs4218-2520-team24/client/src/context/search.js": {"path":"/Users/nicholasleong/Desktop/cs4218-2520-ecom-project-cs4218-2520-team24/client/src/context/search.js","statementMap":{"0":{"start":{"line":3,"column":22},"end":{"line":3,"column":37}},"1":{"start":{"line":4,"column":23},"end":{"line":15,"column":1}},"2":{"start":{"line":5,"column":26},"end":{"line":8,"column":4}},"3":{"start":{"line":10,"column":2},"end":{"line":14,"column":4}},"4":{"start":{"line":18,"column":18},"end":{"line":18,"column":49}},"5":{"start":{"line":18,"column":24},"end":{"line":18,"column":49}}},"fnMap":{"0":{"name":"(anonymous_0)","decl":{"start":{"line":4,"column":23},"end":{"line":4,"column":24}},"loc":{"start":{"line":4,"column":41},"end":{"line":15,"column":1}},"line":4},"1":{"name":"(anonymous_1)","decl":{"start":{"line":18,"column":18},"end":{"line":18,"column":19}},"loc":{"start":{"line":18,"column":24},"end":{"line":18,"column":49}},"line":18}},"branchMap":{},"s":{"0":1,"1":1,"2":3,"3":3,"4":1,"5":3},"f":{"0":3,"1":3},"b":{},"_coverageSchema":"1a1c01bbd47fc00a2c39e90264f33305004495a9","hash":"11e30f027a70ce530997d7f5829ee8fcdbdab785"}
,"/Users/nicholasleong/Desktop/cs4218-2520-ecom-project-cs4218-2520-team24/client/src/hooks/useCategory.js": {"path":"/Users/nicholasleong/Desktop/cs4218-2520-ecom-project-cs4218-2520-team24/client/src/hooks/useCategory.js","statementMap":{"0":{"start":{"line":5,"column":38},"end":{"line":5,"column":50}},"1":{"start":{"line":8,"column":24},"end":{"line":15,"column":3}},"2":{"start":{"line":9,"column":4},"end":{"line":14,"column":5}},"3":{"start":{"line":10,"column":23},"end":{"line":10,"column":71}},"4":{"start":{"line":11,"column":6},"end":{"line":11,"column":36}},"5":{"start":{"line":13,"column":6},"end":{"line":13,"column":25}},"6":{"start":{"line":17,"column":2},"end":{"line":19,"column":9}},"7":{"start":{"line":18,"column":4},"end":{"line":18,"column":20}},"8":{"start":{"line":21,"column":2},"end":{"line":21,"column":20}}},"fnMap":{"0":{"name":"useCategory","decl":{"start":{"line":4,"column":24},"end":{"line":4,"column":35}},"loc":{"start":{"line":4,"column":38},"end":{"line":22,"column":1}},"line":4},"1":{"name":"(anonymous_1)","decl":{"start":{"line":8,"column":24},"end":{"line":8,"column":25}},"loc":{"start":{"line":8,"column":36},"end":{"line":15,"column":3}},"line":8},"2":{"name":"(anonymous_2)","decl":{"start":{"line":17,"column":12},"end":{"line":17,"column":13}},"loc":{"start":{"line":17,"column":18},"end":{"line":19,"column":3}},"line":17}},"branchMap":{},"s":{"0":30,"1":30,"2":9,"3":9,"4":5,"5":4,"6":30,"7":9,"8":30},"f":{"0":30,"1":9,"2":9},"b":{},"_coverageSchema":"1a1c01bbd47fc00a2c39e90264f33305004495a9","hash":"2397cc6d86ff55478dc9d30c39ff33f280574946"}
,"/Users/nicholasleong/Desktop/cs4218-2520-ecom-project-cs4218-2520-team24/client/src/pages/Auth/Login.js": {"path":"/Users/nicholasleong/Desktop/cs4218-2520-ecom-project-cs4218-2520-team24/client/src/pages/Auth/Login.js","statementMap":{"0":{"start":{"line":9,"column":14},"end":{"line":99,"column":1}},"1":{"start":{"line":10,"column":28},"end":{"line":10,"column":40}},"2":{"start":{"line":11,"column":34},"end":{"line":11,"column":46}},"3":{"start":{"line":12,"column":26},"end":{"line":12,"column":35}},"4":{"start":{"line":15,"column":19},"end":{"line":15,"column":32}},"5":{"start":{"line":16,"column":19},"end":{"line":16,"column":32}},"6":{"start":{"line":20,"column":23},"end":{"line":50,"column":3}},"7":{"start":{"line":21,"column":4},"end":{"line":21,"column":23}},"8":{"start":{"line":22,"column":4},"end":{"line":49,"column":5}},"9":{"start":{"line":23,"column":18},"end":{"line":26,"column":8}},"10":{"start":{"line":27,"column":6},"end":{"line":45,"column":7}},"11":{"start":{"line":28,"column":8},"end":{"line":35,"column":13}},"12":{"start":{"line":36,"column":8},"end":{"line":40,"column":11}},"13":{"start":{"line":41,"column":8},"end":{"line":41,"column":63}},"14":{"start":{"line":42,"column":8},"end":{"line":42,"column":40}},"15":{"start":{"line":44,"column":8},"end":{"line":44,"column":38}},"16":{"start":{"line":47,"column":6},"end":{"line":47,"column":25}},"17":{"start":{"line":48,"column":6},"end":{"line":48,"column":42}},"18":{"start":{"line":51,"column":2},"end":{"line":98,"column":4}},"19":{"start":{"line":62,"column":31},"end":{"line":62,"column":55}},"20":{"start":{"line":73,"column":31},"end":{"line":73,"column":58}},"21":{"start":{"line":85,"column":16},"end":{"line":85,"column":45}}},"fnMap":{"0":{"name":"(anonymous_0)","decl":{"start":{"line":9,"column":14},"end":{"line":9,"column":15}},"loc":{"start":{"line":9,"column":20},"end":{"line":99,"column":1}},"line":9},"1":{"name":"(anonymous_1)","decl":{"start":{"line":20,"column":23},"end":{"line":20,"column":24}},"loc":{"start":{"line":20,"column":36},"end":{"line":50,"column":3}},"line":20},"2":{"name":"(anonymous_2)","decl":{"start":{"line":62,"column":24},"end":{"line":62,"column":25}},"loc":{"start":{"line":62,"column":31},"end":{"line":62,"column":55}},"line":62},"3":{"name":"(anonymous_3)","decl":{"start":{"line":73,"column":24},"end":{"line":73,"column":25}},"loc":{"start":{"line":73,"column":31},"end":{"line":73,"column":58}},"line":73},"4":{"name":"(anonymous_4)","decl":{"start":{"line":84,"column":23},"end":{"line":84,"column":24}},"loc":{"start":{"line":84,"column":29},"end":{"line":86,"column":15}},"line":84}},"branchMap":{"0":{"loc":{"start":{"line":27,"column":6},"end":{"line":45,"column":7}},"type":"if","locations":[{"start":{"line":27,"column":6},"end":{"line":45,"column":7}},{"start":{"line":43,"column":13},"end":{"line":45,"column":7}}],"line":27},"1":{"loc":{"start":{"line":27,"column":10},"end":{"line":27,"column":33}},"type":"binary-expr","locations":[{"start":{"line":27,"column":10},"end":{"line":27,"column":13}},{"start":{"line":27,"column":17},"end":{"line":27,"column":33}}],"line":27},"2":{"loc":{"start":{"line":28,"column":22},"end":{"line":28,"column":50}},"type":"binary-expr","locations":[{"start":{"line":28,"column":22},"end":{"line":28,"column":30}},{"start":{"line":28,"column":34},"end":{"line":28,"column":50}}],"line":28},"3":{"loc":{"start":{"line":42,"column":17},"end":{"line":42,"column":38}},"type":"binary-expr","locations":[{"start":{"line":42,"column":17},"end":{"line":42,"column":31}},{"start":{"line":42,"column":35},"end":{"line":42,"column":38}}],"line":42}},"s":{"0":1,"1":11,"2":11,"3":11,"4":11,"5":11,"6":11,"7":2,"8":2,"9":2,"10":1,"11":1,"12":1,"13":1,"14":1,"15":0,"16":1,"17":1,"18":11,"19":3,"20":3,"21":0},"f":{"0":11,"1":2,"2":3,"3":3,"4":0},"b":{"0":[1,0],"1":[1,1],"2":[1,1],"3":[1,1]},"_coverageSchema":"1a1c01bbd47fc00a2c39e90264f33305004495a9","hash":"ba4f41c28ab2f95a5b3089797ce5a0be10ee795a"}
,"/Users/nicholasleong/Desktop/cs4218-2520-ecom-project-cs4218-2520-team24/client/src/pages/Auth/Register.js": {"path":"/Users/nicholasleong/Desktop/cs4218-2520-ecom-project-cs4218-2520-team24/client/src/pages/Auth/Register.js","statementMap":{"0":{"start":{"line":7,"column":17},"end":{"line":132,"column":1}},"1":{"start":{"line":8,"column":26},"end":{"line":8,"column":38}},"2":{"start":{"line":9,"column":28},"end":{"line":9,"column":40}},"3":{"start":{"line":10,"column":34},"end":{"line":10,"column":46}},"4":{"start":{"line":11,"column":28},"end":{"line":11,"column":40}},"5":{"start":{"line":12,"column":32},"end":{"line":12,"column":44}},"6":{"start":{"line":13,"column":24},"end":{"line":13,"column":36}},"7":{"start":{"line":14,"column":30},"end":{"line":14,"column":42}},"8":{"start":{"line":15,"column":19},"end":{"line":15,"column":32}},"9":{"start":{"line":18,"column":23},"end":{"line":40,"column":3}},"10":{"start":{"line":19,"column":4},"end":{"line":19,"column":23}},"11":{"start":{"line":20,"column":4},"end":{"line":39,"column":5}},"12":{"start":{"line":21,"column":18},"end":{"line":29,"column":8}},"13":{"start":{"line":30,"column":6},"end":{"line":35,"column":7}},"14":{"start":{"line":31,"column":8},"end":{"line":31,"column":61}},"15":{"start":{"line":32,"column":8},"end":{"line":32,"column":27}},"16":{"start":{"line":34,"column":8},"end":{"line":34,"column":38}},"17":{"start":{"line":37,"column":6},"end":{"line":37,"column":25}},"18":{"start":{"line":38,"column":6},"end":{"line":38,"column":42}},"19":{"start":{"line":42,"column":2},"end":{"line":131,"column":4}},"20":{"start":{"line":51,"column":31},"end":{"line":51,"column":54}},"21":{"start":{"line":63,"column":31},"end":{"line":63,"column":55}},"22":{"start":{"line":74,"column":31},"end":{"line":74,"column":58}},"23":{"start":{"line":85,"column":31},"end":{"line":85,"column":55}},"24":{"start":{"line":96,"column":31},"end":{"line":96,"column":57}},"25":{"start":{"line":107,"column":31},"end":{"line":107,"column":53}},"26":{"start":{"line":118,"column":31},"end":{"line":118,"column":56}}},"fnMap":{"0":{"name":"(anonymous_0)","decl":{"start":{"line":7,"column":17},"end":{"line":7,"column":18}},"loc":{"start":{"line":7,"column":23},"end":{"line":132,"column":1}},"line":7},"1":{"name":"(anonymous_1)","decl":{"start":{"line":18,"column":23},"end":{"line":18,"column":24}},"loc":{"start":{"line":18,"column":36},"end":{"line":40,"column":3}},"line":18},"2":{"name":"(anonymous_2)","decl":{"start":{"line":51,"column":24},"end":{"line":51,"column":25}},"loc":{"start":{"line":51,"column":31},"end":{"line":51,"column":54}},"line":51},"3":{"name":"(anonymous_3)","decl":{"start":{"line":63,"column":24},"end":{"line":63,"column":25}},"loc":{"start":{"line":63,"column":31},"end":{"line":63,"column":55}},"line":63},"4":{"name":"(anonymous_4)","decl":{"start":{"line":74,"column":24},"end":{"line":74,"column":25}},"loc":{"start":{"line":74,"column":31},"end":{"line":74,"column":58}},"line":74},"5":{"name":"(anonymous_5)","decl":{"start":{"line":85,"column":24},"end":{"line":85,"column":25}},"loc":{"start":{"line":85,"column":31},"end":{"line":85,"column":55}},"line":85},"6":{"name":"(anonymous_6)","decl":{"start":{"line":96,"column":24},"end":{"line":96,"column":25}},"loc":{"start":{"line":96,"column":31},"end":{"line":96,"column":57}},"line":96},"7":{"name":"(anonymous_7)","decl":{"start":{"line":107,"column":24},"end":{"line":107,"column":25}},"loc":{"start":{"line":107,"column":31},"end":{"line":107,"column":53}},"line":107},"8":{"name":"(anonymous_8)","decl":{"start":{"line":118,"column":24},"end":{"line":118,"column":25}},"loc":{"start":{"line":118,"column":31},"end":{"line":118,"column":56}},"line":118}},"branchMap":{"0":{"loc":{"start":{"line":30,"column":6},"end":{"line":35,"column":7}},"type":"if","locations":[{"start":{"line":30,"column":6},"end":{"line":35,"column":7}},{"start":{"line":33,"column":13},"end":{"line":35,"column":7}}],"line":30},"1":{"loc":{"start":{"line":30,"column":10},"end":{"line":30,"column":33}},"type":"binary-expr","locations":[{"start":{"line":30,"column":10},"end":{"line":30,"column":13}},{"start":{"line":30,"column":17},"end":{"line":30,"column":33}}],"line":30}},"s":{"0":1,"1":16,"2":16,"3":16,"4":16,"5":16,"6":16,"7":16,"8":16,"9":16,"10":2,"11":2,"12":2,"13":1,"14":1,"15":1,"16":0,"17":1,"18":1,"19":16,"20":2,"21":2,"22":2,"23":2,"24":2,"25":2,"26":2},"f":{"0":16,"1":2,"2":2,"3":2,"4":2,"5":2,"6":2,"7":2,"8":2},"b":{"0":[1,0],"1":[1,1]},"_coverageSchema":"1a1c01bbd47fc00a2c39e90264f33305004495a9","hash":"9dd602dedeac256f7ebeef3332e4c306e258a207"}
}
