{"/Users/nicholasleong/Desktop/cs4218-2520-ecom-project-cs4218-2520-team24/client/src/components/AdminMenu.js": {"path":"/Users/nicholasleong/Desktop/cs4218-2520-ecom-project-cs4218-2520-team24/client/src/components/AdminMenu.js","statementMap":{"0":{"start":{"line":3,"column":18},"end":{"line":43,"column":1}},"1":{"start":{"line":4,"column":2},"end":{"line":42,"column":4}}},"fnMap":{"0":{"name":"(anonymous_0)","decl":{"start":{"line":3,"column":18},"end":{"line":3,"column":19}},"loc":{"start":{"line":3,"column":24},"end":{"line":43,"column":1}},"line":3}},"branchMap":{},"s":{"0":1,"1":2},"f":{"0":2},"b":{},"_coverageSchema":"1a1c01bbd47fc00a2c39e90264f33305004495a9","hash":"64dd061c576d9a287174ed4e8372641c319d056a"}
,"/Users/nicholasleong/Desktop/cs4218-2520-ecom-project-cs4218-2520-team24/client/src/components/Footer.js": {"path":"/Users/nicholasleong/Desktop/cs4218-2520-ecom-project-cs4218-2520-team24/client/src/components/Footer.js","statementMap":{"0":{"start":{"line":4,"column":15},"end":{"line":14,"column":1}},"1":{"start":{"line":5,"column":2},"end":{"line":13,"column":4}}},"fnMap":{"0":{"name":"(anonymous_0)","decl":{"start":{"line":4,"column":15},"end":{"line":4,"column":16}},"loc":{"start":{"line":4,"column":21},"end":{"line":14,"column":1}},"line":4}},"branchMap":{},"s":{"0":22,"1":281},"f":{"0":281},"b":{},"_coverageSchema":"1a1c01bbd47fc00a2c39e90264f33305004495a9","hash":"378784063fcc5461f57f858aa4429cb08d1c0314"}
,"/Users/nicholasleong/Desktop/cs4218-2520-ecom-project-cs4218-2520-team24/client/src/components/Header.js": {"path":"/Users/nicholasleong/Desktop/cs4218-2520-ecom-project-cs4218-2520-team24/client/src/components/Header.js","statementMap":{"0":{"start":{"line":10,"column":15},"end":{"line":138,"column":1}},"1":{"start":{"line":11,"column":26},"end":{"line":11,"column":35}},"2":{"start":{"line":12,"column":17},"end":{"line":12,"column":26}},"3":{"start":{"line":13,"column":21},"end":{"line":13,"column":34}},"4":{"start":{"line":14,"column":23},"end":{"line":22,"column":3}},"5":{"start":{"line":15,"column":4},"end":{"line":19,"column":7}},"6":{"start":{"line":20,"column":4},"end":{"line":20,"column":36}},"7":{"start":{"line":21,"column":4},"end":{"line":21,"column":41}},"8":{"start":{"line":23,"column":2},"end":{"line":137,"column":4}},"9":{"start":{"line":64,"column":20},"end":{"line":71,"column":25}}},"fnMap":{"0":{"name":"(anonymous_0)","decl":{"start":{"line":10,"column":15},"end":{"line":10,"column":16}},"loc":{"start":{"line":10,"column":21},"end":{"line":138,"column":1}},"line":10},"1":{"name":"(anonymous_1)","decl":{"start":{"line":14,"column":23},"end":{"line":14,"column":24}},"loc":{"start":{"line":14,"column":29},"end":{"line":22,"column":3}},"line":14},"2":{"name":"(anonymous_2)","decl":{"start":{"line":63,"column":35},"end":{"line":63,"column":36}},"loc":{"start":{"line":64,"column":20},"end":{"line":71,"column":25}},"line":64}},"branchMap":{"0":{"loc":{"start":{"line":76,"column":15},"end":{"line":124,"column":15}},"type":"cond-expr","locations":[{"start":{"line":77,"column":16},"end":{"line":88,"column":19}},{"start":{"line":90,"column":16},"end":{"line":123,"column":19}}],"line":76},"1":{"loc":{"start":{"line":105,"column":28},"end":{"line":105,"column":69}},"type":"cond-expr","locations":[{"start":{"line":105,"column":53},"end":{"line":105,"column":60}},{"start":{"line":105,"column":63},"end":{"line":105,"column":69}}],"line":105}},"s":{"0":22,"1":285,"2":285,"3":285,"4":285,"5":1,"6":1,"7":1,"8":285,"9":4},"f":{"0":285,"1":1,"2":4},"b":{"0":[231,54],"1":[1,53]},"_coverageSchema":"1a1c01bbd47fc00a2c39e90264f33305004495a9","hash":"0d0905b3b5d1a2b3ac6460f4b7f223d906774d9d"}
,"/Users/nicholasleong/Desktop/cs4218-2520-ecom-project-cs4218-2520-team24/client/src/components/Layout.js": {"path":"/Users/nicholasleong/Desktop/cs4218-2520-ecom-project-cs4218-2520-team24/client/src/components/Layout.js","statementMap":{"0":{"start":{"line":8,"column":15},"end":{"line":26,"column":1}},"1":{"start":{"line":9,"column":2},"end":{"line":25,"column":4}},"2":{"start":{"line":28,"column":0},"end":{"line":33,"column":2}}},"fnMap":{"0":{"name":"(anonymous_0)","decl":{"start":{"line":8,"column":15},"end":{"line":8,"column":16}},"loc":{"start":{"line":8,"column":71},"end":{"line":26,"column":1}},"line":8}},"branchMap":{},"s":{"0":22,"1":280,"2":22},"f":{"0":280},"b":{},"_coverageSchema":"1a1c01bbd47fc00a2c39e90264f33305004495a9","hash":"4fe728e54dccf856ea0db241c42d985a39c64a79"}
,"/Users/nicholasleong/Desktop/cs4218-2520-ecom-project-cs4218-2520-team24/client/src/components/Prices.js": {"path":"/Users/nicholasleong/Desktop/cs4218-2520-ecom-project-cs4218-2520-team24/client/src/components/Prices.js","statementMap":{"0":{"start":{"line":1,"column":22},"end":{"line":32,"column":3}}},"fnMap":{},"branchMap":{},"s":{"0":2},"f":{},"b":{},"_coverageSchema":"1a1c01bbd47fc00a2c39e90264f33305004495a9","hash":"b5eba4b2c9fa9ce79e94cb9143d82a2ca42614d4"}
,"/Users/nicholasleong/Desktop/cs4218-2520-ecom-project-cs4218-2520-team24/client/src/components/Spinner.js": {"path":"/Users/nicholasleong/Desktop/cs4218-2520-ecom-project-cs4218-2520-team24/client/src/components/Spinner.js","statementMap":{"0":{"start":{"line":3,"column":16},"end":{"line":30,"column":1}},"1":{"start":{"line":4,"column":28},"end":{"line":4,"column":39}},"2":{"start":{"line":5,"column":19},"end":{"line":5,"column":32}},"3":{"start":{"line":6,"column":19},"end":{"line":6,"column":32}},"4":{"start":{"line":8,"column":2},"end":{"line":16,"column":34}},"5":{"start":{"line":9,"column":21},"end":{"line":11,"column":12}},"6":{"start":{"line":10,"column":6},"end":{"line":10,"column":43}},"7":{"start":{"line":10,"column":30},"end":{"line":10,"column":41}},"8":{"start":{"line":12,"column":4},"end":{"line":14,"column":9}},"9":{"start":{"line":15,"column":4},"end":{"line":15,"column":41}},"10":{"start":{"line":15,"column":17},"end":{"line":15,"column":40}},"11":{"start":{"line":17,"column":2},"end":{"line":29,"column":4}}},"fnMap":{"0":{"name":"(anonymous_0)","decl":{"start":{"line":3,"column":16},"end":{"line":3,"column":17}},"loc":{"start":{"line":3,"column":40},"end":{"line":30,"column":1}},"line":3},"1":{"name":"(anonymous_1)","decl":{"start":{"line":8,"column":12},"end":{"line":8,"column":13}},"loc":{"start":{"line":8,"column":18},"end":{"line":16,"column":3}},"line":8},"2":{"name":"(anonymous_2)","decl":{"start":{"line":9,"column":33},"end":{"line":9,"column":34}},"loc":{"start":{"line":9,"column":39},"end":{"line":11,"column":5}},"line":9},"3":{"name":"(anonymous_3)","decl":{"start":{"line":10,"column":15},"end":{"line":10,"column":16}},"loc":{"start":{"line":10,"column":30},"end":{"line":10,"column":41}},"line":10},"4":{"name":"(anonymous_4)","decl":{"start":{"line":15,"column":11},"end":{"line":15,"column":12}},"loc":{"start":{"line":15,"column":17},"end":{"line":15,"column":40}},"line":15}},"branchMap":{"0":{"loc":{"start":{"line":3,"column":19},"end":{"line":3,"column":33}},"type":"default-arg","locations":[{"start":{"line":3,"column":26},"end":{"line":3,"column":33}}],"line":3},"1":{"loc":{"start":{"line":12,"column":4},"end":{"line":14,"column":8}},"type":"binary-expr","locations":[{"start":{"line":12,"column":4},"end":{"line":12,"column":15}},{"start":{"line":12,"column":19},"end":{"line":14,"column":8}}],"line":12}},"s":{"0":1,"1":13,"2":13,"3":13,"4":13,"5":13,"6":12,"7":12,"8":13,"9":13,"10":13,"11":13},"f":{"0":13,"1":13,"2":12,"3":12,"4":13},"b":{"0":[10],"1":[13,3]},"_coverageSchema":"1a1c01bbd47fc00a2c39e90264f33305004495a9","hash":"d56c0a131441ef2b9450acac101d6389c75482f4"}
,"/Users/nicholasleong/Desktop/cs4218-2520-ecom-project-cs4218-2520-team24/client/src/components/UserMenu.js": {"path":"/Users/nicholasleong/Desktop/cs4218-2520-ecom-project-cs4218-2520-team24/client/src/components/UserMenu.js","statementMap":{"0":{"start":{"line":3,"column":17},"end":{"line":25,"column":1}},"1":{"start":{"line":4,"column":2},"end":{"line":24,"column":4}}},"fnMap":{"0":{"name":"(anonymous_0)","decl":{"start":{"line":3,"column":17},"end":{"line":3,"column":18}},"loc":{"start":{"line":3,"column":23},"end":{"line":25,"column":1}},"line":3}},"branchMap":{},"s":{"0":1,"1":2},"f":{"0":2},"b":{},"_coverageSchema":"1a1c01bbd47fc00a2c39e90264f33305004495a9","hash":"5fc6368aeed2a6bcdcd7e2391a5dd8bc94fd96e2"}
,"/Users/nicholasleong/Desktop/cs4218-2520-ecom-project-cs4218-2520-team24/client/src/components/Form/CategoryForm.js": {"path":"/Users/nicholasleong/Desktop/cs4218-2520-ecom-project-cs4218-2520-team24/client/src/components/Form/CategoryForm.js","statementMap":{"0":{"start":{"line":3,"column":21},"end":{"line":23,"column":1}},"1":{"start":{"line":4,"column":2},"end":{"line":22,"column":4}},"2":{"start":{"line":13,"column":29},"end":{"line":13,"column":53}}},"fnMap":{"0":{"name":"(anonymous_0)","decl":{"start":{"line":3,"column":21},"end":{"line":3,"column":22}},"loc":{"start":{"line":3,"column":60},"end":{"line":23,"column":1}},"line":3},"1":{"name":"(anonymous_1)","decl":{"start":{"line":13,"column":22},"end":{"line":13,"column":23}},"loc":{"start":{"line":13,"column":29},"end":{"line":13,"column":53}},"line":13}},"branchMap":{},"s":{"0":1,"1":4,"2":1},"f":{"0":4,"1":1},"b":{},"_coverageSchema":"1a1c01bbd47fc00a2c39e90264f33305004495a9","hash":"fafe7350e536bd29522a50837c4bf9bef0f92318"}
,"/Users/nicholasleong/Desktop/cs4218-2520-ecom-project-cs4218-2520-team24/client/src/components/Form/SearchInput.js": {"path":"/Users/nicholasleong/Desktop/cs4218-2520-ecom-project-cs4218-2520-team24/client/src/components/Form/SearchInput.js","statementMap":{"0":{"start":{"line":5,"column":20},"end":{"line":38,"column":1}},"1":{"start":{"line":6,"column":30},"end":{"line":6,"column":41}},"2":{"start":{"line":7,"column":19},"end":{"line":7,"column":32}},"3":{"start":{"line":9,"column":23},"end":{"line":20,"column":3}},"4":{"start":{"line":10,"column":4},"end":{"line":10,"column":23}},"5":{"start":{"line":11,"column":4},"end":{"line":19,"column":5}},"6":{"start":{"line":12,"column":23},"end":{"line":14,"column":7}},"7":{"start":{"line":15,"column":6},"end":{"line":15,"column":46}},"8":{"start":{"line":16,"column":6},"end":{"line":16,"column":26}},"9":{"start":{"line":18,"column":6},"end":{"line":18,"column":25}},"10":{"start":{"line":21,"column":2},"end":{"line":37,"column":4}},"11":{"start":{"line":30,"column":27},"end":{"line":30,"column":76}}},"fnMap":{"0":{"name":"(anonymous_0)","decl":{"start":{"line":5,"column":20},"end":{"line":5,"column":21}},"loc":{"start":{"line":5,"column":26},"end":{"line":38,"column":1}},"line":5},"1":{"name":"(anonymous_1)","decl":{"start":{"line":9,"column":23},"end":{"line":9,"column":24}},"loc":{"start":{"line":9,"column":36},"end":{"line":20,"column":3}},"line":9},"2":{"name":"(anonymous_2)","decl":{"start":{"line":30,"column":20},"end":{"line":30,"column":21}},"loc":{"start":{"line":30,"column":27},"end":{"line":30,"column":76}},"line":30}},"branchMap":{},"s":{"0":14,"1":120,"2":120,"3":120,"4":2,"5":2,"6":2,"7":1,"8":1,"9":1,"10":120,"11":1},"f":{"0":120,"1":2,"2":1},"b":{},"_coverageSchema":"1a1c01bbd47fc00a2c39e90264f33305004495a9","hash":"c9f8958ebc947ddbaed0304b57de4583b37f516b"}
,"/Users/nicholasleong/Desktop/cs4218-2520-ecom-project-cs4218-2520-team24/client/src/components/Routes/AdminRoute.js": {"path":"/Users/nicholasleong/Desktop/cs4218-2520-ecom-project-cs4218-2520-team24/client/src/components/Routes/AdminRoute.js","statementMap":{"0":{"start":{"line":8,"column":23},"end":{"line":8,"column":38}},"1":{"start":{"line":9,"column":27},"end":{"line":9,"column":36}},"2":{"start":{"line":11,"column":4},"end":{"line":21,"column":22}},"3":{"start":{"line":12,"column":26},"end":{"line":19,"column":9}},"4":{"start":{"line":13,"column":24},"end":{"line":13,"column":66}},"5":{"start":{"line":14,"column":12},"end":{"line":18,"column":13}},"6":{"start":{"line":15,"column":16},"end":{"line":15,"column":28}},"7":{"start":{"line":17,"column":16},"end":{"line":17,"column":29}},"8":{"start":{"line":20,"column":8},"end":{"line":20,"column":37}},"9":{"start":{"line":20,"column":25},"end":{"line":20,"column":37}},"10":{"start":{"line":23,"column":4},"end":{"line":23,"column":40}}},"fnMap":{"0":{"name":"AdminRoute","decl":{"start":{"line":7,"column":24},"end":{"line":7,"column":34}},"loc":{"start":{"line":7,"column":36},"end":{"line":24,"column":1}},"line":7},"1":{"name":"(anonymous_1)","decl":{"start":{"line":11,"column":14},"end":{"line":11,"column":15}},"loc":{"start":{"line":11,"column":19},"end":{"line":21,"column":5}},"line":11},"2":{"name":"(anonymous_2)","decl":{"start":{"line":12,"column":26},"end":{"line":12,"column":27}},"loc":{"start":{"line":12,"column":37},"end":{"line":19,"column":9}},"line":12}},"branchMap":{"0":{"loc":{"start":{"line":14,"column":12},"end":{"line":18,"column":13}},"type":"if","locations":[{"start":{"line":14,"column":12},"end":{"line":18,"column":13}},{"start":{"line":16,"column":19},"end":{"line":18,"column":13}}],"line":14},"1":{"loc":{"start":{"line":20,"column":8},"end":{"line":20,"column":37}},"type":"if","locations":[{"start":{"line":20,"column":8},"end":{"line":20,"column":37}},{"start":{},"end":{}}],"line":20},"2":{"loc":{"start":{"line":23,"column":11},"end":{"line":23,"column":39}},"type":"cond-expr","locations":[{"start":{"line":23,"column":16},"end":{"line":23,"column":26}},{"start":{"line":23,"column":29},"end":{"line":23,"column":39}}],"line":23}},"s":{"0":5,"1":5,"2":5,"3":4,"4":3,"5":2,"6":1,"7":1,"8":4,"9":3,"10":5},"f":{"0":5,"1":4,"2":3},"b":{"0":[1,1],"1":[3,1],"2":[1,4]},"_coverageSchema":"1a1c01bbd47fc00a2c39e90264f33305004495a9","hash":"6e4a84f1aa92f7a6fd69d0bebb416ad1d5058eb2"}
,"/Users/nicholasleong/Desktop/cs4218-2520-ecom-project-cs4218-2520-team24/client/src/components/Routes/Private.js": {"path":"/Users/nicholasleong/Desktop/cs4218-2520-ecom-project-cs4218-2520-team24/client/src/components/Routes/Private.js","statementMap":{"0":{"start":{"line":8,"column":23},"end":{"line":8,"column":38}},"1":{"start":{"line":9,"column":27},"end":{"line":9,"column":36}},"2":{"start":{"line":11,"column":4},"end":{"line":21,"column":22}},"3":{"start":{"line":12,"column":26},"end":{"line":19,"column":9}},"4":{"start":{"line":13,"column":24},"end":{"line":13,"column":65}},"5":{"start":{"line":14,"column":12},"end":{"line":18,"column":13}},"6":{"start":{"line":15,"column":16},"end":{"line":15,"column":28}},"7":{"start":{"line":17,"column":16},"end":{"line":17,"column":29}},"8":{"start":{"line":20,"column":8},"end":{"line":20,"column":37}},"9":{"start":{"line":20,"column":25},"end":{"line":20,"column":37}},"10":{"start":{"line":23,"column":4},"end":{"line":23,"column":48}}},"fnMap":{"0":{"name":"PrivateRoute","decl":{"start":{"line":7,"column":24},"end":{"line":7,"column":36}},"loc":{"start":{"line":7,"column":38},"end":{"line":24,"column":1}},"line":7},"1":{"name":"(anonymous_1)","decl":{"start":{"line":11,"column":14},"end":{"line":11,"column":15}},"loc":{"start":{"line":11,"column":19},"end":{"line":21,"column":5}},"line":11},"2":{"name":"(anonymous_2)","decl":{"start":{"line":12,"column":26},"end":{"line":12,"column":27}},"loc":{"start":{"line":12,"column":37},"end":{"line":19,"column":9}},"line":12}},"branchMap":{"0":{"loc":{"start":{"line":14,"column":12},"end":{"line":18,"column":13}},"type":"if","locations":[{"start":{"line":14,"column":12},"end":{"line":18,"column":13}},{"start":{"line":16,"column":19},"end":{"line":18,"column":13}}],"line":14},"1":{"loc":{"start":{"line":20,"column":8},"end":{"line":20,"column":37}},"type":"if","locations":[{"start":{"line":20,"column":8},"end":{"line":20,"column":37}},{"start":{},"end":{}}],"line":20},"2":{"loc":{"start":{"line":23,"column":11},"end":{"line":23,"column":47}},"type":"cond-expr","locations":[{"start":{"line":23,"column":16},"end":{"line":23,"column":26}},{"start":{"line":23,"column":29},"end":{"line":23,"column":47}}],"line":23}},"s":{"0":4,"1":4,"2":4,"3":3,"4":2,"5":2,"6":1,"7":1,"8":3,"9":2,"10":4},"f":{"0":4,"1":3,"2":2},"b":{"0":[1,1],"1":[2,1],"2":[1,3]},"_coverageSchema":"1a1c01bbd47fc00a2c39e90264f33305004495a9","hash":"19accfe68c2c78d44e5dd28227474fd0211dd256"}
,"/Users/nicholasleong/Desktop/cs4218-2520-ecom-project-cs4218-2520-team24/client/src/context/auth.js": {"path":"/Users/nicholasleong/Desktop/cs4218-2520-ecom-project-cs4218-2520-team24/client/src/context/auth.js","statementMap":{"0":{"start":{"line":4,"column":20},"end":{"line":4,"column":35}},"1":{"start":{"line":6,"column":21},"end":{"line":32,"column":1}},"2":{"start":{"line":7,"column":28},"end":{"line":10,"column":6}},"3":{"start":{"line":13,"column":4},"end":{"line":13,"column":65}},"4":{"start":{"line":15,"column":4},"end":{"line":26,"column":11}},"5":{"start":{"line":16,"column":20},"end":{"line":16,"column":48}},"6":{"start":{"line":17,"column":7},"end":{"line":24,"column":8}},"7":{"start":{"line":18,"column":26},"end":{"line":18,"column":42}},"8":{"start":{"line":19,"column":8},"end":{"line":23,"column":11}},"9":{"start":{"line":27,"column":4},"end":{"line":31,"column":6}},"10":{"start":{"line":35,"column":16},"end":{"line":35,"column":45}},"11":{"start":{"line":35,"column":22},"end":{"line":35,"column":45}}},"fnMap":{"0":{"name":"(anonymous_0)","decl":{"start":{"line":6,"column":21},"end":{"line":6,"column":22}},"loc":{"start":{"line":6,"column":39},"end":{"line":32,"column":1}},"line":6},"1":{"name":"(anonymous_1)","decl":{"start":{"line":15,"column":14},"end":{"line":15,"column":15}},"loc":{"start":{"line":15,"column":20},"end":{"line":26,"column":5}},"line":15},"2":{"name":"(anonymous_2)","decl":{"start":{"line":35,"column":16},"end":{"line":35,"column":17}},"loc":{"start":{"line":35,"column":22},"end":{"line":35,"column":45}},"line":35}},"branchMap":{"0":{"loc":{"start":{"line":17,"column":7},"end":{"line":24,"column":8}},"type":"if","locations":[{"start":{"line":17,"column":7},"end":{"line":24,"column":8}},{"start":{},"end":{}}],"line":17}},"s":{"0":1,"1":1,"2":5,"3":5,"4":5,"5":3,"6":3,"7":1,"8":1,"9":5,"10":1,"11":5},"f":{"0":5,"1":3,"2":5},"b":{"0":[1,2]},"_coverageSchema":"1a1c01bbd47fc00a2c39e90264f33305004495a9","hash":"f556da3fd850848b621f4b97c155f6e35fe6bb0c"}
,"/Users/nicholasleong/Desktop/cs4218-2520-ecom-project-cs4218-2520-team24/client/src/context/cart.js": {"path":"/Users/nicholasleong/Desktop/cs4218-2520-ecom-project-cs4218-2520-team24/client/src/context/cart.js","statementMap":{"0":{"start":{"line":3,"column":20},"end":{"line":3,"column":35}},"1":{"start":{"line":4,"column":21},"end":{"line":17,"column":1}},"2":{"start":{"line":5,"column":26},"end":{"line":5,"column":38}},"3":{"start":{"line":7,"column":2},"end":{"line":10,"column":9}},"4":{"start":{"line":8,"column":27},"end":{"line":8,"column":55}},"5":{"start":{"line":9,"column":4},"end":{"line":9,"column":64}},"6":{"start":{"line":9,"column":26},"end":{"line":9,"column":64}},"7":{"start":{"line":12,"column":2},"end":{"line":16,"column":4}},"8":{"start":{"line":20,"column":16},"end":{"line":20,"column":45}},"9":{"start":{"line":20,"column":22},"end":{"line":20,"column":45}}},"fnMap":{"0":{"name":"(anonymous_0)","decl":{"start":{"line":4,"column":21},"end":{"line":4,"column":22}},"loc":{"start":{"line":4,"column":39},"end":{"line":17,"column":1}},"line":4},"1":{"name":"(anonymous_1)","decl":{"start":{"line":7,"column":12},"end":{"line":7,"column":13}},"loc":{"start":{"line":7,"column":18},"end":{"line":10,"column":3}},"line":7},"2":{"name":"(anonymous_2)","decl":{"start":{"line":20,"column":16},"end":{"line":20,"column":17}},"loc":{"start":{"line":20,"column":22},"end":{"line":20,"column":45}},"line":20}},"branchMap":{"0":{"loc":{"start":{"line":9,"column":4},"end":{"line":9,"column":64}},"type":"if","locations":[{"start":{"line":9,"column":4},"end":{"line":9,"column":64}},{"start":{},"end":{}}],"line":9}},"s":{"0":1,"1":1,"2":5,"3":5,"4":3,"5":3,"6":1,"7":5,"8":1,"9":5},"f":{"0":5,"1":3,"2":5},"b":{"0":[1,2]},"_coverageSchema":"1a1c01bbd47fc00a2c39e90264f33305004495a9","hash":"94d8fe2b5735a899996258c3bfe8b57670c4f552"}
,"/Users/nicholasleong/Desktop/cs4218-2520-ecom-project-cs4218-2520-team24/client/src/context/search.js": {"path":"/Users/nicholasleong/Desktop/cs4218-2520-ecom-project-cs4218-2520-team24/client/src/context/search.js","statementMap":{"0":{"start":{"line":3,"column":22},"end":{"line":3,"column":37}},"1":{"start":{"line":4,"column":23},"end":{"line":15,"column":1}},"2":{"start":{"line":5,"column":26},"end":{"line":8,"column":4}},"3":{"start":{"line":10,"column":2},"end":{"line":14,"column":4}},"4":{"start":{"line":18,"column":18},"end":{"line":18,"column":49}},"5":{"start":{"line":18,"column":24},"end":{"line":18,"column":49}}},"fnMap":{"0":{"name":"(anonymous_0)","decl":{"start":{"line":4,"column":23},"end":{"line":4,"column":24}},"loc":{"start":{"line":4,"column":41},"end":{"line":15,"column":1}},"line":4},"1":{"name":"(anonymous_1)","decl":{"start":{"line":18,"column":18},"end":{"line":18,"column":19}},"loc":{"start":{"line":18,"column":24},"end":{"line":18,"column":49}},"line":18}},"branchMap":{},"s":{"0":1,"1":1,"2":3,"3":3,"4":1,"5":3},"f":{"0":3,"1":3},"b":{},"_coverageSchema":"1a1c01bbd47fc00a2c39e90264f33305004495a9","hash":"11e30f027a70ce530997d7f5829ee8fcdbdab785"}
,"/Users/nicholasleong/Desktop/cs4218-2520-ecom-project-cs4218-2520-team24/client/src/hooks/useCategory.js": {"path":"/Users/nicholasleong/Desktop/cs4218-2520-ecom-project-cs4218-2520-team24/client/src/hooks/useCategory.js","statementMap":{"0":{"start":{"line":5,"column":38},"end":{"line":5,"column":50}},"1":{"start":{"line":8,"column":24},"end":{"line":15,"column":3}},"2":{"start":{"line":9,"column":4},"end":{"line":14,"column":5}},"3":{"start":{"line":10,"column":23},"end":{"line":10,"column":71}},"4":{"start":{"line":11,"column":6},"end":{"line":11,"column":36}},"5":{"start":{"line":13,"column":6},"end":{"line":13,"column":25}},"6":{"start":{"line":17,"column":2},"end":{"line":19,"column":9}},"7":{"start":{"line":18,"column":4},"end":{"line":18,"column":20}},"8":{"start":{"line":21,"column":2},"end":{"line":21,"column":20}}},"fnMap":{"0":{"name":"useCategory","decl":{"start":{"line":4,"column":24},"end":{"line":4,"column":35}},"loc":{"start":{"line":4,"column":38},"end":{"line":22,"column":1}},"line":4},"1":{"name":"(anonymous_1)","decl":{"start":{"line":8,"column":24},"end":{"line":8,"column":25}},"loc":{"start":{"line":8,"column":36},"end":{"line":15,"column":3}},"line":8},"2":{"name":"(anonymous_2)","decl":{"start":{"line":17,"column":12},"end":{"line":17,"column":13}},"loc":{"start":{"line":17,"column":18},"end":{"line":19,"column":3}},"line":17}},"branchMap":{},"s":{"0":27,"1":27,"2":5,"3":5,"4":4,"5":1,"6":27,"7":5,"8":27},"f":{"0":27,"1":5,"2":5},"b":{},"_coverageSchema":"1a1c01bbd47fc00a2c39e90264f33305004495a9","hash":"2397cc6d86ff55478dc9d30c39ff33f280574946"}
,"/Users/nicholasleong/Desktop/cs4218-2520-ecom-project-cs4218-2520-team24/client/src/pages/About.js": {"path":"/Users/nicholasleong/Desktop/cs4218-2520-ecom-project-cs4218-2520-team24/client/src/pages/About.js","statementMap":{"0":{"start":{"line":4,"column":14},"end":{"line":23,"column":1}},"1":{"start":{"line":5,"column":2},"end":{"line":22,"column":4}}},"fnMap":{"0":{"name":"(anonymous_0)","decl":{"start":{"line":4,"column":14},"end":{"line":4,"column":15}},"loc":{"start":{"line":4,"column":20},"end":{"line":23,"column":1}},"line":4}},"branchMap":{},"s":{"0":1,"1":1},"f":{"0":1},"b":{},"_coverageSchema":"1a1c01bbd47fc00a2c39e90264f33305004495a9","hash":"5b321d8f97c43dc123dfeb15e34c597243ded3d7"}
,"/Users/nicholasleong/Desktop/cs4218-2520-ecom-project-cs4218-2520-team24/client/src/pages/CartPage.js": {"path":"/Users/nicholasleong/Desktop/cs4218-2520-ecom-project-cs4218-2520-team24/client/src/pages/CartPage.js","statementMap":{"0":{"start":{"line":12,"column":17},"end":{"line":204,"column":1}},"1":{"start":{"line":13,"column":26},"end":{"line":13,"column":35}},"2":{"start":{"line":14,"column":26},"end":{"line":14,"column":35}},"3":{"start":{"line":15,"column":40},"end":{"line":15,"column":52}},"4":{"start":{"line":16,"column":34},"end":{"line":16,"column":46}},"5":{"start":{"line":17,"column":32},"end":{"line":17,"column":47}},"6":{"start":{"line":18,"column":19},"end":{"line":18,"column":32}},"7":{"start":{"line":21,"column":21},"end":{"line":34,"column":3}},"8":{"start":{"line":22,"column":4},"end":{"line":33,"column":5}},"9":{"start":{"line":23,"column":18},"end":{"line":23,"column":19}},"10":{"start":{"line":24,"column":6},"end":{"line":26,"column":9}},"11":{"start":{"line":25,"column":8},"end":{"line":25,"column":35}},"12":{"start":{"line":27,"column":6},"end":{"line":30,"column":9}},"13":{"start":{"line":32,"column":6},"end":{"line":32,"column":25}},"14":{"start":{"line":37,"column":25},"end":{"line":49,"column":3}},"15":{"start":{"line":38,"column":4},"end":{"line":48,"column":5}},"16":{"start":{"line":39,"column":19},"end":{"line":39,"column":28}},"17":{"start":{"line":40,"column":18},"end":{"line":40,"column":62}},"18":{"start":{"line":40,"column":45},"end":{"line":40,"column":61}},"19":{"start":{"line":41,"column":6},"end":{"line":45,"column":7}},"20":{"start":{"line":42,"column":8},"end":{"line":42,"column":32}},"21":{"start":{"line":43,"column":8},"end":{"line":43,"column":24}},"22":{"start":{"line":44,"column":8},"end":{"line":44,"column":61}},"23":{"start":{"line":47,"column":6},"end":{"line":47,"column":25}},"24":{"start":{"line":52,"column":19},"end":{"line":59,"column":3}},"25":{"start":{"line":53,"column":4},"end":{"line":58,"column":5}},"26":{"start":{"line":54,"column":23},"end":{"line":54,"column":73}},"27":{"start":{"line":55,"column":6},"end":{"line":55,"column":40}},"28":{"start":{"line":57,"column":6},"end":{"line":57,"column":25}},"29":{"start":{"line":60,"column":2},"end":{"line":62,"column":20}},"30":{"start":{"line":61,"column":4},"end":{"line":61,"column":15}},"31":{"start":{"line":65,"column":24},"end":{"line":82,"column":3}},"32":{"start":{"line":66,"column":4},"end":{"line":81,"column":5}},"33":{"start":{"line":67,"column":6},"end":{"line":67,"column":23}},"34":{"start":{"line":68,"column":24},"end":{"line":68,"column":61}},"35":{"start":{"line":69,"column":23},"end":{"line":72,"column":8}},"36":{"start":{"line":73,"column":6},"end":{"line":73,"column":24}},"37":{"start":{"line":74,"column":6},"end":{"line":74,"column":38}},"38":{"start":{"line":75,"column":6},"end":{"line":75,"column":18}},"39":{"start":{"line":76,"column":6},"end":{"line":76,"column":41}},"40":{"start":{"line":77,"column":6},"end":{"line":77,"column":55}},"41":{"start":{"line":79,"column":6},"end":{"line":79,"column":25}},"42":{"start":{"line":80,"column":6},"end":{"line":80,"column":24}},"43":{"start":{"line":83,"column":2},"end":{"line":203,"column":4}},"44":{"start":{"line":106,"column":16},"end":{"line":129,"column":22}},"45":{"start":{"line":124,"column":37},"end":{"line":124,"column":58}},"46":{"start":{"line":144,"column":37},"end":{"line":144,"column":72}},"47":{"start":{"line":155,"column":37},"end":{"line":155,"column":72}},"48":{"start":{"line":163,"column":24},"end":{"line":165,"column":26}},"49":{"start":{"line":185,"column":48},"end":{"line":185,"column":69}}},"fnMap":{"0":{"name":"(anonymous_0)","decl":{"start":{"line":12,"column":17},"end":{"line":12,"column":18}},"loc":{"start":{"line":12,"column":23},"end":{"line":204,"column":1}},"line":12},"1":{"name":"(anonymous_1)","decl":{"start":{"line":21,"column":21},"end":{"line":21,"column":22}},"loc":{"start":{"line":21,"column":27},"end":{"line":34,"column":3}},"line":21},"2":{"name":"(anonymous_2)","decl":{"start":{"line":24,"column":16},"end":{"line":24,"column":17}},"loc":{"start":{"line":24,"column":26},"end":{"line":26,"column":7}},"line":24},"3":{"name":"(anonymous_3)","decl":{"start":{"line":37,"column":25},"end":{"line":37,"column":26}},"loc":{"start":{"line":37,"column":34},"end":{"line":49,"column":3}},"line":37},"4":{"name":"(anonymous_4)","decl":{"start":{"line":40,"column":35},"end":{"line":40,"column":36}},"loc":{"start":{"line":40,"column":45},"end":{"line":40,"column":61}},"line":40},"5":{"name":"(anonymous_5)","decl":{"start":{"line":52,"column":19},"end":{"line":52,"column":20}},"loc":{"start":{"line":52,"column":31},"end":{"line":59,"column":3}},"line":52},"6":{"name":"(anonymous_6)","decl":{"start":{"line":60,"column":12},"end":{"line":60,"column":13}},"loc":{"start":{"line":60,"column":18},"end":{"line":62,"column":3}},"line":60},"7":{"name":"(anonymous_7)","decl":{"start":{"line":65,"column":24},"end":{"line":65,"column":25}},"loc":{"start":{"line":65,"column":36},"end":{"line":82,"column":3}},"line":65},"8":{"name":"(anonymous_8)","decl":{"start":{"line":105,"column":25},"end":{"line":105,"column":26}},"loc":{"start":{"line":106,"column":16},"end":{"line":129,"column":22}},"line":106},"9":{"name":"(anonymous_9)","decl":{"start":{"line":124,"column":31},"end":{"line":124,"column":32}},"loc":{"start":{"line":124,"column":37},"end":{"line":124,"column":58}},"line":124},"10":{"name":"(anonymous_10)","decl":{"start":{"line":144,"column":31},"end":{"line":144,"column":32}},"loc":{"start":{"line":144,"column":37},"end":{"line":144,"column":72}},"line":144},"11":{"name":"(anonymous_11)","decl":{"start":{"line":155,"column":31},"end":{"line":155,"column":32}},"loc":{"start":{"line":155,"column":37},"end":{"line":155,"column":72}},"line":155},"12":{"name":"(anonymous_12)","decl":{"start":{"line":162,"column":31},"end":{"line":162,"column":32}},"loc":{"start":{"line":163,"column":24},"end":{"line":165,"column":26}},"line":163},"13":{"name":"(anonymous_13)","decl":{"start":{"line":185,"column":34},"end":{"line":185,"column":35}},"loc":{"start":{"line":185,"column":48},"end":{"line":185,"column":69}},"line":185}},"branchMap":{"0":{"loc":{"start":{"line":41,"column":6},"end":{"line":45,"column":7}},"type":"if","locations":[{"start":{"line":41,"column":6},"end":{"line":45,"column":7}},{"start":{},"end":{}}],"line":41},"1":{"loc":{"start":{"line":89,"column":15},"end":{"line":91,"column":61}},"type":"cond-expr","locations":[{"start":{"line":90,"column":18},"end":{"line":90,"column":31}},{"start":{"line":91,"column":18},"end":{"line":91,"column":61}}],"line":89},"2":{"loc":{"start":{"line":91,"column":28},"end":{"line":91,"column":59}},"type":"binary-expr","locations":[{"start":{"line":91,"column":28},"end":{"line":91,"column":39}},{"start":{"line":91,"column":43},"end":{"line":91,"column":59}}],"line":91},"3":{"loc":{"start":{"line":93,"column":17},"end":{"line":97,"column":41}},"type":"cond-expr","locations":[{"start":{"line":94,"column":20},"end":{"line":96,"column":22}},{"start":{"line":97,"column":20},"end":{"line":97,"column":41}}],"line":93},"4":{"loc":{"start":{"line":95,"column":22},"end":{"line":95,"column":69}},"type":"cond-expr","locations":[{"start":{"line":95,"column":36},"end":{"line":95,"column":38}},{"start":{"line":95,"column":41},"end":{"line":95,"column":69}}],"line":95},"5":{"loc":{"start":{"line":137,"column":15},"end":{"line":172,"column":15}},"type":"cond-expr","locations":[{"start":{"line":138,"column":16},"end":{"line":149,"column":19}},{"start":{"line":151,"column":16},"end":{"line":171,"column":22}}],"line":137},"6":{"loc":{"start":{"line":152,"column":19},"end":{"line":170,"column":19}},"type":"cond-expr","locations":[{"start":{"line":153,"column":20},"end":{"line":158,"column":29}},{"start":{"line":160,"column":20},"end":{"line":169,"column":29}}],"line":152},"7":{"loc":{"start":{"line":174,"column":17},"end":{"line":196,"column":17}},"type":"cond-expr","locations":[{"start":{"line":175,"column":18},"end":{"line":175,"column":20}},{"start":{"line":177,"column":18},"end":{"line":195,"column":21}}],"line":174},"8":{"loc":{"start":{"line":174,"column":17},"end":{"line":174,"column":62}},"type":"binary-expr","locations":[{"start":{"line":174,"column":17},"end":{"line":174,"column":29}},{"start":{"line":174,"column":33},"end":{"line":174,"column":45}},{"start":{"line":174,"column":49},"end":{"line":174,"column":62}}],"line":174},"9":{"loc":{"start":{"line":191,"column":32},"end":{"line":191,"column":76}},"type":"binary-expr","locations":[{"start":{"line":191,"column":32},"end":{"line":191,"column":39}},{"start":{"line":191,"column":43},"end":{"line":191,"column":52}},{"start":{"line":191,"column":56},"end":{"line":191,"column":76}}],"line":191},"10":{"loc":{"start":{"line":193,"column":23},"end":{"line":193,"column":67}},"type":"cond-expr","locations":[{"start":{"line":193,"column":33},"end":{"line":193,"column":50}},{"start":{"line":193,"column":53},"end":{"line":193,"column":67}}],"line":193}},"s":{"0":1,"1":35,"2":35,"3":35,"4":35,"5":35,"6":35,"7":35,"8":35,"9":35,"10":35,"11":58,"12":33,"13":2,"14":35,"15":3,"16":3,"17":3,"18":1,"19":2,"20":1,"21":1,"22":1,"23":1,"24":35,"25":15,"26":15,"27":14,"28":1,"29":35,"30":15,"31":35,"32":2,"33":2,"34":2,"35":1,"36":1,"37":1,"38":1,"39":1,"40":1,"41":1,"42":1,"43":35,"44":58,"45":3,"46":1,"47":1,"48":1,"49":2},"f":{"0":35,"1":35,"2":58,"3":3,"4":1,"5":15,"6":15,"7":2,"8":58,"9":3,"10":1,"11":1,"12":1,"13":2},"b":{"0":[1,1],"1":[6,29],"2":[29,29],"3":[31,4],"4":[27,4],"5":[23,12],"6":[6,6],"7":[19,16],"8":[35,20,17],"9":[16,14,4],"10":[2,14]},"_coverageSchema":"1a1c01bbd47fc00a2c39e90264f33305004495a9","hash":"b387175520f2d95e700f56c188c0e94f72ce61cc"}
,"/Users/nicholasleong/Desktop/cs4218-2520-ecom-project-cs4218-2520-team24/client/src/pages/Categories.js": {"path":"/Users/nicholasleong/Desktop/cs4218-2520-ecom-project-cs4218-2520-team24/client/src/pages/Categories.js","statementMap":{"0":{"start":{"line":5,"column":19},"end":{"line":22,"column":1}},"1":{"start":{"line":6,"column":21},"end":{"line":6,"column":34}},"2":{"start":{"line":7,"column":2},"end":{"line":21,"column":4}},"3":{"start":{"line":12,"column":12},"end":{"line":16,"column":18}}},"fnMap":{"0":{"name":"(anonymous_0)","decl":{"start":{"line":5,"column":19},"end":{"line":5,"column":20}},"loc":{"start":{"line":5,"column":25},"end":{"line":22,"column":1}},"line":5},"1":{"name":"(anonymous_1)","decl":{"start":{"line":11,"column":26},"end":{"line":11,"column":27}},"loc":{"start":{"line":12,"column":12},"end":{"line":16,"column":18}},"line":12}},"branchMap":{},"s":{"0":1,"1":2,"2":2,"3":2},"f":{"0":2,"1":2},"b":{},"_coverageSchema":"1a1c01bbd47fc00a2c39e90264f33305004495a9","hash":"c734e834d06225f5065b77d78fb6b6c8c4137417"}
,"/Users/nicholasleong/Desktop/cs4218-2520-ecom-project-cs4218-2520-team24/client/src/pages/CategoryProduct.js": {"path":"/Users/nicholasleong/Desktop/cs4218-2520-ecom-project-cs4218-2520-team24/client/src/pages/CategoryProduct.js","statementMap":{"0":{"start":{"line":6,"column":24},"end":{"line":98,"column":1}},"1":{"start":{"line":7,"column":17},"end":{"line":7,"column":28}},"2":{"start":{"line":8,"column":19},"end":{"line":8,"column":32}},"3":{"start":{"line":9,"column":34},"end":{"line":9,"column":46}},"4":{"start":{"line":10,"column":34},"end":{"line":10,"column":46}},"5":{"start":{"line":12,"column":2},"end":{"line":14,"column":21}},"6":{"start":{"line":13,"column":4},"end":{"line":13,"column":46}},"7":{"start":{"line":13,"column":22},"end":{"line":13,"column":46}},"8":{"start":{"line":15,"column":32},"end":{"line":25,"column":3}},"9":{"start":{"line":16,"column":4},"end":{"line":24,"column":5}},"10":{"start":{"line":17,"column":23},"end":{"line":19,"column":7}},"11":{"start":{"line":20,"column":6},"end":{"line":20,"column":34}},"12":{"start":{"line":21,"column":6},"end":{"line":21,"column":34}},"13":{"start":{"line":23,"column":6},"end":{"line":23,"column":25}},"14":{"start":{"line":27,"column":2},"end":{"line":97,"column":4}},"15":{"start":{"line":36,"column":16},"end":{"line":77,"column":22}},"16":{"start":{"line":58,"column":39},"end":{"line":58,"column":69}}},"fnMap":{"0":{"name":"(anonymous_0)","decl":{"start":{"line":6,"column":24},"end":{"line":6,"column":25}},"loc":{"start":{"line":6,"column":30},"end":{"line":98,"column":1}},"line":6},"1":{"name":"(anonymous_1)","decl":{"start":{"line":12,"column":12},"end":{"line":12,"column":13}},"loc":{"start":{"line":12,"column":18},"end":{"line":14,"column":3}},"line":12},"2":{"name":"(anonymous_2)","decl":{"start":{"line":15,"column":32},"end":{"line":15,"column":33}},"loc":{"start":{"line":15,"column":44},"end":{"line":25,"column":3}},"line":15},"3":{"name":"(anonymous_3)","decl":{"start":{"line":35,"column":29},"end":{"line":35,"column":30}},"loc":{"start":{"line":36,"column":16},"end":{"line":77,"column":22}},"line":36},"4":{"name":"(anonymous_4)","decl":{"start":{"line":58,"column":33},"end":{"line":58,"column":34}},"loc":{"start":{"line":58,"column":39},"end":{"line":58,"column":69}},"line":58}},"branchMap":{"0":{"loc":{"start":{"line":13,"column":4},"end":{"line":13,"column":46}},"type":"if","locations":[{"start":{"line":13,"column":4},"end":{"line":13,"column":46}},{"start":{},"end":{}}],"line":13}},"s":{"0":1,"1":8,"2":8,"3":8,"4":8,"5":8,"6":6,"7":5,"8":8,"9":5,"10":5,"11":4,"12":4,"13":1,"14":8,"15":2,"16":1},"f":{"0":8,"1":6,"2":5,"3":2,"4":1},"b":{"0":[5,1]},"_coverageSchema":"1a1c01bbd47fc00a2c39e90264f33305004495a9","hash":"193354ee53af2762d26b7beb3d729666722169b8"}
,"/Users/nicholasleong/Desktop/cs4218-2520-ecom-project-cs4218-2520-team24/client/src/pages/Contact.js": {"path":"/Users/nicholasleong/Desktop/cs4218-2520-ecom-project-cs4218-2520-team24/client/src/pages/Contact.js","statementMap":{"0":{"start":{"line":4,"column":16},"end":{"line":34,"column":1}},"1":{"start":{"line":5,"column":2},"end":{"line":33,"column":4}}},"fnMap":{"0":{"name":"(anonymous_0)","decl":{"start":{"line":4,"column":16},"end":{"line":4,"column":17}},"loc":{"start":{"line":4,"column":22},"end":{"line":34,"column":1}},"line":4}},"branchMap":{},"s":{"0":1,"1":2},"f":{"0":2},"b":{},"_coverageSchema":"1a1c01bbd47fc00a2c39e90264f33305004495a9","hash":"917506e5a3e0d87a926d37ba17d36233d65c5d70"}
,"/Users/nicholasleong/Desktop/cs4218-2520-ecom-project-cs4218-2520-team24/client/src/pages/HomePage.js": {"path":"/Users/nicholasleong/Desktop/cs4218-2520-ecom-project-cs4218-2520-team24/client/src/pages/HomePage.js","statementMap":{"0":{"start":{"line":12,"column":17},"end":{"line":229,"column":1}},"1":{"start":{"line":13,"column":19},"end":{"line":13,"column":32}},"2":{"start":{"line":14,"column":26},"end":{"line":14,"column":35}},"3":{"start":{"line":15,"column":34},"end":{"line":15,"column":46}},"4":{"start":{"line":16,"column":38},"end":{"line":16,"column":50}},"5":{"start":{"line":17,"column":32},"end":{"line":17,"column":44}},"6":{"start":{"line":18,"column":28},"end":{"line":18,"column":40}},"7":{"start":{"line":19,"column":28},"end":{"line":19,"column":39}},"8":{"start":{"line":20,"column":26},"end":{"line":20,"column":37}},"9":{"start":{"line":21,"column":32},"end":{"line":21,"column":47}},"10":{"start":{"line":24,"column":25},"end":{"line":33,"column":3}},"11":{"start":{"line":25,"column":4},"end":{"line":32,"column":5}},"12":{"start":{"line":26,"column":23},"end":{"line":26,"column":71}},"13":{"start":{"line":27,"column":6},"end":{"line":29,"column":7}},"14":{"start":{"line":28,"column":8},"end":{"line":28,"column":38}},"15":{"start":{"line":31,"column":6},"end":{"line":31,"column":25}},"16":{"start":{"line":35,"column":2},"end":{"line":38,"column":9}},"17":{"start":{"line":36,"column":4},"end":{"line":36,"column":21}},"18":{"start":{"line":37,"column":4},"end":{"line":37,"column":15}},"19":{"start":{"line":40,"column":25},"end":{"line":55,"column":3}},"20":{"start":{"line":41,"column":4},"end":{"line":54,"column":5}},"21":{"start":{"line":42,"column":6},"end":{"line":42,"column":23}},"22":{"start":{"line":43,"column":23},"end":{"line":43,"column":78}},"23":{"start":{"line":44,"column":6},"end":{"line":44,"column":24}},"24":{"start":{"line":45,"column":6},"end":{"line":45,"column":33}},"25":{"start":{"line":46,"column":6},"end":{"line":50,"column":7}},"26":{"start":{"line":47,"column":8},"end":{"line":47,"column":35}},"27":{"start":{"line":49,"column":8},"end":{"line":49,"column":59}},"28":{"start":{"line":49,"column":30},"end":{"line":49,"column":57}},"29":{"start":{"line":52,"column":6},"end":{"line":52,"column":24}},"30":{"start":{"line":53,"column":6},"end":{"line":53,"column":25}},"31":{"start":{"line":58,"column":19},"end":{"line":65,"column":3}},"32":{"start":{"line":59,"column":4},"end":{"line":64,"column":5}},"33":{"start":{"line":60,"column":23},"end":{"line":60,"column":71}},"34":{"start":{"line":61,"column":6},"end":{"line":61,"column":28}},"35":{"start":{"line":63,"column":6},"end":{"line":63,"column":25}},"36":{"start":{"line":69,"column":23},"end":{"line":79,"column":3}},"37":{"start":{"line":70,"column":14},"end":{"line":70,"column":26}},"38":{"start":{"line":71,"column":4},"end":{"line":75,"column":5}},"39":{"start":{"line":72,"column":6},"end":{"line":72,"column":19}},"40":{"start":{"line":74,"column":6},"end":{"line":74,"column":40}},"41":{"start":{"line":74,"column":30},"end":{"line":74,"column":38}},"42":{"start":{"line":76,"column":4},"end":{"line":76,"column":20}},"43":{"start":{"line":77,"column":4},"end":{"line":77,"column":20}},"44":{"start":{"line":78,"column":4},"end":{"line":78,"column":15}},"45":{"start":{"line":81,"column":2},"end":{"line":84,"column":29}},"46":{"start":{"line":82,"column":4},"end":{"line":83,"column":26}},"47":{"start":{"line":82,"column":40},"end":{"line":82,"column":56}},"48":{"start":{"line":83,"column":9},"end":{"line":83,"column":26}},"49":{"start":{"line":88,"column":24},"end":{"line":109,"column":3}},"50":{"start":{"line":89,"column":4},"end":{"line":108,"column":5}},"51":{"start":{"line":90,"column":23},"end":{"line":94,"column":8}},"52":{"start":{"line":95,"column":6},"end":{"line":95,"column":23}},"53":{"start":{"line":96,"column":6},"end":{"line":103,"column":7}},"54":{"start":{"line":99,"column":8},"end":{"line":99,"column":36}},"55":{"start":{"line":102,"column":8},"end":{"line":102,"column":60}},"56":{"start":{"line":102,"column":30},"end":{"line":102,"column":58}},"57":{"start":{"line":104,"column":6},"end":{"line":104,"column":91}},"58":{"start":{"line":105,"column":6},"end":{"line":105,"column":28}},"59":{"start":{"line":107,"column":6},"end":{"line":107,"column":25}},"60":{"start":{"line":110,"column":2},"end":{"line":228,"column":4}},"61":{"start":{"line":125,"column":14},"end":{"line":130,"column":25}},"62":{"start":{"line":127,"column":33},"end":{"line":127,"column":70}},"63":{"start":{"line":137,"column":14},"end":{"line":137,"column":30}},"64":{"start":{"line":138,"column":14},"end":{"line":138,"column":39}},"65":{"start":{"line":139,"column":14},"end":{"line":139,"column":25}},"66":{"start":{"line":142,"column":16},"end":{"line":144,"column":22}},"67":{"start":{"line":151,"column":29},"end":{"line":151,"column":53}},"68":{"start":{"line":161,"column":14},"end":{"line":202,"column":20}},"69":{"start":{"line":183,"column":37},"end":{"line":183,"column":67}},"70":{"start":{"line":190,"column":24},"end":{"line":190,"column":46}},"71":{"start":{"line":191,"column":24},"end":{"line":194,"column":26}},"72":{"start":{"line":195,"column":24},"end":{"line":195,"column":60}},"73":{"start":{"line":210,"column":18},"end":{"line":210,"column":37}},"74":{"start":{"line":211,"column":18},"end":{"line":211,"column":54}},"75":{"start":{"line":211,"column":40},"end":{"line":211,"column":52}}},"fnMap":{"0":{"name":"(anonymous_0)","decl":{"start":{"line":12,"column":17},"end":{"line":12,"column":18}},"loc":{"start":{"line":12,"column":23},"end":{"line":229,"column":1}},"line":12},"1":{"name":"(anonymous_1)","decl":{"start":{"line":24,"column":25},"end":{"line":24,"column":26}},"loc":{"start":{"line":24,"column":37},"end":{"line":33,"column":3}},"line":24},"2":{"name":"(anonymous_2)","decl":{"start":{"line":35,"column":12},"end":{"line":35,"column":13}},"loc":{"start":{"line":35,"column":18},"end":{"line":38,"column":3}},"line":35},"3":{"name":"(anonymous_3)","decl":{"start":{"line":40,"column":25},"end":{"line":40,"column":26}},"loc":{"start":{"line":40,"column":37},"end":{"line":55,"column":3}},"line":40},"4":{"name":"(anonymous_4)","decl":{"start":{"line":49,"column":20},"end":{"line":49,"column":21}},"loc":{"start":{"line":49,"column":30},"end":{"line":49,"column":57}},"line":49},"5":{"name":"(anonymous_5)","decl":{"start":{"line":58,"column":19},"end":{"line":58,"column":20}},"loc":{"start":{"line":58,"column":31},"end":{"line":65,"column":3}},"line":58},"6":{"name":"(anonymous_6)","decl":{"start":{"line":69,"column":23},"end":{"line":69,"column":24}},"loc":{"start":{"line":69,"column":38},"end":{"line":79,"column":3}},"line":69},"7":{"name":"(anonymous_7)","decl":{"start":{"line":74,"column":23},"end":{"line":74,"column":24}},"loc":{"start":{"line":74,"column":30},"end":{"line":74,"column":38}},"line":74},"8":{"name":"(anonymous_8)","decl":{"start":{"line":81,"column":12},"end":{"line":81,"column":13}},"loc":{"start":{"line":81,"column":18},"end":{"line":84,"column":3}},"line":81},"9":{"name":"(anonymous_9)","decl":{"start":{"line":88,"column":24},"end":{"line":88,"column":25}},"loc":{"start":{"line":88,"column":36},"end":{"line":109,"column":3}},"line":88},"10":{"name":"(anonymous_10)","decl":{"start":{"line":102,"column":20},"end":{"line":102,"column":21}},"loc":{"start":{"line":102,"column":30},"end":{"line":102,"column":58}},"line":102},"11":{"name":"(anonymous_11)","decl":{"start":{"line":124,"column":29},"end":{"line":124,"column":30}},"loc":{"start":{"line":125,"column":14},"end":{"line":130,"column":25}},"line":125},"12":{"name":"(anonymous_12)","decl":{"start":{"line":127,"column":26},"end":{"line":127,"column":27}},"loc":{"start":{"line":127,"column":33},"end":{"line":127,"column":70}},"line":127},"13":{"name":"(anonymous_13)","decl":{"start":{"line":136,"column":35},"end":{"line":136,"column":36}},"loc":{"start":{"line":136,"column":42},"end":{"line":140,"column":13}},"line":136},"14":{"name":"(anonymous_14)","decl":{"start":{"line":141,"column":27},"end":{"line":141,"column":28}},"loc":{"start":{"line":142,"column":16},"end":{"line":144,"column":22}},"line":142},"15":{"name":"(anonymous_15)","decl":{"start":{"line":151,"column":23},"end":{"line":151,"column":24}},"loc":{"start":{"line":151,"column":29},"end":{"line":151,"column":53}},"line":151},"16":{"name":"(anonymous_16)","decl":{"start":{"line":160,"column":27},"end":{"line":160,"column":28}},"loc":{"start":{"line":161,"column":14},"end":{"line":202,"column":20}},"line":161},"17":{"name":"(anonymous_17)","decl":{"start":{"line":183,"column":31},"end":{"line":183,"column":32}},"loc":{"start":{"line":183,"column":37},"end":{"line":183,"column":67}},"line":183},"18":{"name":"(anonymous_18)","decl":{"start":{"line":189,"column":31},"end":{"line":189,"column":32}},"loc":{"start":{"line":189,"column":37},"end":{"line":196,"column":23}},"line":189},"19":{"name":"(anonymous_19)","decl":{"start":{"line":209,"column":25},"end":{"line":209,"column":26}},"loc":{"start":{"line":209,"column":32},"end":{"line":212,"column":17}},"line":209},"20":{"name":"(anonymous_20)","decl":{"start":{"line":211,"column":26},"end":{"line":211,"column":27}},"loc":{"start":{"line":211,"column":40},"end":{"line":211,"column":52}},"line":211}},"branchMap":{"0":{"loc":{"start":{"line":27,"column":6},"end":{"line":29,"column":7}},"type":"if","locations":[{"start":{"line":27,"column":6},"end":{"line":29,"column":7}},{"start":{},"end":{}}],"line":27},"1":{"loc":{"start":{"line":46,"column":6},"end":{"line":50,"column":7}},"type":"if","locations":[{"start":{"line":46,"column":6},"end":{"line":50,"column":7}},{"start":{"line":48,"column":13},"end":{"line":50,"column":7}}],"line":46},"2":{"loc":{"start":{"line":71,"column":4},"end":{"line":75,"column":5}},"type":"if","locations":[{"start":{"line":71,"column":4},"end":{"line":75,"column":5}},{"start":{"line":73,"column":11},"end":{"line":75,"column":5}}],"line":71},"3":{"loc":{"start":{"line":82,"column":4},"end":{"line":83,"column":26}},"type":"if","locations":[{"start":{"line":82,"column":4},"end":{"line":83,"column":26}},{"start":{"line":83,"column":9},"end":{"line":83,"column":26}}],"line":82},"4":{"loc":{"start":{"line":82,"column":8},"end":{"line":82,"column":38}},"type":"binary-expr","locations":[{"start":{"line":82,"column":8},"end":{"line":82,"column":22}},{"start":{"line":82,"column":26},"end":{"line":82,"column":38}}],"line":82},"5":{"loc":{"start":{"line":96,"column":6},"end":{"line":103,"column":7}},"type":"if","locations":[{"start":{"line":96,"column":6},"end":{"line":103,"column":7}},{"start":{"line":100,"column":13},"end":{"line":103,"column":7}}],"line":96},"6":{"loc":{"start":{"line":206,"column":13},"end":{"line":223,"column":13}},"type":"binary-expr","locations":[{"start":{"line":206,"column":13},"end":{"line":206,"column":21}},{"start":{"line":206,"column":25},"end":{"line":206,"column":48}},{"start":{"line":207,"column":14},"end":{"line":222,"column":23}}],"line":206},"7":{"loc":{"start":{"line":214,"column":17},"end":{"line":221,"column":17}},"type":"cond-expr","locations":[{"start":{"line":215,"column":18},"end":{"line":215,"column":31}},{"start":{"line":217,"column":18},"end":{"line":220,"column":21}}],"line":214}},"s":{"0":1,"1":64,"2":64,"3":64,"4":64,"5":64,"6":64,"7":64,"8":64,"9":64,"10":64,"11":16,"12":16,"13":15,"14":14,"15":1,"16":64,"17":16,"18":16,"19":64,"20":19,"21":19,"22":19,"23":17,"24":17,"25":17,"26":16,"27":1,"28":1,"29":2,"30":2,"31":64,"32":16,"33":16,"34":15,"35":1,"36":64,"37":4,"38":4,"39":3,"40":1,"41":1,"42":4,"43":4,"44":4,"45":64,"46":26,"47":7,"48":19,"49":64,"50":7,"51":7,"52":6,"53":6,"54":5,"55":1,"56":1,"57":6,"58":6,"59":1,"60":64,"61":27,"62":4,"63":3,"64":3,"65":3,"66":384,"67":1,"68":19,"69":1,"70":1,"71":1,"72":1,"73":3,"74":3,"75":3},"f":{"0":64,"1":16,"2":16,"3":19,"4":1,"5":16,"6":4,"7":1,"8":26,"9":7,"10":1,"11":27,"12":4,"13":3,"14":384,"15":1,"16":19,"17":1,"18":1,"19":3,"20":3},"b":{"0":[14,1],"1":[16,1],"2":[3,1],"3":[7,19],"4":[26,22],"5":[5,1],"6":[64,64,15],"7":[2,13]},"_coverageSchema":"1a1c01bbd47fc00a2c39e90264f33305004495a9","hash":"c2fffdaf11d24bd45f9c414db5a54e71509e07f1"}
,"/Users/nicholasleong/Desktop/cs4218-2520-ecom-project-cs4218-2520-team24/client/src/pages/Pagenotfound.js": {"path":"/Users/nicholasleong/Desktop/cs4218-2520-ecom-project-cs4218-2520-team24/client/src/pages/Pagenotfound.js","statementMap":{"0":{"start":{"line":5,"column":21},"end":{"line":17,"column":1}},"1":{"start":{"line":6,"column":2},"end":{"line":16,"column":4}}},"fnMap":{"0":{"name":"(anonymous_0)","decl":{"start":{"line":5,"column":21},"end":{"line":5,"column":22}},"loc":{"start":{"line":5,"column":27},"end":{"line":17,"column":1}},"line":5}},"branchMap":{},"s":{"0":1,"1":1},"f":{"0":1},"b":{},"_coverageSchema":"1a1c01bbd47fc00a2c39e90264f33305004495a9","hash":"810739851f184406ce0ff5ea7e64c1c561f42d95"}
,"/Users/nicholasleong/Desktop/cs4218-2520-ecom-project-cs4218-2520-team24/client/src/pages/Policy.js": {"path":"/Users/nicholasleong/Desktop/cs4218-2520-ecom-project-cs4218-2520-team24/client/src/pages/Policy.js","statementMap":{"0":{"start":{"line":4,"column":15},"end":{"line":27,"column":1}},"1":{"start":{"line":5,"column":2},"end":{"line":26,"column":4}}},"fnMap":{"0":{"name":"(anonymous_0)","decl":{"start":{"line":4,"column":15},"end":{"line":4,"column":16}},"loc":{"start":{"line":4,"column":21},"end":{"line":27,"column":1}},"line":4}},"branchMap":{},"s":{"0":1,"1":1},"f":{"0":1},"b":{},"_coverageSchema":"1a1c01bbd47fc00a2c39e90264f33305004495a9","hash":"f081c26a13390e529c8df20f3c24405a18b10aec"}
,"/Users/nicholasleong/Desktop/cs4218-2520-ecom-project-cs4218-2520-team24/client/src/pages/ProductDetails.js": {"path":"/Users/nicholasleong/Desktop/cs4218-2520-ecom-project-cs4218-2520-team24/client/src/pages/ProductDetails.js","statementMap":{"0":{"start":{"line":9,"column":23},"end":{"line":138,"column":1}},"1":{"start":{"line":10,"column":17},"end":{"line":10,"column":28}},"2":{"start":{"line":11,"column":19},"end":{"line":11,"column":32}},"3":{"start":{"line":12,"column":26},"end":{"line":12,"column":35}},"4":{"start":{"line":13,"column":32},"end":{"line":13,"column":44}},"5":{"start":{"line":14,"column":48},"end":{"line":14,"column":60}},"6":{"start":{"line":17,"column":2},"end":{"line":19,"column":21}},"7":{"start":{"line":18,"column":4},"end":{"line":18,"column":35}},"8":{"start":{"line":18,"column":22},"end":{"line":18,"column":35}},"9":{"start":{"line":21,"column":21},"end":{"line":31,"column":3}},"10":{"start":{"line":22,"column":4},"end":{"line":30,"column":5}},"11":{"start":{"line":23,"column":23},"end":{"line":25,"column":7}},"12":{"start":{"line":26,"column":6},"end":{"line":26,"column":32}},"13":{"start":{"line":27,"column":6},"end":{"line":27,"column":71}},"14":{"start":{"line":29,"column":6},"end":{"line":29,"column":25}},"15":{"start":{"line":33,"column":28},"end":{"line":42,"column":3}},"16":{"start":{"line":34,"column":4},"end":{"line":41,"column":5}},"17":{"start":{"line":35,"column":23},"end":{"line":37,"column":7}},"18":{"start":{"line":38,"column":6},"end":{"line":38,"column":41}},"19":{"start":{"line":40,"column":6},"end":{"line":40,"column":25}},"20":{"start":{"line":43,"column":2},"end":{"line":137,"column":4}},"21":{"start":{"line":71,"column":14},"end":{"line":71,"column":42}},"22":{"start":{"line":72,"column":14},"end":{"line":75,"column":16}},"23":{"start":{"line":76,"column":14},"end":{"line":76,"column":50}},"24":{"start":{"line":91,"column":12},"end":{"line":132,"column":18}},"25":{"start":{"line":113,"column":35},"end":{"line":113,"column":65}}},"fnMap":{"0":{"name":"(anonymous_0)","decl":{"start":{"line":9,"column":23},"end":{"line":9,"column":24}},"loc":{"start":{"line":9,"column":29},"end":{"line":138,"column":1}},"line":9},"1":{"name":"(anonymous_1)","decl":{"start":{"line":17,"column":12},"end":{"line":17,"column":13}},"loc":{"start":{"line":17,"column":18},"end":{"line":19,"column":3}},"line":17},"2":{"name":"(anonymous_2)","decl":{"start":{"line":21,"column":21},"end":{"line":21,"column":22}},"loc":{"start":{"line":21,"column":33},"end":{"line":31,"column":3}},"line":21},"3":{"name":"(anonymous_3)","decl":{"start":{"line":33,"column":28},"end":{"line":33,"column":29}},"loc":{"start":{"line":33,"column":48},"end":{"line":42,"column":3}},"line":33},"4":{"name":"(anonymous_4)","decl":{"start":{"line":70,"column":21},"end":{"line":70,"column":22}},"loc":{"start":{"line":70,"column":27},"end":{"line":77,"column":13}},"line":70},"5":{"name":"(anonymous_5)","decl":{"start":{"line":90,"column":32},"end":{"line":90,"column":33}},"loc":{"start":{"line":91,"column":12},"end":{"line":132,"column":18}},"line":91},"6":{"name":"(anonymous_6)","decl":{"start":{"line":113,"column":29},"end":{"line":113,"column":30}},"loc":{"start":{"line":113,"column":35},"end":{"line":113,"column":65}},"line":113}},"branchMap":{"0":{"loc":{"start":{"line":18,"column":4},"end":{"line":18,"column":35}},"type":"if","locations":[{"start":{"line":18,"column":4},"end":{"line":18,"column":35}},{"start":{},"end":{}}],"line":18},"1":{"loc":{"start":{"line":86,"column":9},"end":{"line":88,"column":9}},"type":"binary-expr","locations":[{"start":{"line":86,"column":9},"end":{"line":86,"column":35}},{"start":{"line":87,"column":10},"end":{"line":87,"column":66}}],"line":86}},"s":{"0":1,"1":13,"2":13,"3":13,"4":13,"5":13,"6":13,"7":8,"8":7,"9":13,"10":7,"11":7,"12":6,"13":6,"14":1,"15":13,"16":6,"17":6,"18":4,"19":2,"20":13,"21":1,"22":1,"23":1,"24":2,"25":1},"f":{"0":13,"1":8,"2":7,"3":6,"4":1,"5":2,"6":1},"b":{"0":[7,1],"1":[13,11]},"_coverageSchema":"1a1c01bbd47fc00a2c39e90264f33305004495a9","hash":"5db49f394deda7738ef3cfdb89bbace5ec03f830"}
,"/Users/nicholasleong/Desktop/cs4218-2520-ecom-project-cs4218-2520-team24/client/src/pages/Search.js": {"path":"/Users/nicholasleong/Desktop/cs4218-2520-ecom-project-cs4218-2520-team24/client/src/pages/Search.js","statementMap":{"0":{"start":{"line":4,"column":15},"end":{"line":40,"column":1}},"1":{"start":{"line":5,"column":30},"end":{"line":5,"column":41}},"2":{"start":{"line":6,"column":2},"end":{"line":39,"column":4}},"3":{"start":{"line":18,"column":14},"end":{"line":33,"column":20}}},"fnMap":{"0":{"name":"(anonymous_0)","decl":{"start":{"line":4,"column":15},"end":{"line":4,"column":16}},"loc":{"start":{"line":4,"column":21},"end":{"line":40,"column":1}},"line":4},"1":{"name":"(anonymous_1)","decl":{"start":{"line":17,"column":33},"end":{"line":17,"column":34}},"loc":{"start":{"line":18,"column":14},"end":{"line":33,"column":20}},"line":18}},"branchMap":{"0":{"loc":{"start":{"line":12,"column":13},"end":{"line":14,"column":49}},"type":"cond-expr","locations":[{"start":{"line":13,"column":16},"end":{"line":13,"column":35}},{"start":{"line":14,"column":16},"end":{"line":14,"column":49}}],"line":12}},"s":{"0":1,"1":3,"2":3,"3":2},"f":{"0":3,"1":2},"b":{"0":[1,2]},"_coverageSchema":"1a1c01bbd47fc00a2c39e90264f33305004495a9","hash":"f174e4050183fd2988b288f9c43c26aed87bddce"}
,"/Users/nicholasleong/Desktop/cs4218-2520-ecom-project-cs4218-2520-team24/client/src/pages/Auth/Login.js": {"path":"/Users/nicholasleong/Desktop/cs4218-2520-ecom-project-cs4218-2520-team24/client/src/pages/Auth/Login.js","statementMap":{"0":{"start":{"line":9,"column":14},"end":{"line":99,"column":1}},"1":{"start":{"line":10,"column":28},"end":{"line":10,"column":40}},"2":{"start":{"line":11,"column":34},"end":{"line":11,"column":46}},"3":{"start":{"line":12,"column":26},"end":{"line":12,"column":35}},"4":{"start":{"line":15,"column":19},"end":{"line":15,"column":32}},"5":{"start":{"line":16,"column":19},"end":{"line":16,"column":32}},"6":{"start":{"line":20,"column":23},"end":{"line":50,"column":3}},"7":{"start":{"line":21,"column":4},"end":{"line":21,"column":23}},"8":{"start":{"line":22,"column":4},"end":{"line":49,"column":5}},"9":{"start":{"line":23,"column":18},"end":{"line":26,"column":8}},"10":{"start":{"line":27,"column":6},"end":{"line":45,"column":7}},"11":{"start":{"line":28,"column":8},"end":{"line":35,"column":13}},"12":{"start":{"line":36,"column":8},"end":{"line":40,"column":11}},"13":{"start":{"line":41,"column":8},"end":{"line":41,"column":63}},"14":{"start":{"line":42,"column":8},"end":{"line":42,"column":40}},"15":{"start":{"line":44,"column":8},"end":{"line":44,"column":38}},"16":{"start":{"line":47,"column":6},"end":{"line":47,"column":25}},"17":{"start":{"line":48,"column":6},"end":{"line":48,"column":42}},"18":{"start":{"line":51,"column":2},"end":{"line":98,"column":4}},"19":{"start":{"line":62,"column":31},"end":{"line":62,"column":55}},"20":{"start":{"line":73,"column":31},"end":{"line":73,"column":58}},"21":{"start":{"line":85,"column":16},"end":{"line":85,"column":45}}},"fnMap":{"0":{"name":"(anonymous_0)","decl":{"start":{"line":9,"column":14},"end":{"line":9,"column":15}},"loc":{"start":{"line":9,"column":20},"end":{"line":99,"column":1}},"line":9},"1":{"name":"(anonymous_1)","decl":{"start":{"line":20,"column":23},"end":{"line":20,"column":24}},"loc":{"start":{"line":20,"column":36},"end":{"line":50,"column":3}},"line":20},"2":{"name":"(anonymous_2)","decl":{"start":{"line":62,"column":24},"end":{"line":62,"column":25}},"loc":{"start":{"line":62,"column":31},"end":{"line":62,"column":55}},"line":62},"3":{"name":"(anonymous_3)","decl":{"start":{"line":73,"column":24},"end":{"line":73,"column":25}},"loc":{"start":{"line":73,"column":31},"end":{"line":73,"column":58}},"line":73},"4":{"name":"(anonymous_4)","decl":{"start":{"line":84,"column":23},"end":{"line":84,"column":24}},"loc":{"start":{"line":84,"column":29},"end":{"line":86,"column":15}},"line":84}},"branchMap":{"0":{"loc":{"start":{"line":27,"column":6},"end":{"line":45,"column":7}},"type":"if","locations":[{"start":{"line":27,"column":6},"end":{"line":45,"column":7}},{"start":{"line":43,"column":13},"end":{"line":45,"column":7}}],"line":27},"1":{"loc":{"start":{"line":27,"column":10},"end":{"line":27,"column":33}},"type":"binary-expr","locations":[{"start":{"line":27,"column":10},"end":{"line":27,"column":13}},{"start":{"line":27,"column":17},"end":{"line":27,"column":33}}],"line":27},"2":{"loc":{"start":{"line":28,"column":22},"end":{"line":28,"column":50}},"type":"binary-expr","locations":[{"start":{"line":28,"column":22},"end":{"line":28,"column":30}},{"start":{"line":28,"column":34},"end":{"line":28,"column":50}}],"line":28},"3":{"loc":{"start":{"line":42,"column":17},"end":{"line":42,"column":38}},"type":"binary-expr","locations":[{"start":{"line":42,"column":17},"end":{"line":42,"column":31}},{"start":{"line":42,"column":35},"end":{"line":42,"column":38}}],"line":42}},"s":{"0":1,"1":15,"2":15,"3":15,"4":15,"5":15,"6":15,"7":3,"8":3,"9":3,"10":2,"11":1,"12":1,"13":1,"14":1,"15":1,"16":1,"17":1,"18":15,"19":4,"20":4,"21":1},"f":{"0":15,"1":3,"2":4,"3":4,"4":1},"b":{"0":[1,1],"1":[2,2],"2":[1,1],"3":[1,1]},"_coverageSchema":"1a1c01bbd47fc00a2c39e90264f33305004495a9","hash":"ba4f41c28ab2f95a5b3089797ce5a0be10ee795a"}
,"/Users/nicholasleong/Desktop/cs4218-2520-ecom-project-cs4218-2520-team24/client/src/pages/Auth/Register.js": {"path":"/Users/nicholasleong/Desktop/cs4218-2520-ecom-project-cs4218-2520-team24/client/src/pages/Auth/Register.js","statementMap":{"0":{"start":{"line":7,"column":17},"end":{"line":132,"column":1}},"1":{"start":{"line":8,"column":26},"end":{"line":8,"column":38}},"2":{"start":{"line":9,"column":28},"end":{"line":9,"column":40}},"3":{"start":{"line":10,"column":34},"end":{"line":10,"column":46}},"4":{"start":{"line":11,"column":28},"end":{"line":11,"column":40}},"5":{"start":{"line":12,"column":32},"end":{"line":12,"column":44}},"6":{"start":{"line":13,"column":24},"end":{"line":13,"column":36}},"7":{"start":{"line":14,"column":30},"end":{"line":14,"column":42}},"8":{"start":{"line":15,"column":19},"end":{"line":15,"column":32}},"9":{"start":{"line":18,"column":23},"end":{"line":40,"column":3}},"10":{"start":{"line":19,"column":4},"end":{"line":19,"column":23}},"11":{"start":{"line":20,"column":4},"end":{"line":39,"column":5}},"12":{"start":{"line":21,"column":18},"end":{"line":29,"column":8}},"13":{"start":{"line":30,"column":6},"end":{"line":35,"column":7}},"14":{"start":{"line":31,"column":8},"end":{"line":31,"column":61}},"15":{"start":{"line":32,"column":8},"end":{"line":32,"column":27}},"16":{"start":{"line":34,"column":8},"end":{"line":34,"column":38}},"17":{"start":{"line":37,"column":6},"end":{"line":37,"column":25}},"18":{"start":{"line":38,"column":6},"end":{"line":38,"column":42}},"19":{"start":{"line":42,"column":2},"end":{"line":131,"column":4}},"20":{"start":{"line":51,"column":31},"end":{"line":51,"column":54}},"21":{"start":{"line":63,"column":31},"end":{"line":63,"column":55}},"22":{"start":{"line":74,"column":31},"end":{"line":74,"column":58}},"23":{"start":{"line":85,"column":31},"end":{"line":85,"column":55}},"24":{"start":{"line":96,"column":31},"end":{"line":96,"column":57}},"25":{"start":{"line":107,"column":31},"end":{"line":107,"column":53}},"26":{"start":{"line":118,"column":31},"end":{"line":118,"column":56}}},"fnMap":{"0":{"name":"(anonymous_0)","decl":{"start":{"line":7,"column":17},"end":{"line":7,"column":18}},"loc":{"start":{"line":7,"column":23},"end":{"line":132,"column":1}},"line":7},"1":{"name":"(anonymous_1)","decl":{"start":{"line":18,"column":23},"end":{"line":18,"column":24}},"loc":{"start":{"line":18,"column":36},"end":{"line":40,"column":3}},"line":18},"2":{"name":"(anonymous_2)","decl":{"start":{"line":51,"column":24},"end":{"line":51,"column":25}},"loc":{"start":{"line":51,"column":31},"end":{"line":51,"column":54}},"line":51},"3":{"name":"(anonymous_3)","decl":{"start":{"line":63,"column":24},"end":{"line":63,"column":25}},"loc":{"start":{"line":63,"column":31},"end":{"line":63,"column":55}},"line":63},"4":{"name":"(anonymous_4)","decl":{"start":{"line":74,"column":24},"end":{"line":74,"column":25}},"loc":{"start":{"line":74,"column":31},"end":{"line":74,"column":58}},"line":74},"5":{"name":"(anonymous_5)","decl":{"start":{"line":85,"column":24},"end":{"line":85,"column":25}},"loc":{"start":{"line":85,"column":31},"end":{"line":85,"column":55}},"line":85},"6":{"name":"(anonymous_6)","decl":{"start":{"line":96,"column":24},"end":{"line":96,"column":25}},"loc":{"start":{"line":96,"column":31},"end":{"line":96,"column":57}},"line":96},"7":{"name":"(anonymous_7)","decl":{"start":{"line":107,"column":24},"end":{"line":107,"column":25}},"loc":{"start":{"line":107,"column":31},"end":{"line":107,"column":53}},"line":107},"8":{"name":"(anonymous_8)","decl":{"start":{"line":118,"column":24},"end":{"line":118,"column":25}},"loc":{"start":{"line":118,"column":31},"end":{"line":118,"column":56}},"line":118}},"branchMap":{"0":{"loc":{"start":{"line":30,"column":6},"end":{"line":35,"column":7}},"type":"if","locations":[{"start":{"line":30,"column":6},"end":{"line":35,"column":7}},{"start":{"line":33,"column":13},"end":{"line":35,"column":7}}],"line":30},"1":{"loc":{"start":{"line":30,"column":10},"end":{"line":30,"column":33}},"type":"binary-expr","locations":[{"start":{"line":30,"column":10},"end":{"line":30,"column":13}},{"start":{"line":30,"column":17},"end":{"line":30,"column":33}}],"line":30}},"s":{"0":1,"1":24,"2":24,"3":24,"4":24,"5":24,"6":24,"7":24,"8":24,"9":24,"10":3,"11":3,"12":3,"13":2,"14":1,"15":1,"16":1,"17":1,"18":1,"19":24,"20":3,"21":3,"22":3,"23":3,"24":3,"25":3,"26":3},"f":{"0":24,"1":3,"2":3,"3":3,"4":3,"5":3,"6":3,"7":3,"8":3},"b":{"0":[1,1],"1":[2,2]},"_coverageSchema":"1a1c01bbd47fc00a2c39e90264f33305004495a9","hash":"9dd602dedeac256f7ebeef3332e4c306e258a207"}
,"/Users/nicholasleong/Desktop/cs4218-2520-ecom-project-cs4218-2520-team24/client/src/pages/admin/AdminDashboard.js": {"path":"/Users/nicholasleong/Desktop/cs4218-2520-ecom-project-cs4218-2520-team24/client/src/pages/admin/AdminDashboard.js","statementMap":{"0":{"start":{"line":5,"column":23},"end":{"line":25,"column":1}},"1":{"start":{"line":6,"column":17},"end":{"line":6,"column":26}},"2":{"start":{"line":7,"column":2},"end":{"line":24,"column":4}}},"fnMap":{"0":{"name":"(anonymous_0)","decl":{"start":{"line":5,"column":23},"end":{"line":5,"column":24}},"loc":{"start":{"line":5,"column":29},"end":{"line":25,"column":1}},"line":5}},"branchMap":{},"s":{"0":1,"1":1,"2":1},"f":{"0":1},"b":{},"_coverageSchema":"1a1c01bbd47fc00a2c39e90264f33305004495a9","hash":"41a3ccb56cd5fbc517f3c08cffaca5b207df586e"}
,"/Users/nicholasleong/Desktop/cs4218-2520-ecom-project-cs4218-2520-team24/client/src/pages/admin/AdminOrders.js": {"path":"/Users/nicholasleong/Desktop/cs4218-2520-ecom-project-cs4218-2520-team24/client/src/pages/admin/AdminOrders.js","statementMap":{"0":{"start":{"line":9,"column":19},"end":{"line":9,"column":25}},"1":{"start":{"line":11,"column":20},"end":{"line":116,"column":1}},"2":{"start":{"line":12,"column":30},"end":{"line":18,"column":4}},"3":{"start":{"line":19,"column":30},"end":{"line":19,"column":42}},"4":{"start":{"line":20,"column":26},"end":{"line":20,"column":35}},"5":{"start":{"line":21,"column":20},"end":{"line":28,"column":3}},"6":{"start":{"line":22,"column":4},"end":{"line":27,"column":5}},"7":{"start":{"line":23,"column":23},"end":{"line":23,"column":65}},"8":{"start":{"line":24,"column":6},"end":{"line":24,"column":22}},"9":{"start":{"line":26,"column":6},"end":{"line":26,"column":25}},"10":{"start":{"line":30,"column":2},"end":{"line":32,"column":20}},"11":{"start":{"line":31,"column":4},"end":{"line":31,"column":33}},"12":{"start":{"line":31,"column":21},"end":{"line":31,"column":33}},"13":{"start":{"line":34,"column":23},"end":{"line":43,"column":3}},"14":{"start":{"line":35,"column":4},"end":{"line":42,"column":5}},"15":{"start":{"line":36,"column":23},"end":{"line":38,"column":8}},"16":{"start":{"line":39,"column":6},"end":{"line":39,"column":18}},"17":{"start":{"line":41,"column":6},"end":{"line":41,"column":25}},"18":{"start":{"line":44,"column":2},"end":{"line":115,"column":4}},"19":{"start":{"line":53,"column":12},"end":{"line":110,"column":14}},"20":{"start":{"line":72,"column":47},"end":{"line":72,"column":73}},"21":{"start":{"line":76,"column":28},"end":{"line":78,"column":37}},"22":{"start":{"line":91,"column":20},"end":{"line":106,"column":26}}},"fnMap":{"0":{"name":"(anonymous_0)","decl":{"start":{"line":11,"column":20},"end":{"line":11,"column":21}},"loc":{"start":{"line":11,"column":26},"end":{"line":116,"column":1}},"line":11},"1":{"name":"(anonymous_1)","decl":{"start":{"line":21,"column":20},"end":{"line":21,"column":21}},"loc":{"start":{"line":21,"column":32},"end":{"line":28,"column":3}},"line":21},"2":{"name":"(anonymous_2)","decl":{"start":{"line":30,"column":12},"end":{"line":30,"column":13}},"loc":{"start":{"line":30,"column":18},"end":{"line":32,"column":3}},"line":30},"3":{"name":"(anonymous_3)","decl":{"start":{"line":34,"column":23},"end":{"line":34,"column":24}},"loc":{"start":{"line":34,"column":49},"end":{"line":43,"column":3}},"line":34},"4":{"name":"(anonymous_4)","decl":{"start":{"line":52,"column":23},"end":{"line":52,"column":24}},"loc":{"start":{"line":52,"column":33},"end":{"line":111,"column":11}},"line":52},"5":{"name":"(anonymous_5)","decl":{"start":{"line":72,"column":36},"end":{"line":72,"column":37}},"loc":{"start":{"line":72,"column":47},"end":{"line":72,"column":73}},"line":72},"6":{"name":"(anonymous_6)","decl":{"start":{"line":75,"column":38},"end":{"line":75,"column":39}},"loc":{"start":{"line":76,"column":28},"end":{"line":78,"column":37}},"line":76},"7":{"name":"(anonymous_7)","decl":{"start":{"line":90,"column":36},"end":{"line":90,"column":37}},"loc":{"start":{"line":91,"column":20},"end":{"line":106,"column":26}},"line":91}},"branchMap":{"0":{"loc":{"start":{"line":31,"column":4},"end":{"line":31,"column":33}},"type":"if","locations":[{"start":{"line":31,"column":4},"end":{"line":31,"column":33}},{"start":{},"end":{}}],"line":31},"1":{"loc":{"start":{"line":84,"column":27},"end":{"line":84,"column":68}},"type":"cond-expr","locations":[{"start":{"line":84,"column":48},"end":{"line":84,"column":57}},{"start":{"line":84,"column":60},"end":{"line":84,"column":68}}],"line":84}},"s":{"0":1,"1":1,"2":11,"3":11,"4":11,"5":11,"6":6,"7":6,"8":5,"9":1,"10":11,"11":6,"12":5,"13":11,"14":2,"15":2,"16":1,"17":1,"18":11,"19":5,"20":2,"21":25,"22":5},"f":{"0":11,"1":6,"2":6,"3":2,"4":5,"5":2,"6":25,"7":5},"b":{"0":[5,1],"1":[4,1]},"_coverageSchema":"1a1c01bbd47fc00a2c39e90264f33305004495a9","hash":"6d73faaf5b29959b7221a894c17dad4c4bd232ef"}
,"/Users/nicholasleong/Desktop/cs4218-2520-ecom-project-cs4218-2520-team24/client/src/pages/admin/CreateCategory.js": {"path":"/Users/nicholasleong/Desktop/cs4218-2520-ecom-project-cs4218-2520-team24/client/src/pages/admin/CreateCategory.js","statementMap":{"0":{"start":{"line":8,"column":23},"end":{"line":156,"column":1}},"1":{"start":{"line":9,"column":38},"end":{"line":9,"column":50}},"2":{"start":{"line":10,"column":26},"end":{"line":10,"column":38}},"3":{"start":{"line":11,"column":32},"end":{"line":11,"column":47}},"4":{"start":{"line":12,"column":34},"end":{"line":12,"column":48}},"5":{"start":{"line":13,"column":40},"end":{"line":13,"column":52}},"6":{"start":{"line":15,"column":23},"end":{"line":31,"column":3}},"7":{"start":{"line":16,"column":4},"end":{"line":16,"column":23}},"8":{"start":{"line":17,"column":4},"end":{"line":30,"column":5}},"9":{"start":{"line":18,"column":23},"end":{"line":20,"column":8}},"10":{"start":{"line":21,"column":6},"end":{"line":26,"column":7}},"11":{"start":{"line":22,"column":8},"end":{"line":22,"column":44}},"12":{"start":{"line":23,"column":8},"end":{"line":23,"column":25}},"13":{"start":{"line":25,"column":8},"end":{"line":25,"column":34}},"14":{"start":{"line":28,"column":6},"end":{"line":28,"column":25}},"15":{"start":{"line":29,"column":6},"end":{"line":29,"column":56}},"16":{"start":{"line":34,"column":25},"end":{"line":44,"column":3}},"17":{"start":{"line":35,"column":4},"end":{"line":43,"column":5}},"18":{"start":{"line":36,"column":23},"end":{"line":36,"column":71}},"19":{"start":{"line":37,"column":6},"end":{"line":39,"column":7}},"20":{"start":{"line":38,"column":8},"end":{"line":38,"column":37}},"21":{"start":{"line":41,"column":6},"end":{"line":41,"column":25}},"22":{"start":{"line":42,"column":6},"end":{"line":42,"column":62}},"23":{"start":{"line":46,"column":2},"end":{"line":48,"column":9}},"24":{"start":{"line":47,"column":4},"end":{"line":47,"column":21}},"25":{"start":{"line":51,"column":23},"end":{"line":70,"column":3}},"26":{"start":{"line":52,"column":4},"end":{"line":52,"column":23}},"27":{"start":{"line":53,"column":4},"end":{"line":69,"column":5}},"28":{"start":{"line":54,"column":23},"end":{"line":57,"column":7}},"29":{"start":{"line":58,"column":6},"end":{"line":66,"column":7}},"30":{"start":{"line":59,"column":8},"end":{"line":59,"column":51}},"31":{"start":{"line":60,"column":8},"end":{"line":60,"column":26}},"32":{"start":{"line":61,"column":8},"end":{"line":61,"column":27}},"33":{"start":{"line":62,"column":8},"end":{"line":62,"column":26}},"34":{"start":{"line":63,"column":8},"end":{"line":63,"column":25}},"35":{"start":{"line":65,"column":8},"end":{"line":65,"column":34}},"36":{"start":{"line":68,"column":6},"end":{"line":68,"column":42}},"37":{"start":{"line":72,"column":23},"end":{"line":86,"column":3}},"38":{"start":{"line":73,"column":4},"end":{"line":85,"column":5}},"39":{"start":{"line":74,"column":23},"end":{"line":76,"column":7}},"40":{"start":{"line":77,"column":6},"end":{"line":82,"column":7}},"41":{"start":{"line":78,"column":8},"end":{"line":78,"column":58}},"42":{"start":{"line":79,"column":8},"end":{"line":79,"column":25}},"43":{"start":{"line":81,"column":8},"end":{"line":81,"column":34}},"44":{"start":{"line":84,"column":6},"end":{"line":84,"column":42}},"45":{"start":{"line":87,"column":2},"end":{"line":155,"column":4}},"46":{"start":{"line":113,"column":22},"end":{"line":135,"column":27}},"47":{"start":{"line":119,"column":30},"end":{"line":119,"column":47}},"48":{"start":{"line":120,"column":30},"end":{"line":120,"column":53}},"49":{"start":{"line":121,"column":30},"end":{"line":121,"column":45}},"50":{"start":{"line":129,"column":30},"end":{"line":129,"column":50}},"51":{"start":{"line":141,"column":30},"end":{"line":141,"column":47}}},"fnMap":{"0":{"name":"(anonymous_0)","decl":{"start":{"line":8,"column":23},"end":{"line":8,"column":24}},"loc":{"start":{"line":8,"column":29},"end":{"line":156,"column":1}},"line":8},"1":{"name":"(anonymous_1)","decl":{"start":{"line":15,"column":23},"end":{"line":15,"column":24}},"loc":{"start":{"line":15,"column":36},"end":{"line":31,"column":3}},"line":15},"2":{"name":"(anonymous_2)","decl":{"start":{"line":34,"column":25},"end":{"line":34,"column":26}},"loc":{"start":{"line":34,"column":37},"end":{"line":44,"column":3}},"line":34},"3":{"name":"(anonymous_3)","decl":{"start":{"line":46,"column":12},"end":{"line":46,"column":13}},"loc":{"start":{"line":46,"column":18},"end":{"line":48,"column":3}},"line":46},"4":{"name":"(anonymous_4)","decl":{"start":{"line":51,"column":23},"end":{"line":51,"column":24}},"loc":{"start":{"line":51,"column":36},"end":{"line":70,"column":3}},"line":51},"5":{"name":"(anonymous_5)","decl":{"start":{"line":72,"column":23},"end":{"line":72,"column":24}},"loc":{"start":{"line":72,"column":38},"end":{"line":86,"column":3}},"line":72},"6":{"name":"(anonymous_6)","decl":{"start":{"line":112,"column":35},"end":{"line":112,"column":36}},"loc":{"start":{"line":113,"column":22},"end":{"line":135,"column":27}},"line":113},"7":{"name":"(anonymous_7)","decl":{"start":{"line":118,"column":37},"end":{"line":118,"column":38}},"loc":{"start":{"line":118,"column":43},"end":{"line":122,"column":29}},"line":118},"8":{"name":"(anonymous_8)","decl":{"start":{"line":128,"column":37},"end":{"line":128,"column":38}},"loc":{"start":{"line":128,"column":43},"end":{"line":130,"column":29}},"line":128},"9":{"name":"(anonymous_9)","decl":{"start":{"line":141,"column":24},"end":{"line":141,"column":25}},"loc":{"start":{"line":141,"column":30},"end":{"line":141,"column":47}},"line":141}},"branchMap":{"0":{"loc":{"start":{"line":21,"column":6},"end":{"line":26,"column":7}},"type":"if","locations":[{"start":{"line":21,"column":6},"end":{"line":26,"column":7}},{"start":{"line":24,"column":13},"end":{"line":26,"column":7}}],"line":21},"1":{"loc":{"start":{"line":37,"column":6},"end":{"line":39,"column":7}},"type":"if","locations":[{"start":{"line":37,"column":6},"end":{"line":39,"column":7}},{"start":{},"end":{}}],"line":37},"2":{"loc":{"start":{"line":58,"column":6},"end":{"line":66,"column":7}},"type":"if","locations":[{"start":{"line":58,"column":6},"end":{"line":66,"column":7}},{"start":{"line":64,"column":13},"end":{"line":66,"column":7}}],"line":58},"3":{"loc":{"start":{"line":77,"column":6},"end":{"line":82,"column":7}},"type":"if","locations":[{"start":{"line":77,"column":6},"end":{"line":82,"column":7}},{"start":{"line":80,"column":13},"end":{"line":82,"column":7}}],"line":77}},"s":{"0":1,"1":36,"2":35,"3":35,"4":35,"5":35,"6":35,"7":3,"8":3,"9":3,"10":2,"11":1,"12":1,"13":1,"14":1,"15":1,"16":35,"17":16,"18":16,"19":15,"20":14,"21":1,"22":1,"23":35,"24":13,"25":35,"26":3,"27":3,"28":3,"29":2,"30":1,"31":1,"32":1,"33":1,"34":1,"35":1,"36":1,"37":35,"38":3,"39":3,"40":2,"41":1,"42":1,"43":1,"44":1,"45":35,"46":34,"47":4,"48":4,"49":4,"50":3,"51":1},"f":{"0":36,"1":3,"2":16,"3":13,"4":3,"5":3,"6":34,"7":4,"8":3,"9":1},"b":{"0":[1,1],"1":[14,1],"2":[1,1],"3":[1,1]},"_coverageSchema":"1a1c01bbd47fc00a2c39e90264f33305004495a9","hash":"238b68dcdc4f3b831c5cc148331fee536e9de152"}
,"/Users/nicholasleong/Desktop/cs4218-2520-ecom-project-cs4218-2520-team24/client/src/pages/admin/CreateProduct.js": {"path":"/Users/nicholasleong/Desktop/cs4218-2520-ecom-project-cs4218-2520-team24/client/src/pages/admin/CreateProduct.js","statementMap":{"0":{"start":{"line":8,"column":19},"end":{"line":8,"column":25}},"1":{"start":{"line":10,"column":22},"end":{"line":181,"column":1}},"2":{"start":{"line":11,"column":19},"end":{"line":11,"column":32}},"3":{"start":{"line":12,"column":38},"end":{"line":12,"column":50}},"4":{"start":{"line":13,"column":26},"end":{"line":13,"column":38}},"5":{"start":{"line":14,"column":40},"end":{"line":14,"column":52}},"6":{"start":{"line":15,"column":28},"end":{"line":15,"column":40}},"7":{"start":{"line":16,"column":34},"end":{"line":16,"column":46}},"8":{"start":{"line":17,"column":34},"end":{"line":17,"column":46}},"9":{"start":{"line":18,"column":34},"end":{"line":18,"column":46}},"10":{"start":{"line":19,"column":28},"end":{"line":19,"column":40}},"11":{"start":{"line":22,"column":25},"end":{"line":32,"column":3}},"12":{"start":{"line":23,"column":4},"end":{"line":31,"column":5}},"13":{"start":{"line":24,"column":23},"end":{"line":24,"column":71}},"14":{"start":{"line":25,"column":6},"end":{"line":27,"column":7}},"15":{"start":{"line":26,"column":8},"end":{"line":26,"column":38}},"16":{"start":{"line":29,"column":6},"end":{"line":29,"column":25}},"17":{"start":{"line":30,"column":6},"end":{"line":30,"column":63}},"18":{"start":{"line":34,"column":2},"end":{"line":36,"column":9}},"19":{"start":{"line":35,"column":4},"end":{"line":35,"column":21}},"20":{"start":{"line":39,"column":23},"end":{"line":64,"column":3}},"21":{"start":{"line":40,"column":4},"end":{"line":40,"column":23}},"22":{"start":{"line":41,"column":4},"end":{"line":63,"column":5}},"23":{"start":{"line":42,"column":26},"end":{"line":42,"column":40}},"24":{"start":{"line":43,"column":6},"end":{"line":43,"column":39}},"25":{"start":{"line":44,"column":6},"end":{"line":44,"column":53}},"26":{"start":{"line":45,"column":6},"end":{"line":45,"column":41}},"27":{"start":{"line":46,"column":6},"end":{"line":46,"column":47}},"28":{"start":{"line":47,"column":6},"end":{"line":47,"column":41}},"29":{"start":{"line":48,"column":6},"end":{"line":48,"column":47}},"30":{"start":{"line":49,"column":6},"end":{"line":49,"column":47}},"31":{"start":{"line":50,"column":23},"end":{"line":53,"column":7}},"32":{"start":{
[...]
umn":22},"end":{"line":21,"column":34}},"13":{"start":{"line":24,"column":27},"end":{"line":41,"column":3}},"14":{"start":{"line":25,"column":4},"end":{"line":40,"column":5}},"15":{"start":{"line":26,"column":23},"end":{"line":28,"column":7}},"16":{"start":{"line":29,"column":6},"end":{"line":29,"column":24}},"17":{"start":{"line":30,"column":6},"end":{"line":30,"column":33}},"18":{"start":{"line":31,"column":6},"end":{"line":31,"column":30}},"19":{"start":{"line":32,"column":6},"end":{"line":32,"column":47}},"20":{"start":{"line":33,"column":6},"end":{"line":33,"column":35}},"21":{"start":{"line":34,"column":6},"end":{"line":34,"column":41}},"22":{"start":{"line":35,"column":6},"end":{"line":35,"column":41}},"23":{"start":{"line":36,"column":6},"end":{"line":36,"column":45}},"24":{"start":{"line":37,"column":6},"end":{"line":37,"column":35}},"25":{"start":{"line":39,"column":6},"end":{"line":39,"column":25}},"26":{"start":{"line":42,"column":2},"end":{"line":45,"column":20}},"27":{"start":{"line":43,"column":4},"end":{"line":43,"column":23}},"28":{"start":{"line":47,"column":25},"end":{"line":57,"column":3}},"29":{"start":{"line":48,"column":4},"end":{"line":56,"column":5}},"30":{"start":{"line":49,"column":23},"end":{"line":49,"column":71}},"31":{"start":{"line":50,"column":6},"end":{"line":52,"column":7}},"32":{"start":{"line":51,"column":8},"end":{"line":51,"column":38}},"33":{"start":{"line":54,"column":6},"end":{"line":54,"column":25}},"34":{"start":{"line":55,"column":6},"end":{"line":55,"column":62}},"35":{"start":{"line":59,"column":2},"end":{"line":61,"column":9}},"36":{"start":{"line":60,"column":4},"end":{"line":60,"column":21}},"37":{"start":{"line":64,"column":23},"end":{"line":89,"column":3}},"38":{"start":{"line":65,"column":4},"end":{"line":65,"column":23}},"39":{"start":{"line":66,"column":4},"end":{"line":88,"column":5}},"40":{"start":{"line":67,"column":26},"end":{"line":67,"column":40}},"41":{"start":{"line":68,"column":6},"end":{"line":68,"column":39}},"42":{"start":{"line":69,"column":6},"end":{"line":69,"column":53}},"43":{"start":{"line":70,"column":6},"end":{"line":70,"column":41}},"44":{"start":{"line":71,"column":6},"end":{"line":71,"column":47}},"45":{"start":{"line":72,"column":6},"end":{"line":72,"column":50}},"46":{"start":{"line":73,"column":6},"end":{"line":73,"column":47}},"47":{"start":{"line":74,"column":6},"end":{"line":74,"column":47}},"48":{"start":{"line":75,"column":23},"end":{"line":78,"column":7}},"49":{"start":{"line":79,"column":6},"end":{"line":84,"column":7}},"50":{"start":{"line":80,"column":8},"end":{"line":80,"column":54}},"51":{"start":{"line":81,"column":8},"end":{"line":81,"column":46}},"52":{"start":{"line":83,"column":8},"end":{"line":83,"column":35}},"53":{"start":{"line":86,"column":6},"end":{"line":86,"column":25}},"54":{"start":{"line":87,"column":6},"end":{"line":87,"column":42}},"55":{"start":{"line":92,"column":23},"end":{"line":105,"column":3}},"56":{"start":{"line":93,"column":4},"end":{"line":104,"column":5}},"57":{"start":{"line":94,"column":19},"end":{"line":94,"column":79}},"58":{"start":{"line":95,"column":6},"end":{"line":95,"column":26}},"59":{"start":{"line":95,"column":19},"end":{"line":95,"column":26}},"60":{"start":{"line":96,"column":23},"end":{"line":98,"column":7}},"61":{"start":{"line":99,"column":6},"end":{"line":99,"column":52}},"62":{"start":{"line":100,"column":6},"end":{"line":100,"column":44}},"63":{"start":{"line":102,"column":6},"end":{"line":102,"column":25}},"64":{"start":{"line":103,"column":6},"end":{"line":103,"column":42}},"65":{"start":{"line":106,"column":2},"end":{"line":234,"column":4}},"66":{"start":{"line":123,"column":18},"end":{"line":123,"column":37}},"67":{"start":{"line":128,"column":18},"end":{"line":130,"column":27}},"68":{"start":{"line":140,"column":37},"end":{"line":140,"column":64}},"69":{"start":{"line":172,"column":35},"end":{"line":172,"column":58}},"70":{"start":{"line":181,"column":35},"end":{"line":181,"column":65}},"71":{"start":{"line":191,"column":35},"end":{"line":191,"column":59}},"72":{"start":{"line":200,"column":35},"end":{"line":200,"column":62}},"73":{"start":{"line":211,"column":20},"end":{"line":211,"column":39}}},"fnMap":{"0":{"name":"(anonymous_0)","decl":{"start":{"line":10,"column":22},"end":{"line":10,"column":23}},"loc":{"start":{"line":10,"column":28},"end":{"line":235,"column":1}},"line":10},"1":{"name":"(anonymous_1)","decl":{"start":{"line":24,"column":27},"end":{"line":24,"column":28}},"loc":{"start":{"line":24,"column":39},"end":{"line":41,"column":3}},"line":24},"2":{"name":"(anonymous_2)","decl":{"start":{"line":42,"column":12},"end":{"line":42,"column":13}},"loc":{"start":{"line":42,"column":18},"end":{"line":45,"column":3}},"line":42},"3":{"name":"(anonymous_3)","decl":{"start":{"line":47,"column":25},"end":{"line":47,"column":26}},"loc":{"start":{"line":47,"column":37},"end":{"line":57,"column":3}},"line":47},"4":{"name":"(anonymous_4)","decl":{"start":{"line":59,"column":12},"end":{"line":59,"column":13}},"loc":{"start":{"line":59,"column":18},"end":{"line":61,"column":3}},"line":59},"5":{"name":"(anonymous_5)","decl":{"start":{"line":64,"column":23},"end":{"line":64,"column":24}},"loc":{"start":{"line":64,"column":36},"end":{"line":89,"column":3}},"line":64},"6":{"name":"(anonymous_6)","decl":{"start":{"line":92,"column":23},"end":{"line":92,"column":24}},"loc":{"start":{"line":92,"column":35},"end":{"line":105,"column":3}},"line":92},"7":{"name":"(anonymous_7)","decl":{"start":{"line":122,"column":26},"end":{"line":122,"column":27}},"loc":{"start":{"line":122,"column":37},"end":{"line":124,"column":17}},"line":122},"8":{"name":"(anonymous_8)","decl":{"start":{"line":127,"column":33},"end":{"line":127,"column":34}},"loc":{"start":{"line":128,"column":18},"end":{"line":130,"column":27}},"line":128},"9":{"name":"(anonymous_9)","decl":{"start":{"line":140,"column":30},"end":{"line":140,"column":31}},"loc":{"start":{"line":140,"column":37},"end":{"line":140,"column":64}},"line":140},"10":{"name":"(anonymous_10)","decl":{"start":{"line":172,"column":28},"end":{"line":172,"column":29}},"loc":{"start":{"line":172,"column":35},"end":{"line":172,"column":58}},"line":172},"11":{"name":"(anonymous_11)","decl":{"start":{"line":181,"column":28},"end":{"line":181,"column":29}},"loc":{"start":{"line":181,"column":35},"end":{"line":181,"column":65}},"line":181},"12":{"name":"(anonymous_12)","decl":{"start":{"line":191,"column":28},"end":{"line":191,"column":29}},"loc":{"start":{"line":191,"column":35},"end":{"line":191,"column":59}},"line":191},"13":{"name":"(anonymous_13)","decl":{"start":{"line":200,"column":28},"end":{"line":200,"column":29}},"loc":{"start":{"line":200,"column":35},"end":{"line":200,"column":62}},"line":200},"14":{"name":"(anonymous_14)","decl":{"start":{"line":210,"column":28},"end":{"line":210,"column":29}},"loc":{"start":{"line":210,"column":39},"end":{"line":212,"column":19}},"line":210}},"branchMap":{"0":{"loc":{"start":{"line":50,"column":6},"end":{"line":52,"column":7}},"type":"if","locations":[{"start":{"line":50,"column":6},"end":{"line":52,"column":7}},{"start":{},"end":{}}],"line":50},"1":{"loc":{"start":{"line":72,"column":6},"end":{"line":72,"column":49}},"type":"binary-expr","locations":[{"start":{"line":72,"column":6},"end":{"line":72,"column":11}},{"start":{"line":72,"column":15},"end":{"line":72,"column":49}}],"line":72},"2":{"loc":{"start":{"line":79,"column":6},"end":{"line":84,"column":7}},"type":"if","locations":[{"start":{"line":79,"column":6},"end":{"line":84,"column":7}},{"start":{"line":82,"column":13},"end":{"line":84,"column":7}}],"line":79},"3":{"loc":{"start":{"line":95,"column":6},"end":{"line":95,"column":26}},"type":"if","locations":[{"start":{"line":95,"column":6},"end":{"line":95,"column":26}},{"start":{},"end":{}}],"line":95},"4":{"loc":{"start":{"line":135,"column":19},"end":{"line":135,"column":83}},"type":"cond-expr","locations":[{"start":{"line":135,"column":56},"end":{"line":135,"column":66}},{"start":{"line":135,"column":69},"end":{"line":135,"column":83}}],"line":135},"5":{"loc":{"start":{"line":135,"column":19},"end":{"line":135,"column":53}},"type":"binary-expr","locations":[{"start":{"line":135,"column":19},"end":{"line":135,"column":24}},{"start":{"line":135,"column":28},"end":{"line":135,"column":53}}],"line":135},"6":{"loc":{"start":{"line":146,"column":17},"end":{"line":164,"column":17}},"type":"cond-expr","locations":[{"start":{"line":147,"column":18},"end":{"line":154,"column":24}},{"start":{"line":156,"column":18},"end":{"line":163,"column":24}}],"line":146},"7":{"loc":{"start":{"line":146,"column":17},"end":{"line":146,"column":51}},"type":"binary-expr","locations":[{"start":{"line":146,"column":17},"end":{"line":146,"column":22}},{"start":{"line":146,"column":26},"end":{"line":146,"column":51}}],"line":146}},"s":{"0":1,"1":1,"2":29,"3":29,"4":29,"5":29,"6":29,"7":29,"8":29,"9":29,"10":29,"11":29,"12":29,"13":29,"14":13,"15":13,"16":12,"17":12,"18":12,"19":12,"20":12,"21":12,"22":12,"23":12,"24":12,"25":1,"26":29,"27":13,"28":29,"29":13,"30":13,"31":12,"32":11,"33":1,"34":1,"35":29,"36":13,"37":29,"38":4,"39":4,"40":4,"41":4,"42":4,"43":4,"44":4,"45":4,"46":4,"47":4,"48":4,"49":3,"50":2,"51":2,"52":1,"53":1,"54":1,"55":29,"56":3,"57":3,"58":3,"59":1,"60":2,"61":1,"62":1,"63":1,"64":1,"65":29,"66":1,"67":12,"68":2,"69":1,"70":1,"71":1,"72":1,"73":1},"f":{"0":29,"1":13,"2":13,"3":13,"4":13,"5":4,"6":3,"7":1,"8":12,"9":2,"10":1,"11":1,"12":1,"13":1,"14":1},"b":{"0":[11,1],"1":[4,1],"2":[2,1],"3":[1,2],"4":[4,25],"5":[29,4],"6":[4,25],"7":[29,4]},"_coverageSchema":"1a1c01bbd47fc00a2c39e90264f33305004495a9","hash":"977ad524bf2bff8b85f91ff49af044a7f8fadbac"}
,"/Users/nicholasleong/Desktop/cs4218-2520-ecom-project-cs4218-2520-team24/client/src/pages/admin/Users.js": {"path":"/Users/nicholasleong/Desktop/cs4218-2520-ecom-project-cs4218-2520-team24/client/src/pages/admin/Users.js","statementMap":{"0":{"start":{"line":5,"column":14},"end":{"line":20,"column":1}},"1":{"start":{"line":6,"column":2},"end":{"line":19,"column":4}}},"fnMap":{"0":{"name":"(anonymous_0)","decl":{"start":{"line":5,"column":14},"end":{"line":5,"column":15}},"loc":{"start":{"line":5,"column":20},"end":{"line":20,"column":1}},"line":5}},"branchMap":{},"s":{"0":1,"1":1},"f":{"0":1},"b":{},"_coverageSchema":"1a1c01bbd47fc00a2c39e90264f33305004495a9","hash":"f11722f45a4e51a53702ec4c88ab443d4624c68d"}
,"/Users/nicholasleong/Desktop/cs4218-2520-ecom-project-cs4218-2520-team24/client/src/pages/user/Dashboard.js": {"path":"/Users/nicholasleong/Desktop/cs4218-2520-ecom-project-cs4218-2520-team24/client/src/pages/user/Dashboard.js","statementMap":{"0":{"start":{"line":5,"column":18},"end":{"line":25,"column":1}},"1":{"start":{"line":6,"column":17},"end":{"line":6,"column":26}},"2":{"start":{"line":7,"column":2},"end":{"line":24,"column":4}}},"fnMap":{"0":{"name":"(anonymous_0)","decl":{"start":{"line":5,"column":18},"end":{"line":5,"column":19}},"loc":{"start":{"line":5,"column":24},"end":{"line":25,"column":1}},"line":5}},"branchMap":{},"s":{"0":1,"1":1,"2":1},"f":{"0":1},"b":{},"_coverageSchema":"1a1c01bbd47fc00a2c39e90264f33305004495a9","hash":"fd9d66a9a7f472edb9e5c4305cc74ae5b13dcab5"}
,"/Users/nicholasleong/Desktop/cs4218-2520-ecom-project-cs4218-2520-team24/client/src/pages/user/Orders.js": {"path":"/Users/nicholasleong/Desktop/cs4218-2520-ecom-project-cs4218-2520-team24/client/src/pages/user/Orders.js","statementMap":{"0":{"start":{"line":8,"column":15},"end":{"line":85,"column":1}},"1":{"start":{"line":9,"column":30},"end":{"line":9,"column":42}},"2":{"start":{"line":10,"column":26},"end":{"line":10,"column":35}},"3":{"start":{"line":11,"column":20},"end":{"line":18,"column":3}},"4":{"start":{"line":12,"column":4},"end":{"line":17,"column":5}},"5":{"start":{"line":13,"column":23},"end":{"line":13,"column":61}},"6":{"start":{"line":14,"column":6},"end":{"line":14,"column":22}},"7":{"start":{"line":16,"column":6},"end":{"line":16,"column":25}},"8":{"start":{"line":20,"column":2},"end":{"line":22,"column":20}},"9":{"start":{"line":21,"column":4},"end":{"line":21,"column":33}},"10":{"start":{"line":21,"column":21},"end":{"line":21,"column":33}},"11":{"start":{"line":23,"column":2},"end":{"line":84,"column":4}},"12":{"start":{"line":33,"column":14},"end":{"line":78,"column":16}},"13":{"start":{"line":59,"column":22},"end":{"line":74,"column":28}}},"fnMap":{"0":{"name":"(anonymous_0)","decl":{"start":{"line":8,"column":15},"end":{"line":8,"column":16}},"loc":{"start":{"line":8,"column":21},"end":{"line":85,"column":1}},"line":8},"1":{"name":"(anonymous_1)","decl":{"start":{"line":11,"column":20},"end":{"line":11,"column":21}},"loc":{"start":{"line":11,"column":32},"end":{"line":18,"column":3}},"line":11},"2":{"name":"(anonymous_2)","decl":{"start":{"line":20,"column":12},"end":{"line":20,"column":13}},"loc":{"start":{"line":20,"column":18},"end":{"line":22,"column":3}},"line":20},"3":{"name":"(anonymous_3)","decl":{"start":{"line":32,"column":25},"end":{"line":32,"column":26}},"loc":{"start":{"line":32,"column":35},"end":{"line":79,"column":13}},"line":32},"4":{"name":"(anonymous_4)","decl":{"start":{"line":58,"column":38},"end":{"line":58,"column":39}},"loc":{"start":{"line":59,"column":22},"end":{"line":74,"column":28}},"line":59}},"branchMap":{"0":{"loc":{"start":{"line":21,"column":4},"end":{"line":21,"column":33}},"type":"if","locations":[{"start":{"line":21,"column":4},"end":{"line":21,"column":33}},{"start":{},"end":{}}],"line":21},"1":{"loc":{"start":{"line":52,"column":29},"end":{"line":52,"column":70}},"type":"cond-expr","locations":[{"start":{"line":52,"column":50},"end":{"line":52,"column":59}},{"start":{"line":52,"column":62},"end":{"line":52,"column":70}}],"line":52}},"s":{"0":1,"1":6,"2":6,"3":6,"4":3,"5":3,"6":2,"7":1,"8":6,"9":4,"10":3,"11":6,"12":2,"13":1},"f":{"0":6,"1":3,"2":4,"3":2,"4":1},"b":{"0":[3,1],"1":[1,1]},"_coverageSchema":"1a1c01bbd47fc00a2c39e90264f33305004495a9","hash":"dc1ca1d15adb42f3dbfa2ce20cb9d18610e9d344"}
,"/Users/nicholasleong/Desktop/cs4218-2520-ecom-project-cs4218-2520-team24/client/src/pages/user/Profile.js": {"path":"/Users/nicholasleong/Desktop/cs4218-2520-ecom-project-cs4218-2520-team24/client/src/pages/user/Profile.js","statementMap":{"0":{"start":{"line":7,"column":16},"end":{"line":128,"column":1}},"1":{"start":{"line":9,"column":26},"end":{"line":9,"column":35}},"2":{"start":{"line":11,"column":26},"end":{"line":11,"column":38}},"3":{"start":{"line":12,"column":28},"end":{"line":12,"column":40}},"4":{"start":{"line":13,"column":34},"end":{"line":13,"column":46}},"5":{"start":{"line":14,"column":28},"end":{"line":14,"column":40}},"6":{"start":{"line":15,"column":32},"end":{"line":15,"column":44}},"7":{"start":{"line":18,"column":2},"end":{"line":26,"column":19}},"8":{"start":{"line":19,"column":4},"end":{"line":25,"column":5}},"9":{"start":{"line":20,"column":46},"end":{"line":20,"column":55}},"10":{"start":{"line":21,"column":6},"end":{"line":21,"column":26}},"11":{"start":{"line":22,"column":6},"end":{"line":22,"column":28}},"12":{"start":{"line":23,"column":6},"end":{"line":23,"column":28}},"13":{"start":{"line":24,"column":6},"end":{"line":24,"column":32}},"14":{"start":{"line":29,"column":23},"end":{"line":53,"column":3}},"15":{"start":{"line":30,"column":4},"end":{"line":30,"column":23}},"16":{"start":{"line":31,"column":4},"end":{"line":52,"column":5}},"17":{"start":{"line":32,"column":23},"end":{"line":38,"column":8}},"18":{"start":{"line":39,"column":6},"end":{"line":48,"column":7}},"19":{"start":{"line":40,"column":8},"end":{"line":40,"column":33}},"20":{"start":{"line":42,"column":8},"end":{"line":42,"column":54}},"21":{"start":{"line":43,"column":17},"end":{"line":43,"column":45}},"22":{"start":{"line":44,"column":8},"end":{"line":44,"column":28}},"23":{"start":{"line":45,"column":8},"end":{"line":45,"column":35}},"24":{"start":{"line":46,"column":8},"end":{"line":46,"column":57}},"25":{"start":{"line":47,"column":8},"end":{"line":47,"column":54}},"26":{"start":{"line":50,"column":6},"end":{"line":50,"column":25}},"27":{"start":{"line":51,"column":6},"end":{"line":51,"column":42}},"28":{"start":{"line":54,"column":2},"end":{"line":127,"column":4}},"29":{"start":{"line":69,"column":37},"end":{"line":69,"column":60}},"30":{"start":{"line":80,"column":37},"end":{"line":80,"column":61}},"31":{"start":{"line":91,"column":37},"end":{"line":91,"column":64}},"32":{"start":{"line":101,"column":37},"end":{"line":101,"column":61}},"33":{"start":{"line":111,"column":37},"end":{"line":111,"column":63}}},"fnMap":{"0":{"name":"(anonymous_0)","decl":{"start":{"line":7,"column":16},"end":{"line":7,"column":17}},"loc":{"start":{"line":7,"column":22},"end":{"line":128,"column":1}},"line":7},"1":{"name":"(anonymous_1)","decl":{"start":{"line":18,"column":12},"end":{"line":18,"column":13}},"loc":{"start":{"line":18,"column":18},"end":{"line":26,"column":3}},"line":18},"2":{"name":"(anonymous_2)","decl":{"start":{"line":29,"column":23},"end":{"line":29,"column":24}},"loc":{"start":{"line":29,"column":36},"end":{"line":53,"column":3}},"line":29},"3":{"name":"(anonymous_3)","decl":{"start":{"line":69,"column":30},"end":{"line":69,"column":31}},"loc":{"start":{"line":69,"column":37},"end":{"line":69,"column":60}},"line":69},"4":{"name":"(anonymous_4)","decl":{"start":{"line":80,"column":30},"end":{"line":80,"column":31}},"loc":{"start":{"line":80,"column":37},"end":{"line":80,"column":61}},"line":80},"5":{"name":"(anonymous_5)","decl":{"start":{"line":91,"column":30},"end":{"line":91,"column":31}},"loc":{"start":{"line":91,"column":37},"end":{"line":91,"column":64}},"line":91},"6":{"name":"(anonymous_6)","decl":{"start":{"line":101,"column":30},"end":{"line":101,"column":31}},"loc":{"start":{"line":101,"column":37},"end":{"line":101,"column":61}},"line":101},"7":{"name":"(anonymous_7)","decl":{"start":{"line":111,"column":30},"end":{"line":111,"column":31}},"loc":{"start":{"line":111,"column":37},"end":{"line":111,"column":63}},"line":111}},"branchMap":{"0":{"loc":{"start":{"line":19,"column":4},"end":{"line":25,"column":5}},"type":"if","locations":[{"start":{"line":19,"column":4},"end":{"line":25,"column":5}},{"start":{},"end":{}}],"line":19},"1":{"loc":{"start":{"line":21,"column":14},"end":{"line":21,"column":24}},"type":"binary-expr","locations":[{"start":{"line":21,"column":14},"end":{"line":21,"column":18}},{"start":{"line":21,"column":22},"end":{"line":21,"column":24}}],"line":21},"2":{"loc":{"start":{"line":22,"column":15},"end":{"line":22,"column":26}},"type":"binary-expr","locations":[{"start":{"line":22,"column":15},"end":{"line":22,"column":20}},{"start":{"line":22,"column":24},"end":{"line":22,"column":26}}],"line":22},"3":{"loc":{"start":{"line":23,"column":15},"end":{"line":23,"column":26}},"type":"binary-expr","locations":[{"start":{"line":23,"column":15},"end":{"line":23,"column":20}},{"start":{"line":23,"column":24},"end":{"line":23,"column":26}}],"line":23},"4":{"loc":{"start":{"line":24,"column":17},"end":{"line":24,"column":30}},"type":"binary-expr","locations":[{"start":{"line":24,"column":17},"end":{"line":24,"column":24}},{"start":{"line":24,"column":28},"end":{"line":24,"column":30}}],"line":24},"5":{"loc":{"start":{"line":39,"column":6},"end":{"line":48,"column":7}},"type":"if","locations":[{"start":{"line":39,"column":6},"end":{"line":48,"column":7}},{"start":{"line":41,"column":13},"end":{"line":48,"column":7}}],"line":39}},"s":{"0":1,"1":20,"2":20,"3":20,"4":20,"5":20,"6":20,"7":20,"8":8,"9":7,"10":7,"11":7,"12":7,"13":7,"14":20,"15":3,"16":3,"17":3,"18":2,"19":1,"20":1,"21":1,"22":1,"23":1,"24":1,"25":1,"26":1,"27":1,"28":20,"29":2,"30":1,"31":1,"32":1,"33":1},"f":{"0":20,"1":8,"2":3,"3":2,"4":1,"5":1,"6":1,"7":1},"b":{"0":[7,1],"1":[7,1],"2":[7,1],"3":[7,1],"4":[7,1],"5":[1,1]},"_coverageSchema":"1a1c01bbd47fc00a2c39e90264f33305004495a9","hash":"fbb1de1984260335124877754d187824ebbddf97"}
}
