TN:
SF:client/src/components/AdminMenu.js
FN:3,(anonymous_0)
FNF:1
FNH:1
FNDA:2,(anonymous_0)
DA:3,1
DA:4,2
LF:2
LH:2
BRF:0
BRH:0
end_of_record
TN:
SF:client/src/components/Footer.js
FN:4,(anonymous_0)
FNF:1
FNH:1
FNDA:31,(anonymous_0)
DA:4,3
DA:5,31
LF:2
LH:2
BRF:0
BRH:0
end_of_record
TN:
SF:client/src/components/Header.js
FN:10,(anonymous_0)
FN:14,(anonymous_1)
FN:63,(anonymous_2)
FNF:3
FNH:3
FNDA:35,(anonymous_0)
FNDA:1,(anonymous_1)
FNDA:2,(anonymous_2)
DA:10,3
DA:11,35
DA:12,35
DA:13,35
DA:14,35
DA:15,1
DA:20,1
DA:21,1
DA:23,35
DA:64,2
LF:10
LH:10
BRDA:76,0,0,31
BRDA:76,0,1,4
BRDA:105,1,0,1
BRDA:105,1,1,3
BRF:4
BRH:4
end_of_record
TN:
SF:client/src/components/Layout.js
FN:8,(anonymous_0)
FNF:1
FNH:1
FNDA:30,(anonymous_0)
DA:8,3
DA:9,30
DA:28,3
LF:3
LH:3
BRF:0
BRH:0
end_of_record
TN:
SF:client/src/components/Prices.js
FNF:0
FNH:0
DA:1,1
LF:1
LH:1
BRF:0
BRH:0
end_of_record
TN:
SF:client/src/components/Spinner.js
FN:3,(anonymous_0)
FN:8,(anonymous_1)
FN:9,(anonymous_2)
FN:10,(anonymous_3)
FN:15,(anonymous_4)
FNF:5
FNH:5
FNDA:13,(anonymous_0)
FNDA:13,(anonymous_1)
FNDA:12,(anonymous_2)
FNDA:12,(anonymous_3)
FNDA:13,(anonymous_4)
DA:3,1
DA:4,13
DA:5,13
DA:6,13
DA:8,13
DA:9,13
DA:10,12
DA:12,13
DA:15,13
DA:17,13
LF:10
LH:10
BRDA:3,0,0,10
BRDA:12,1,0,13
BRDA:12,1,1,3
BRF:3
BRH:3
end_of_record
TN:
SF:client/src/components/UserMenu.js
FN:3,(anonymous_0)
FNF:1
FNH:1
FNDA:2,(anonymous_0)
DA:3,1
DA:4,2
LF:2
LH:2
BRF:0
BRH:0
end_of_record
TN:
SF:client/src/components/Form/CategoryForm.js
FN:3,(anonymous_0)
FN:13,(anonymous_1)
FNF:2
FNH:2
FNDA:4,(anonymous_0)
FNDA:1,(anonymous_1)
DA:3,1
DA:4,4
DA:13,1
LF:3
LH:3
BRF:0
BRH:0
end_of_record
TN:
SF:client/src/components/Form/SearchInput.js
FN:5,(anonymous_0)
FN:9,(anonymous_1)
FN:30,(anonymous_2)
FNF:3
FNH:3
FNDA:31,(anonymous_0)
FNDA:2,(anonymous_1)
FNDA:1,(anonymous_2)
DA:5,3
DA:6,31
DA:7,31
DA:9,31
DA:10,2
DA:11,2
DA:12,2
DA:15,1
DA:16,1
DA:18,1
DA:21,31
DA:30,1
LF:12
LH:12
BRF:0
BRH:0
end_of_record
TN:
SF:client/src/components/Routes/AdminRoute.js
FN:7,AdminRoute
FN:11,(anonymous_1)
FN:12,(anonymous_2)
FNF:3
FNH:3
FNDA:5,AdminRoute
FNDA:4,(anonymous_1)
FNDA:3,(anonymous_2)
DA:8,5
DA:9,5
DA:11,5
DA:12,4
DA:13,3
DA:14,2
DA:15,1
DA:17,1
DA:20,4
DA:23,5
LF:10
LH:10
BRDA:14,0,0,1
BRDA:14,0,1,1
BRDA:20,1,0,3
BRDA:20,1,1,1
BRDA:23,2,0,1
BRDA:23,2,1,4
BRF:6
BRH:6
end_of_record
TN:
SF:client/src/components/Routes/Private.js
FN:7,PrivateRoute
FN:11,(anonymous_1)
FN:12,(anonymous_2)
FNF:3
FNH:3
FNDA:4,PrivateRoute
FNDA:3,(anonymous_1)
FNDA:2,(anonymous_2)
DA:8,4
DA:9,4
DA:11,4
DA:12,3
DA:13,2
DA:14,2
DA:15,1
DA:17,1
DA:20,3
DA:23,4
LF:10
LH:10
BRDA:14,0,0,1
BRDA:14,0,1,1
BRDA:20,1,0,2
BRDA:20,1,1,1
BRDA:23,2,0,1
BRDA:23,2,1,3
BRF:6
BRH:6
end_of_record
TN:
SF:client/src/context/auth.js
FN:6,(anonymous_0)
FN:15,(anonymous_1)
FN:35,(anonymous_2)
FNF:3
FNH:3
FNDA:5,(anonymous_0)
FNDA:3,(anonymous_1)
FNDA:5,(anonymous_2)
DA:4,1
DA:6,1
DA:7,5
DA:13,5
DA:15,5
DA:16,3
DA:17,3
DA:18,1
DA:19,1
DA:27,5
DA:35,5
LF:11
LH:11
BRDA:17,0,0,1
BRDA:17,0,1,2
BRF:2
BRH:2
end_of_record
TN:
SF:client/src/context/cart.js
FN:4,(anonymous_0)
FN:7,(anonymous_1)
FN:20,(anonymous_2)
FNF:3
FNH:3
FNDA:5,(anonymous_0)
FNDA:3,(anonymous_1)
FNDA:5,(anonymous_2)
DA:3,1
DA:4,1
DA:5,5
DA:7,5
DA:8,3
DA:9,3
DA:12,5
DA:20,5
LF:8
LH:8
BRDA:9,0,0,1
BRDA:9,0,1,2
BRF:2
BRH:2
end_of_record
TN:
SF:client/src/context/search.js
FN:4,(anonymous_0)
FN:18,(anonymous_1)
FNF:2
FNH:2
FNDA:3,(anonymous_0)
FNDA:3,(anonymous_1)
DA:3,1
DA:4,1
DA:5,3
DA:10,3
DA:18,3
LF:5
LH:5
BRF:0
BRH:0
end_of_record
TN:
SF:client/src/hooks/useCategory.js
FN:4,useCategory
FN:8,(anonymous_1)
FN:17,(anonymous_2)
FNF:3
FNH:3
FNDA:30,useCategory
FNDA:9,(anonymous_1)
FNDA:9,(anonymous_2)
DA:5,30
DA:8,30
DA:9,9
DA:10,9
DA:11,5
DA:13,4
DA:17,30
DA:18,9
DA:21,30
LF:9
LH:9
BRF:0
BRH:0
end_of_record
TN:
SF:client/src/pages/Auth/Login.js
FN:9,(anonymous_0)
FN:20,(anonymous_1)
FN:62,(anonymous_2)
FN:73,(anonymous_3)
FN:84,(anonymous_4)
FNF:5
FNH:4
FNDA:11,(anonymous_0)
FNDA:2,(anonymous_1)
FNDA:3,(anonymous_2)
FNDA:3,(anonymous_3)
FNDA:0,(anonymous_4)
DA:9,1
DA:10,11
DA:11,11
DA:12,11
DA:15,11
DA:16,11
DA:20,11
DA:21,2
DA:22,2
DA:23,2
DA:27,1
DA:28,1
DA:36,1
DA:41,1
DA:42,1
DA:44,0
DA:47,1
DA:48,1
DA:51,11
DA:62,3
DA:73,3
DA:85,0
LF:22
LH:20
BRDA:27,0,0,1
BRDA:27,0,1,0
BRDA:27,1,0,1
BRDA:27,1,1,1
BRDA:28,2,0,1
BRDA:28,2,1,1
BRDA:42,3,0,1
BRDA:42,3,1,1
BRF:8
BRH:7
end_of_record
TN:
SF:client/src/pages/Auth/Register.js
FN:7,(anonymous_0)
FN:18,(anonymous_1)
FN:51,(anonymous_2)
FN:63,(anonymous_3)
FN:74,(anonymous_4)
FN:85,(anonymous_5)
FN:96,(anonymous_6)
FN:107,(anonymous_7)
FN:118,(anonymous_8)
FNF:9
FNH:9
FNDA:16,(anonymous_0)
FNDA:2,(anonymous_1)
FNDA:2,(anonymous_2)
FNDA:2,(anonymous_3)
FNDA:2,(anonymous_4)
FNDA:2,(anonymous_5)
FNDA:2,(anonymous_6)
FNDA:2,(anonymous_7)
FNDA:2,(anonymous_8)
DA:7,1
DA:8,16
DA:9,16
DA:10,16
DA:11,16
DA:12,16
DA:13,16
DA:14,16
DA:15,16
DA:18,16
DA:19,2
DA:20,2
DA:21,2
DA:30,1
DA:31,1
DA:32,1
DA:34,0
DA:37,1
DA:38,1
DA:42,16
DA:51,2
DA:63,2
DA:74,2
DA:85,2
DA:96,2
DA:107,2
DA:118,2
LF:27
LH:26
BRDA:30,0,0,1
BRDA:30,0,1,0
BRDA:30,1,0,1
BRDA:30,1,1,1
BRF:4
BRH:3
end_of_record
