TN:
SF:client/src/components/AdminMenu.js
FN:3,(anonymous_0)
FNF:1
FNH:1
FNDA:2,(anonymous_0)
DA:3,1
DA:4,2
LF:2
LH:2
BRF:0
BRH:0
end_of_record
TN:
SF:client/src/components/Footer.js
FN:4,(anonymous_0)
FNF:1
FNH:1
FNDA:281,(anonymous_0)
DA:4,22
DA:5,281
LF:2
LH:2
BRF:0
BRH:0
end_of_record
TN:
SF:client/src/components/Header.js
FN:10,(anonymous_0)
FN:14,(anonymous_1)
FN:63,(anonymous_2)
FNF:3
FNH:3
FNDA:285,(anonymous_0)
FNDA:1,(anonymous_1)
FNDA:4,(anonymous_2)
DA:10,22
DA:11,285
DA:12,285
DA:13,285
DA:14,285
DA:15,1
DA:20,1
DA:21,1
DA:23,285
DA:64,4
LF:10
LH:10
BRDA:76,0,0,231
BRDA:76,0,1,54
BRDA:105,1,0,1
BRDA:105,1,1,53
BRF:4
BRH:4
end_of_record
TN:
SF:client/src/components/Layout.js
FN:8,(anonymous_0)
FNF:1
FNH:1
FNDA:280,(anonymous_0)
DA:8,22
DA:9,280
DA:28,22
LF:3
LH:3
BRF:0
BRH:0
end_of_record
TN:
SF:client/src/components/Prices.js
FNF:0
FNH:0
DA:1,2
LF:1
LH:1
BRF:0
BRH:0
end_of_record
TN:
SF:client/src/components/Spinner.js
FN:3,(anonymous_0)
FN:8,(anonymous_1)
FN:9,(anonymous_2)
FN:10,(anonymous_3)
FN:15,(anonymous_4)
FNF:5
FNH:5
FNDA:13,(anonymous_0)
FNDA:13,(anonymous_1)
FNDA:12,(anonymous_2)
FNDA:12,(anonymous_3)
FNDA:13,(anonymous_4)
DA:3,1
DA:4,13
DA:5,13
DA:6,13
DA:8,13
DA:9,13
DA:10,12
DA:12,13
DA:15,13
DA:17,13
LF:10
LH:10
BRDA:3,0,0,10
BRDA:12,1,0,13
BRDA:12,1,1,3
BRF:3
BRH:3
end_of_record
TN:
SF:client/src/components/UserMenu.js
FN:3,(anonymous_0)
FNF:1
FNH:1
FNDA:2,(anonymous_0)
DA:3,1
DA:4,2
LF:2
LH:2
BRF:0
BRH:0
end_of_record
TN:
SF:client/src/components/Form/CategoryForm.js
FN:3,(anonymous_0)
FN:13,(anonymous_1)
FNF:2
FNH:2
FNDA:4,(anonymous_0)
FNDA:1,(anonymous_1)
DA:3,1
DA:4,4
DA:13,1
LF:3
LH:3
BRF:0
BRH:0
end_of_record
TN:
SF:client/src/components/Form/SearchInput.js
FN:5,(anonymous_0)
FN:9,(anonymous_1)
FN:30,(anonymous_2)
FNF:3
FNH:3
FNDA:120,(anonymous_0)
FNDA:2,(anonymous_1)
FNDA:1,(anonymous_2)
DA:5,14
DA:6,120
DA:7,120
DA:9,120
DA:10,2
DA:11,2
DA:12,2
DA:15,1
DA:16,1
DA:18,1
DA:21,120
DA:30,1
LF:12
LH:12
BRF:0
BRH:0
end_of_record
TN:
SF:client/src/components/Routes/AdminRoute.js
FN:7,AdminRoute
FN:11,(anonymous_1)
FN:12,(anonymous_2)
FNF:3
FNH:3
FNDA:5,AdminRoute
FNDA:4,(anonymous_1)
FNDA:3,(anonymous_2)
DA:8,5
DA:9,5
DA:11,5
DA:12,4
DA:13,3
DA:14,2
DA:15,1
DA:17,1
DA:20,4
DA:23,5
LF:10
LH:10
BRDA:14,0,0,1
BRDA:14,0,1,1
BRDA:20,1,0,3
BRDA:20,1,1,1
BRDA:23,2,0,1
BRDA:23,2,1,4
BRF:6
BRH:6
end_of_record
TN:
SF:client/src/components/Routes/Private.js
FN:7,PrivateRoute
FN:11,(anonymous_1)
FN:12,(anonymous_2)
FNF:3
FNH:3
FNDA:4,PrivateRoute
FNDA:3,(anonymous_1)
FNDA:2,(anonymous_2)
DA:8,4
DA:9,4
DA:11,4
DA:12,3
DA:13,2
DA:14,2
DA:15,1
DA:17,1
DA:20,3
DA:23,4
LF:10
LH:10
BRDA:14,0,0,1
BRDA:14,0,1,1
BRDA:20,1,0,2
BRDA:20,1,1,1
BRDA:23,2,0,1
BRDA:23,2,1,3
BRF:6
BRH:6
end_of_record
TN:
SF:client/src/context/auth.js
FN:6,(anonymous_0)
FN:15,(anonymous_1)
FN:35,(anonymous_2)
FNF:3
FNH:3
FNDA:5,(anonymous_0)
FNDA:3,(anonymous_1)
FNDA:5,(anonymous_2)
DA:4,1
DA:6,1
DA:7,5
DA:13,5
DA:15,5
DA:16,3
DA:17,3
DA:18,1
DA:19,1
DA:27,5
DA:35,5
LF:11
LH:11
BRDA:17,0,0,1
BRDA:17,0,1,2
BRF:2
BRH:2
end_of_record
TN:
SF:client/src/context/cart.js
FN:4,(anonymous_0)
FN:7,(anonymous_1)
FN:20,(anonymous_2)
FNF:3
FNH:3
FNDA:5,(anonymous_0)
FNDA:3,(anonymous_1)
FNDA:5,(anonymous_2)
DA:3,1
DA:4,1
DA:5,5
DA:7,5
DA:8,3
DA:9,3
DA:12,5
DA:20,5
LF:8
LH:8
BRDA:9,0,0,1
BRDA:9,0,1,2
BRF:2
BRH:2
end_of_record
TN:
SF:client/src/context/search.js
FN:4,(anonymous_0)
FN:18,(anonymous_1)
FNF:2
FNH:2
FNDA:3,(anonymous_0)
FNDA:3,(anonymous_1)
DA:3,1
DA:4,1
DA:5,3
DA:10,3
DA:18,3
LF:5
LH:5
BRF:0
BRH:0
end_of_record
TN:
SF:client/src/hooks/useCategory.js
FN:4,useCategory
FN:8,(anonymous_1)
FN:17,(anonymous_2)
FNF:3
FNH:3
FNDA:27,useCategory
FNDA:5,(anonymous_1)
FNDA:5,(anonymous_2)
DA:5,27
DA:8,27
DA:9,5
DA:10,5
DA:11,4
DA:13,1
DA:17,27
DA:18,5
DA:21,27
LF:9
LH:9
BRF:0
BRH:0
end_of_record
TN:
SF:client/src/pages/About.js
FN:4,(anonymous_0)
FNF:1
FNH:1
FNDA:1,(anonymous_0)
DA:4,1
DA:5,1
LF:2
LH:2
BRF:0
BRH:0
end_of_record
TN:
SF:client/src/pages/CartPage.js
FN:12,(anonymous_0)
FN:21,(anonymous_1)
FN:24,(anonymous_2)
FN:37,(anonymous_3)
FN:40,(anonymous_4)
FN:52,(anonymous_5)
FN:60,(anonymous_6)
FN:65,(anonymous_7)
FN:105,(anonymous_8)
FN:124,(anonymous_9)
FN:144,(anonymous_10)
FN:155,(anonymous_11)
FN:162,(anonymous_12)
FN:185,(anonymous_13)
FNF:14
FNH:14
FNDA:35,(anonymous_0)
FNDA:35,(anonymous_1)
FNDA:58,(anonymous_2)
FNDA:3,(anonymous_3)
FNDA:1,(anonymous_4)
FNDA:15,(anonymous_5)
FNDA:15,(anonymous_6)
FNDA:2,(anonymous_7)
FNDA:58,(anonymous_8)
FNDA:3,(anonymous_9)
FNDA:1,(anonymous_10)
FNDA:1,(anonymous_11)
FNDA:1,(anonymous_12)
FNDA:2,(anonymous_13)
DA:12,1
DA:13,35
DA:14,35
DA:15,35
DA:16,35
DA:17,35
DA:18,35
DA:21,35
DA:22,35
DA:23,35
DA:24,35
DA:25,58
DA:27,33
DA:32,2
DA:37,35
DA:38,3
DA:39,3
DA:40,3
DA:41,2
DA:42,1
DA:43,1
DA:44,1
DA:47,1
DA:52,35
DA:53,15
DA:54,15
DA:55,14
DA:57,1
DA:60,35
DA:61,15
DA:65,35
DA:66,2
DA:67,2
DA:68,2
DA:69,1
DA:73,1
DA:74,1
DA:75,1
DA:76,1
DA:77,1
DA:79,1
DA:80,1
DA:83,35
DA:106,58
DA:124,3
DA:144,1
DA:155,1
DA:163,1
DA:185,2
LF:49
LH:49
BRDA:41,0,0,1
BRDA:41,0,1,1
BRDA:89,1,0,6
BRDA:89,1,1,29
BRDA:91,2,0,29
BRDA:91,2,1,29
BRDA:93,3,0,31
BRDA:93,3,1,4
BRDA:95,4,0,27
BRDA:95,4,1,4
BRDA:137,5,0,23
BRDA:137,5,1,12
BRDA:152,6,0,6
BRDA:152,6,1,6
BRDA:174,7,0,19
BRDA:174,7,1,16
BRDA:174,8,0,35
BRDA:174,8,1,20
BRDA:174,8,2,17
BRDA:191,9,0,16
BRDA:191,9,1,14
BRDA:191,9,2,4
BRDA:193,10,0,2
BRDA:193,10,1,14
BRF:24
BRH:24
end_of_record
TN:
SF:client/src/pages/Categories.js
FN:5,(anonymous_0)
FN:11,(anonymous_1)
FNF:2
FNH:2
FNDA:2,(anonymous_0)
FNDA:2,(anonymous_1)
DA:5,1
DA:6,2
DA:7,2
DA:12,2
LF:4
LH:4
BRF:0
BRH:0
end_of_record
TN:
SF:client/src/pages/CategoryProduct.js
FN:6,(anonymous_0)
FN:12,(anonymous_1)
FN:15,(anonymous_2)
FN:35,(anonymous_3)
FN:58,(anonymous_4)
FNF:5
FNH:5
FNDA:8,(anonymous_0)
FNDA:6,(anonymous_1)
FNDA:5,(anonymous_2)
FNDA:2,(anonymous_3)
FNDA:1,(anonymous_4)
DA:6,1
DA:7,8
DA:8,8
DA:9,8
DA:10,8
DA:12,8
DA:13,6
DA:15,8
DA:16,5
DA:17,5
DA:20,4
DA:21,4
DA:23,1
DA:27,8
DA:36,2
DA:58,1
LF:16
LH:16
BRDA:13,0,0,5
BRDA:13,0,1,1
BRF:2
BRH:2
end_of_record
TN:
SF:client/src/pages/Contact.js
FN:4,(anonymous_0)
FNF:1
FNH:1
FNDA:2,(anonymous_0)
DA:4,1
DA:5,2
LF:2
LH:2
BRF:0
BRH:0
end_of_record
TN:
SF:client/src/pages/HomePage.js
FN:12,(anonymous_0)
FN:24,(anonymous_1)
FN:35,(anonymous_2)
FN:40,(anonymous_3)
FN:49,(anonymous_4)
FN:58,(anonymous_5)
FN:69,(anonymous_6)
FN:74,(anonymous_7)
FN:81,(anonymous_8)
FN:88,(anonymous_9)
FN:102,(anonymous_10)
FN:124,(anonymous_11)
FN:127,(anonymous_12)
FN:136,(anonymous_13)
FN:141,(anonymous_14)
FN:151,(anonymous_15)
FN:160,(anonymous_16)
FN:183,(anonymous_17)
FN:189,(anonymous_18)
FN:209,(anonymous_19)
FN:211,(anonymous_20)
FNF:21
FNH:21
FNDA:64,(anonymous_0)
FNDA:16,(anonymous_1)
FNDA:16,(anonymous_2)
FNDA:19,(anonymous_3)
FNDA:1,(anonymous_4)
FNDA:16,(anonymous_5)
FNDA:4,(anonymous_6)
FNDA:1,(anonymous_7)
FNDA:26,(anonymous_8)
FNDA:7,(anonymous_9)
FNDA:1,(anonymous_10)
FNDA:27,(anonymous_11)
FNDA:4,(anonymous_12)
FNDA:3,(anonymous_13)
FNDA:384,(anonymous_14)
FNDA:1,(anonymous_15)
FNDA:19,(anonymous_16)
FNDA:1,(anonymous_17)
FNDA:1,(anonymous_18)
FNDA:3,(anonymous_19)
FNDA:3,(anonymous_20)
DA:12,1
DA:13,64
DA:14,64
DA:15,64
DA:16,64
DA:17,64
DA:18,64
DA:19,64
DA:20,64
DA:21,64
DA:24,64
DA:25,16
DA:26,16
DA:27,15
DA:28,14
DA:31,1
DA:35,64
DA:36,16
DA:37,16
DA:40,64
DA:41,19
DA:42,19
DA:43,19
DA:44,17
DA:45,17
DA:46,17
DA:47,16
DA:49,1
DA:52,2
DA:53,2
DA:58,64
DA:59,16
DA:60,16
DA:61,15
DA:63,1
DA:69,64
DA:70,4
DA:71,4
DA:72,3
DA:74,1
DA:76,4
DA:77,4
DA:78,4
DA:81,64
DA:82,26
DA:83,19
DA:88,64
DA:89,7
DA:90,7
DA:95,6
DA:96,6
DA:99,5
DA:102,1
DA:104,6
DA:105,6
DA:107,1
DA:110,64
DA:125,27
DA:127,4
DA:137,3
DA:138,3
DA:139,3
DA:142,384
DA:151,1
DA:161,19
DA:183,1
DA:190,1
DA:191,1
DA:195,1
DA:210,3
DA:211,3
LF:71
LH:71
BRDA:27,0,0,14
BRDA:27,0,1,1
BRDA:46,1,0,16
BRDA:46,1,1,1
BRDA:71,2,0,3
BRDA:71,2,1,1
BRDA:82,3,0,7
BRDA:82,3,1,19
BRDA:82,4,0,26
BRDA:82,4,1,22
BRDA:96,5,0,5
BRDA:96,5,1,1
BRDA:206,6,0,64
BRDA:206,6,1,64
BRDA:206,6,2,15
BRDA:214,7,0,2
BRDA:214,7,1,13
BRF:17
BRH:17
end_of_record
TN:
SF:client/src/pages/Pagenotfound.js
FN:5,(anonymous_0)
FNF:1
FNH:1
FNDA:1,(anonymous_0)
DA:5,1
DA:6,1
LF:2
LH:2
BRF:0
BRH:0
end_of_record
TN:
SF:client/src/pages/Policy.js
FN:4,(anonymous_0)
FNF:1
FNH:1
FNDA:1,(anonymous_0)
DA:4,1
DA:5,1
LF:2
LH:2
BRF:0
BRH:0
end_of_record
TN:
SF:client/src/pages/ProductDetails.js
FN:9,(anonymous_0)
FN:17,(anonymous_1)
FN:21,(anonymous_2)
FN:33,(anonymous_3)
FN:70,(anonymous_4)
FN:90,(anonymous_5)
FN:113,(anonymous_6)
FNF:7
FNH:7
FNDA:13,(anonymous_0)
FNDA:8,(anonymous_1)
FNDA:7,(anonymous_2)
FNDA:6,(anonymous_3)
FNDA:1,(anonymous_4)
FNDA:2,(anonymous_5)
FNDA:1,(anonymous_6)
DA:9,1
DA:10,13
DA:11,13
DA:12,13
DA:13,13
DA:14,13
DA:17,13
DA:18,8
DA:21,13
DA:22,7
DA:23,7
DA:26,6
DA:27,6
DA:29,1
DA:33,13
DA:34,6
DA:35,6
DA:38,4
DA:40,2
DA:43,13
DA:71,1
DA:72,1
DA:76,1
DA:91,2
DA:113,1
LF:25
LH:25
BRDA:18,0,0,7
BRDA:18,0,1,1
BRDA:86,1,0,13
BRDA:86,1,1,11
BRF:4
BRH:4
end_of_record
TN:
SF:client/src/pages/Search.js
FN:4,(anonymous_0)
FN:17,(anonymous_1)
FNF:2
FNH:2
FNDA:3,(anonymous_0)
FNDA:2,(anonymous_1)
DA:4,1
DA:5,3
DA:6,3
DA:18,2
LF:4
LH:4
BRDA:12,0,0,1
BRDA:12,0,1,2
BRF:2
BRH:2
end_of_record
TN:
SF:client/src/pages/Auth/Login.js
FN:9,(anonymous_0)
FN:20,(anonymous_1)
FN:62,(anonymous_2)
FN:73,(anonymous_3)
FN:84,(anonymous_4)
FNF:5
FNH:5
FNDA:15,(anonymous_0)
FNDA:3,(anonymous_1)
FNDA:4,(anonymous_2)
FNDA:4,(anonymous_3)
FNDA:1,(anonymous_4)
DA:9,1
DA:10,15
DA:11,15
DA:12,15
DA:15,15
DA:16,15
DA:20,15
DA:21,3
DA:22,3
DA:23,3
DA:27,2
DA:28,1
DA:36,1
DA:41,1
DA:42,1
DA:44,1
DA:47,1
DA:48,1
DA:51,15
DA:62,4
DA:73,4
DA:85,1
LF:22
LH:22
BRDA:27,0,0,1
BRDA:27,0,1,1
BRDA:27,1,0,2
BRDA:27,1,1,2
BRDA:28,2,0,1
BRDA:28,2,1,1
BRDA:42,3,0,1
BRDA:42,3,1,1
BRF:8
BRH:8
end_of_record
TN:
SF:client/src/pages/Auth/Register.js
FN:7,(anonymous_0)
FN:18,(anonymous_1)
FN:51,(anonymous_2)
FN:63,(anonymous_3)
FN:74,(anonymous_4)
FN:85,(anonymous_5)
FN:96,(anonymous_6)
FN:107,(anonymous_7)
FN:118,(anonymous_8)
FNF:9
FNH:9
FNDA:24,(anonymous_0)
FNDA:3,(anonymous_1)
FNDA:3,(anonymous_2)
FNDA:3,(anonymous_3)
FNDA:3,(anonymous_4)
FNDA:3,(anonymous_5)
FNDA:3,(anonymous_6)
FNDA:3,(anonymous_7)
FNDA:3,(anonymous_8)
DA:7,1
DA:8,24
DA:9,24
DA:10,24
DA:11,24
DA:12,24
DA:13,24
DA:14,24
DA:15,24
DA:18,24
DA:19,3
DA:20,3
DA:21,3
DA:30,2
DA:31,1
DA:32,1
DA:34,1
DA:37,1
DA:38,1
DA:42,24
DA:51,3
DA:63,3
DA:74,3
DA:85,3
DA:96,3
DA:107,3
DA:118,3
LF:27
LH:27
BRDA:30,0,0,1
BRDA:30,0,1,1
BRDA:30,1,0,2
BRDA:30,1,1,2
BRF:4
BRH:4
end_of_record
TN:
SF:client/src/pages/admin/AdminDashboard.js
FN:5,(anonymous_0)
FNF:1
FNH:1
FNDA:1,(anonymous_0)
DA:5,1
DA:6,1
DA:7,1
LF:3
LH:3
BRF:0
BRH:0
end_of_record
TN:
SF:client/src/pages/admin/AdminOrders.js
FN:11,(anonymous_0)
FN:21,(anonymous_1)
FN:30,(anonymous_2)
FN:34,(anonymous_3)
FN:52,(anonymous_4)
FN:72,(anonymous_5)
FN:75,(anonymous_6)
FN:90,(anonymous_7)
FNF:8
FNH:8
FNDA:11,(anonymous_0)
FNDA:6,(anonymous_1)
FNDA:6,(anonymous_2)
FNDA:2,(anonymous_3)
FNDA:5,(anonymous_4)
FNDA:2,(anonymous_5)
FNDA:25,(anonymous_6)
FNDA:5,(anonymous_7)
DA:9,1
DA:11,1
DA:12,11
DA:19,11
DA:20,11
DA:21,11
DA:22,6
DA:23,6
DA:24,5
DA:26,1
DA:30,11
DA:31,6
DA:34,11
DA:35,2
DA:36,2
DA:39,1
DA:41,1
DA:44,11
DA:53,5
DA:72,2
DA:76,25
DA:91,5
LF:22
LH:22
BRDA:31,0,0,5
BRDA:31,0,1,1
BRDA:84,1,0,4
BRDA:84,1,1,1
BRF:4
BRH:4
end_of_record
TN:
SF:client/src/pages/admin/CreateCategory.js
FN:8,(anonymous_0)
FN:15,(anonymous_1)
FN:34,(anonymous_2)
FN:46,(anonymous_3)
FN:51,(anonymous_4)
FN:72,(anonymous_5)
FN:112,(anonymous_6)
FN:118,(anonymous_7)
FN:128,(anonymous_8)
FN:141,(anonymous_9)
FNF:10
FNH:10
FNDA:36,(anonymous_0)
FNDA:3,(anonymous_1)
FNDA:16,(anonymous_2)
FNDA:13,(anonymous_3)
FNDA:3,(anonymous_4)
FNDA:3,(anonymous_5)
FNDA:34,(anonymous_6)
FNDA:4,(anonymous_7)
FNDA:3,(anonymous_8)
FNDA:1,(anonymous_9)
DA:8,1
DA:9,36
DA:10,35
DA:11,35
DA:12,35
DA:13,35
DA:15,35
DA:16,3
DA:17,3
DA:18,3
DA:21,2
DA:22,1
DA:23,1
DA:25,1
DA:28,1
DA:29,1
DA:34,35
DA:35,16
DA:36,16
DA:37,15
DA:38,14
DA:41,1
DA:42,1
DA:46,35
DA:47,13
DA:51,35
DA:52,3
DA:53,3
DA:54,3
DA:58,2
DA:59,1
DA:60,1
DA:61,1
DA:62,1
DA:63,1
DA:65,1
DA:68,1
DA:72,35
DA:73,3
DA:74,3
DA:77,2
DA:78,1
DA:79,1
DA:81,1
DA:84,1
DA:87,35
DA:113,34
DA:119,4
DA:120,4
DA:121,4
DA:129,3
DA:141,1
LF:52
LH:52
BRDA:21,0,0,1
BRDA:21,0,1,1
BRDA:37,1,0,14
BRDA:37,1,1,1
BRDA:58,2,0,1
BRDA:58,2,1,1
BRDA:77,3,0,1
BRDA:77,3,1,1
BRF:8
BRH:8
end_of_record
TN:
SF:client/src/pages/admin/CreateProduct.js
FN:10,(anonymous_0)
FN:22,(anonymous_1)
FN:34,(anonymous_2)
FN:39,(anonymous_3)
FN:82,(anonymous_4)
FN:86,(anonymous_5)
FN:99,(anonymous_6)
FN:122,(anonymous_7)
FN:131,(anonymous_8)
FN:142,(anonymous_9)
FN:152,(anonymous_10)
FN:162,(anonymous_11)
FNF:12
FNH:11
FNDA:19,(anonymous_0)
FNDA:8,(anonymous_1)
FNDA:8,(anonymous_2)
FNDA:3,(anonymous_3)
FNDA:0,(anonymous_4)
FNDA:6,(anonymous_5)
FNDA:2,(anonymous_6)
FNDA:1,(anonymous_7)
FNDA:1,(anonymous_8)
FNDA:1,(anonymous_9)
FNDA:1,(anonymous_10)
FNDA:1,(anonymous_11)
DA:8,1
DA:10,1
DA:11,19
DA:12,19
DA:13,18
DA:14,18
DA:15,18
DA:16,18
DA:17,18
DA:18,18
DA:19,18
DA:22,18
DA:23,8
DA:24,8
DA:25,7
DA:26,6
DA:29,1
DA:30,1
DA:34,18
DA:35,8
DA:39,18
DA:40,3
DA:41,3
DA:42,3
DA:43,3
DA:44,3
DA:45,3
DA:46,3
DA:47,3
DA:48,3
DA:49,3
DA:50,3
DA:54,2
DA:55,1
DA:56,1
DA:58,1
DA:61,1
DA:62,1
DA:66,18
DA:83,0
DA:87,6
DA:99,2
DA:122,1
DA:131,1
DA:142,1
DA:152,1
DA:163,1
LF:47
LH:46
BRDA:25,0,0,6
BRDA:25,0,1,1
BRDA:54,1,0,1
BRDA:54,1,1,1
BRDA:94,2,0,3
BRDA:94,2,1,15
BRDA:105,3,0,18
BRDA:105,3,1,3
BRF:8
BRH:8
end_of_record
TN:
SF:client/src/pages/admin/Products.js
FN:7,(anonymous_0)
FN:11,(anonymous_1)
FN:22,(anonymous_2)
FN:34,(anonymous_3)
FNF:4
FNH:4
FNDA:3,(anonymous_0)
FNDA:2,(anonymous_1)
FNDA:2,(anonymous_2)
FNDA:2,(anonymous_3)
DA:7,1
DA:8,3
DA:11,3
DA:12,2
DA:13,2
DA:14,1
DA:16,1
DA:17,1
DA:22,3
DA:23,2
DA:25,3
DA:35,2
LF:12
LH:12
BRF:0
BRH:0
end_of_record
TN:
SF:client/src/pages/admin/UpdateProduct.js
FN:10,(anonymous_0)
FN:24,(anonymous_1)
FN:42,(anonymous_2)
FN:47,(anonymous_3)
FN:59,(anonymous_4)
FN:64,(anonymous_5)
FN:92,(anonymous_6)
FN:122,(anonymous_7)
FN:127,(anonymous_8)
FN:140,(anonymous_9)
FN:172,(anonymous_10)
FN:181,(anonymous_11)
FN:191,(anonymous_12)
FN:200,(anonymous_13)
FN:210,(anonymous_14)
FNF:15
FNH:15
FNDA:29,(anonymous_0)
FNDA:13,(anonymous_1)
FNDA:13,(anonymous_2)
FNDA:13,(anonymous_3)
FNDA:13,(anonymous_4)
FNDA:4,(anonymous_5)
FNDA:3,(anonymous_6)
FNDA:1,(anonymous_7)
FNDA:12,(anonymous_8)
FNDA:2,(anonymous_9)
FNDA:1,(anonymous_10)
FNDA:1,(anonymous_11)
FNDA:1,(anonymous_12)
FNDA:1,(anonymous_13)
FNDA:1,(anonymous_14)
DA:8,1
DA:10,1
DA:11,29
DA:12,29
DA:13,29
DA:14,29
DA:15,29
DA:16,29
DA:17,29
DA:18,29
DA:19,29
DA:20,29
DA:21,29
DA:24,29
DA:25,13
DA:26,13
DA:29,12
DA:30,12
DA:31,12
DA:32,12
DA:33,12
DA:34,12
DA:35,12
DA:36,12
DA:37,12
DA:39,1
DA:42,29
DA:43,13
DA:47,29
DA:48,13
DA:49,13
DA:50,12
DA:51,11
DA:54,1
DA:55,1
DA:59,29
DA:60,13
DA:64,29
DA:65,4
DA:66,4
DA:67,4
DA:68,4
DA:69,4
DA:70,4
DA:71,4
DA:72,4
DA:73,4
DA:74,4
DA:75,4
DA:79,3
DA:80,2
DA:81,2
DA:83,1
DA:86,1
DA:87,1
DA:92,29
DA:93,3
DA:94,3
DA:95,3
DA:96,2
DA:99,1
DA:100,1
DA:102,1
DA:103,1
DA:106,29
DA:123,1
DA:128,12
DA:140,2
DA:172,1
DA:181,1
DA:191,1
DA:200,1
DA:211,1
LF:73
LH:73
BRDA:50,0,0,11
BRDA:50,0,1,1
BRDA:72,1,0,4
BRDA:72,1,1,1
BRDA:79,2,0,2
BRDA:79,2,1,1
BRDA:95,3,0,1
BRDA:95,3,1,2
BRDA:135,4,0,4
BRDA:135,4,1,25
BRDA:135,5,0,29
BRDA:135,5,1,4
BRDA:146,6,0,4
BRDA:146,6,1,25
BRDA:146,7,0,29
BRDA:146,7,1,4
BRF:16
BRH:16
end_of_record
TN:
SF:client/src/pages/admin/Users.js
FN:5,(anonymous_0)
FNF:1
FNH:1
FNDA:1,(anonymous_0)
DA:5,1
DA:6,1
LF:2
LH:2
BRF:0
BRH:0
end_of_record
TN:
SF:client/src/pages/user/Dashboard.js
FN:5,(anonymous_0)
FNF:1
FNH:1
FNDA:1,(anonymous_0)
DA:5,1
DA:6,1
DA:7,1
LF:3
LH:3
BRF:0
BRH:0
end_of_record
TN:
SF:client/src/pages/user/Orders.js
FN:8,(anonymous_0)
FN:11,(anonymous_1)
FN:20,(anonymous_2)
FN:32,(anonymous_3)
FN:58,(anonymous_4)
FNF:5
FNH:5
FNDA:6,(anonymous_0)
FNDA:3,(anonymous_1)
FNDA:4,(anonymous_2)
FNDA:2,(anonymous_3)
FNDA:1,(anonymous_4)
DA:8,1
DA:9,6
DA:10,6
DA:11,6
DA:12,3
DA:13,3
DA:14,2
DA:16,1
DA:20,6
DA:21,4
DA:23,6
DA:33,2
DA:59,1
LF:13
LH:13
BRDA:21,0,0,3
BRDA:21,0,1,1
BRDA:52,1,0,1
BRDA:52,1,1,1
BRF:4
BRH:4
end_of_record
TN:
SF:client/src/pages/user/Profile.js
FN:7,(anonymous_0)
FN:18,(anonymous_1)
FN:29,(anonymous_2)
FN:69,(anonymous_3)
FN:80,(anonymous_4)
FN:91,(anonymous_5)
FN:101,(anonymous_6)
FN:111,(anonymous_7)
FNF:8
FNH:8
FNDA:20,(anonymous_0)
FNDA:8,(anonymous_1)
FNDA:3,(anonymous_2)
FNDA:2,(anonymous_3)
FNDA:1,(anonymous_4)
FNDA:1,(anonymous_5)
FNDA:1,(anonymous_6)
FNDA:1,(anonymous_7)
DA:7,1
DA:9,20
DA:11,20
DA:12,20
DA:13,20
DA:14,20
DA:15,20
DA:18,20
DA:19,8
DA:20,7
DA:21,7
DA:22,7
DA:23,7
DA:24,7
DA:29,20
DA:30,3
DA:31,3
DA:32,3
DA:39,2
DA:40,1
DA:42,1
DA:43,1
DA:44,1
DA:45,1
DA:46,1
DA:47,1
DA:50,1
DA:51,1
DA:54,20
DA:69,2
DA:80,1
DA:91,1
DA:101,1
DA:111,1
LF:34
LH:34
BRDA:19,0,0,7
BRDA:19,0,1,1
BRDA:21,1,0,7
BRDA:21,1,1,1
BRDA:22,2,0,7
BRDA:22,2,1,1
BRDA:23,3,0,7
BRDA:23,3,1,1
BRDA:24,4,0,7
BRDA:24,4,1,1
BRDA:39,5,0,1
BRDA:39,5,1,1
BRF:12
BRH:12
end_of_record
